{"/home/travis/build/npmtest/node-npmtest-pm2-web/test.js":{"path":"/home/travis/build/npmtest/node-npmtest-pm2-web/test.js","s":{"1":2,"2":2,"3":2,"4":2,"5":2,"6":2,"7":2,"8":1,"9":2,"10":2,"11":1,"12":1,"13":1,"14":1,"15":2,"16":2,"17":2,"18":2,"19":1,"20":1,"21":2,"22":2,"23":2,"24":1,"25":1,"26":1,"27":1,"28":1,"29":1,"30":1,"31":1,"32":1,"33":1,"34":1,"35":1,"36":1,"37":1,"38":1,"39":2,"40":2,"41":1,"42":2,"43":2,"44":1,"45":2,"46":2,"47":1,"48":2,"49":2,"50":1,"51":1,"52":1,"53":1,"54":1},"b":{"1":[2,1,1,1],"2":[1,1,1,1],"3":[1,1],"4":[1,1],"5":[1,1],"6":[1,1],"7":[1,1],"8":[1,1],"9":[1,1],"10":[1,1,1],"11":[1,1],"12":[1,1],"13":[1,1],"14":[1,1],"15":[1,1],"16":[1,1],"17":[1,1]},"f":{"1":2,"2":2,"3":2,"4":2,"5":2,"6":1,"7":1,"8":1,"9":2,"10":2,"11":2,"12":2,"13":1},"fnMap":{"1":{"name":"(anonymous_1)","line":12,"loc":{"start":{"line":12,"column":1},"end":{"line":12,"column":13}}},"2":{"name":"(anonymous_2)","line":19,"loc":{"start":{"line":19,"column":5},"end":{"line":19,"column":17}}},"3":{"name":"(anonymous_3)","line":23,"loc":{"start":{"line":23,"column":24},"end":{"line":23,"column":36}}},"4":{"name":"(anonymous_4)","line":61,"loc":{"start":{"line":61,"column":5},"end":{"line":61,"column":17}}},"5":{"name":"(anonymous_5)","line":82,"loc":{"start":{"line":82,"column":5},"end":{"line":82,"column":17}}},"6":{"name":"(anonymous_6)","line":91,"loc":{"start":{"line":91,"column":77},"end":{"line":94,"column":10}}},"7":{"name":"(anonymous_7)","line":112,"loc":{"start":{"line":112,"column":83},"end":{"line":115,"column":10}},"skip":true},"8":{"name":"(anonymous_8)","line":123,"loc":{"start":{"line":123,"column":77},"end":{"line":126,"column":10}},"skip":true},"9":{"name":"(anonymous_9)","line":139,"loc":{"start":{"line":139,"column":12},"end":{"line":139,"column":40}},"skip":true},"10":{"name":"(anonymous_10)","line":147,"loc":{"start":{"line":147,"column":77},"end":{"line":150,"column":10}},"skip":true},"11":{"name":"(anonymous_11)","line":158,"loc":{"start":{"line":158,"column":83},"end":{"line":161,"column":10}},"skip":true},"12":{"name":"(anonymous_12)","line":169,"loc":{"start":{"line":169,"column":79},"end":{"line":172,"column":10}},"skip":true},"13":{"name":"(anonymous_13)","line":180,"loc":{"start":{"line":180,"column":75},"end":{"line":183,"column":10}},"skip":true}},"statementMap":{"1":{"start":{"line":12,"column":0},"end":{"line":195,"column":5}},"2":{"start":{"line":14,"column":4},"end":{"line":14,"column":14}},"3":{"start":{"line":19,"column":4},"end":{"line":56,"column":9}},"4":{"start":{"line":21,"column":8},"end":{"line":21,"column":19}},"5":{"start":{"line":23,"column":8},"end":{"line":35,"column":13}},"6":{"start":{"line":24,"column":12},"end":{"line":34,"column":13}},"7":{"start":{"line":25,"column":16},"end":{"line":28,"column":30}},"8":{"start":{"line":30,"column":16},"end":{"line":33,"column":27}},"9":{"start":{"line":37,"column":8},"end":{"line":39,"column":21}},"10":{"start":{"line":40,"column":8},"end":{"line":53,"column":9}},"11":{"start":{"line":43,"column":12},"end":{"line":46,"column":14}},"12":{"start":{"line":47,"column":12},"end":{"line":47,"column":18}},"13":{"start":{"line":50,"column":12},"end":{"line":51,"column":33}},"14":{"start":{"line":52,"column":12},"end":{"line":52,"column":18}},"15":{"start":{"line":55,"column":8},"end":{"line":55,"column":35}},"16":{"start":{"line":61,"column":4},"end":{"line":63,"column":9}},"17":{"start":{"line":62,"column":8},"end":{"line":62,"column":15}},"18":{"start":{"line":64,"column":4},"end":{"line":77,"column":5}},"19":{"start":{"line":70,"column":8},"end":{"line":70,"column":14}},"20":{"start":{"line":76,"column":8},"end":{"line":76,"column":14}},"21":{"start":{"line":82,"column":4},"end":{"line":84,"column":9}},"22":{"start":{"line":83,"column":8},"end":{"line":83,"column":15}},"23":{"start":{"line":85,"column":4},"end":{"line":194,"column":5}},"24":{"start":{"line":91,"column":8},"end":{"line":99,"column":10}},"25":{"start":{"line":98,"column":12},"end":{"line":98,"column":35}},"26":{"start":{"line":102,"column":8},"end":{"line":104,"column":63}},"27":{"start":{"line":105,"column":8},"end":{"line":105,"column":14}},"28":{"start":{"line":112,"column":8},"end":{"line":121,"column":10},"skip":true},"29":{"start":{"line":119,"column":12},"end":{"line":119,"column":55},"skip":true},"30":{"start":{"line":120,"column":12},"end":{"line":120,"column":48},"skip":true},"31":{"start":{"line":123,"column":8},"end":{"line":136,"column":10},"skip":true},"32":{"start":{"line":130,"column":12},"end":{"line":130,"column":76},"skip":true},"33":{"start":{"line":131,"column":12},"end":{"line":131,"column":73},"skip":true},"34":{"start":{"line":132,"column":12},"end":{"line":132,"column":74},"skip":true},"35":{"start":{"line":133,"column":12},"end":{"line":133,"column":79},"skip":true},"36":{"start":{"line":134,"column":12},"end":{"line":134,"column":25},"skip":true},"37":{"start":{"line":135,"column":12},"end":{"line":135,"column":45},"skip":true},"38":{"start":{"line":138,"column":8},"end":{"line":145,"column":14},"skip":true},"39":{"start":{"line":143,"column":16},"end":{"line":143,"column":29},"skip":true},"40":{"start":{"line":144,"column":16},"end":{"line":144,"column":55},"skip":true},"41":{"start":{"line":147,"column":8},"end":{"line":156,"column":10},"skip":true},"42":{"start":{"line":154,"column":12},"end":{"line":154,"column":25},"skip":true},"43":{"start":{"line":155,"column":12},"end":{"line":155,"column":45},"skip":true},"44":{"start":{"line":158,"column":8},"end":{"line":167,"column":10},"skip":true},"45":{"start":{"line":165,"column":12},"end":{"line":165,"column":25},"skip":true},"46":{"start":{"line":166,"column":12},"end":{"line":166,"column":48},"skip":true},"47":{"start":{"line":169,"column":8},"end":{"line":178,"column":10},"skip":true},"48":{"start":{"line":176,"column":12},"end":{"line":176,"column":25},"skip":true},"49":{"start":{"line":177,"column":12},"end":{"line":177,"column":46},"skip":true},"50":{"start":{"line":180,"column":8},"end":{"line":189,"column":10},"skip":true},"51":{"start":{"line":187,"column":12},"end":{"line":187,"column":94},"skip":true},"52":{"start":{"line":188,"column":12},"end":{"line":188,"column":48},"skip":true},"53":{"start":{"line":192,"column":8},"end":{"line":192,"column":35},"skip":true},"54":{"start":{"line":193,"column":8},"end":{"line":193,"column":14},"skip":true}},"branchMap":{"1":{"line":25,"type":"binary-expr","locations":[{"start":{"line":25,"column":23},"end":{"line":25,"column":62}},{"start":{"line":26,"column":20},"end":{"line":26,"column":70}},{"start":{"line":27,"column":20},"end":{"line":27,"column":71}},{"start":{"line":28,"column":20},"end":{"line":28,"column":29}}]},"2":{"line":30,"type":"binary-expr","locations":[{"start":{"line":30,"column":23},"end":{"line":30,"column":37}},{"start":{"line":31,"column":20},"end":{"line":31,"column":61}},{"start":{"line":32,"column":20},"end":{"line":32,"column":70}},{"start":{"line":33,"column":20},"end":{"line":33,"column":26}}]},"3":{"line":37,"type":"cond-expr","locations":[{"start":{"line":38,"column":14},"end":{"line":38,"column":20}},{"start":{"line":39,"column":14},"end":{"line":39,"column":20}}]},"4":{"line":40,"type":"switch","locations":[{"start":{"line":42,"column":8},"end":{"line":47,"column":18}},{"start":{"line":49,"column":8},"end":{"line":52,"column":18}}]},"5":{"line":44,"type":"binary-expr","locations":[{"start":{"line":44,"column":16},"end":{"line":44,"column":44}},{"start":{"line":44,"column":48},"end":{"line":44,"column":66}}]},"6":{"line":50,"type":"binary-expr","locations":[{"start":{"line":50,"column":21},"end":{"line":50,"column":49}},{"start":{"line":50,"column":53},"end":{"line":50,"column":72}}]},"7":{"line":64,"type":"switch","locations":[{"start":{"line":69,"column":4},"end":{"line":70,"column":14}},{"start":{"line":75,"column":4},"end":{"line":76,"column":14}}]},"8":{"line":85,"type":"switch","locations":[{"start":{"line":90,"column":4},"end":{"line":105,"column":14}},{"start":{"line":111,"column":4},"end":{"line":193,"column":14},"skip":true}]},"9":{"line":91,"type":"binary-expr","locations":[{"start":{"line":91,"column":42},"end":{"line":91,"column":73}},{"start":{"line":91,"column":77},"end":{"line":99,"column":9}}]},"10":{"line":102,"type":"binary-expr","locations":[{"start":{"line":102,"column":18},"end":{"line":102,"column":32}},{"start":{"line":103,"column":12},"end":{"line":103,"column":53}},{"start":{"line":104,"column":12},"end":{"line":104,"column":61}}]},"11":{"line":112,"type":"binary-expr","locations":[{"start":{"line":112,"column":45},"end":{"line":112,"column":79},"skip":true},{"start":{"line":112,"column":83},"end":{"line":121,"column":9},"skip":true}]},"12":{"line":123,"type":"binary-expr","locations":[{"start":{"line":123,"column":42},"end":{"line":123,"column":73},"skip":true},{"start":{"line":123,"column":77},"end":{"line":136,"column":9},"skip":true}]},"13":{"line":138,"type":"binary-expr","locations":[{"start":{"line":138,"column":48},"end":{"line":138,"column":85},"skip":true},{"start":{"line":139,"column":12},"end":{"line":145,"column":13},"skip":true}]},"14":{"line":147,"type":"binary-expr","locations":[{"start":{"line":147,"column":42},"end":{"line":147,"column":73},"skip":true},{"start":{"line":147,"column":77},"end":{"line":156,"column":9},"skip":true}]},"15":{"line":158,"type":"binary-expr","locations":[{"start":{"line":158,"column":45},"end":{"line":158,"column":79},"skip":true},{"start":{"line":158,"column":83},"end":{"line":167,"column":9},"skip":true}]},"16":{"line":169,"type":"binary-expr","locations":[{"start":{"line":169,"column":43},"end":{"line":169,"column":75},"skip":true},{"start":{"line":169,"column":79},"end":{"line":178,"column":9},"skip":true}]},"17":{"line":180,"type":"binary-expr","locations":[{"start":{"line":180,"column":41},"end":{"line":180,"column":71},"skip":true},{"start":{"line":180,"column":75},"end":{"line":189,"column":9},"skip":true}]}},"code":["/* istanbul instrument in package npmtest_pm2_web */","/*jslint","    bitwise: true,","    browser: true,","    maxerr: 8,","    maxlen: 96,","    node: true,","    nomen: true,","    regexp: true,","    stupid: true","*/","(function () {","    'use strict';","    var local;","","","","    // run shared js-env code - init-before","    (function () {","        // init local","        local = {};","        // init modeJs","        local.modeJs = (function () {","            try {","                return typeof navigator.userAgent === 'string' &&","                    typeof document.querySelector('body') === 'object' &&","                    typeof XMLHttpRequest.prototype.open === 'function' &&","                    'browser';","            } catch (errorCaughtBrowser) {","                return module.exports &&","                    typeof process.versions.node === 'string' &&","                    typeof require('http').createServer === 'function' &&","                    'node';","            }","        }());","        // init global","        local.global = local.modeJs === 'browser'","            ? window","            : global;","        switch (local.modeJs) {","        // re-init local from window.local","        case 'browser':","            local = local.global.utility2.objectSetDefault(","                local.global.utility2_rollup || local.global.local,","                local.global.utility2","            );","            break;","        // re-init local from example.js","        case 'node':","            local = (local.global.utility2_rollup || require('utility2'))","                .requireReadme();","            break;","        }","        // export local","        local.global.local = local;","    }());","","","","    // run shared js-env code - function","    (function () {","        return;","    }());","    switch (local.modeJs) {","","","","    // run browser js-env code - function","    case 'browser':","        break;","","","","    // run node js-env code - function","    case 'node':","        break;","    }","","","","    // run shared js-env code - init-after","    (function () {","        return;","    }());","    switch (local.modeJs) {","","","","    // run browser js-env code - init-after","    case 'browser':","        local.testCase_browser_nullCase = local.testCase_browser_nullCase || function (","            options,","            onError","        ) {","        /*","         * this function will test browsers's null-case handling-behavior-behavior","         */","            onError(null, options);","        };","","        // run tests","        local.nop(local.modeTest &&","            document.querySelector('#testRunButton1') &&","            document.querySelector('#testRunButton1').click());","        break;","","","","    // run node js-env code - init-after","    /* istanbul ignore next */","    case 'node':","        local.testCase_buildApidoc_default = local.testCase_buildApidoc_default || function (","            options,","            onError","        ) {","        /*","         * this function will test buildApidoc's default handling-behavior-behavior","         */","            options = { modulePathList: module.paths };","            local.buildApidoc(options, onError);","        };","","        local.testCase_buildApp_default = local.testCase_buildApp_default || function (","            options,","            onError","        ) {","        /*","         * this function will test buildApp's default handling-behavior-behavior","         */","            local.testCase_buildReadme_default(options, local.onErrorThrow);","            local.testCase_buildLib_default(options, local.onErrorThrow);","            local.testCase_buildTest_default(options, local.onErrorThrow);","            local.testCase_buildCustomOrg_default(options, local.onErrorThrow);","            options = [];","            local.buildApp(options, onError);","        };","","        local.testCase_buildCustomOrg_default = local.testCase_buildCustomOrg_default ||","            function (options, onError) {","            /*","             * this function will test buildCustomOrg's default handling-behavior","             */","                options = {};","                local.buildCustomOrg(options, onError);","            };","","        local.testCase_buildLib_default = local.testCase_buildLib_default || function (","            options,","            onError","        ) {","        /*","         * this function will test buildLib's default handling-behavior","         */","            options = {};","            local.buildLib(options, onError);","        };","","        local.testCase_buildReadme_default = local.testCase_buildReadme_default || function (","            options,","            onError","        ) {","        /*","         * this function will test buildReadme's default handling-behavior-behavior","         */","            options = {};","            local.buildReadme(options, onError);","        };","","        local.testCase_buildTest_default = local.testCase_buildTest_default || function (","            options,","            onError","        ) {","        /*","         * this function will test buildTest's default handling-behavior","         */","            options = {};","            local.buildTest(options, onError);","        };","","        local.testCase_webpage_default = local.testCase_webpage_default || function (","            options,","            onError","        ) {","        /*","         * this function will test webpage's default handling-behavior","         */","            options = { modeCoverageMerge: true, url: local.serverLocalHost + '?modeTest=1' };","            local.browserTest(options, onError);","        };","","        // run test-server","        local.testRunServer(local);","        break;","    }","}());",""],"l":{"12":2,"14":2,"19":2,"21":2,"23":2,"24":2,"25":2,"30":1,"37":2,"40":2,"43":1,"47":1,"50":1,"52":1,"55":2,"61":2,"62":2,"64":2,"70":1,"76":1,"82":2,"83":2,"85":2,"91":1,"98":1,"102":1,"105":1,"112":1,"119":1,"120":1,"123":1,"130":1,"131":1,"132":1,"133":1,"134":1,"135":1,"138":1,"143":2,"144":2,"147":1,"154":2,"155":2,"158":1,"165":2,"166":2,"169":1,"176":2,"177":2,"180":1,"187":1,"188":1,"192":1,"193":1}},"/home/travis/build/npmtest/node-npmtest-pm2-web/lib.npmtest_pm2_web.js":{"path":"/home/travis/build/npmtest/node-npmtest-pm2-web/lib.npmtest_pm2_web.js","s":{"1":2,"2":2,"3":2,"4":2,"5":2,"6":2,"7":2,"8":1,"9":2,"10":2,"11":2,"12":2,"13":1,"14":1,"15":1,"16":1},"b":{"1":[2,1,1,1],"2":[1,1,1,1],"3":[1,1],"4":[2,2],"5":[1,1]},"f":{"1":2,"2":2,"3":2},"fnMap":{"1":{"name":"(anonymous_1)","line":12,"loc":{"start":{"line":12,"column":1},"end":{"line":12,"column":13}}},"2":{"name":"(anonymous_2)","line":19,"loc":{"start":{"line":19,"column":5},"end":{"line":19,"column":17}}},"3":{"name":"(anonymous_3)","line":23,"loc":{"start":{"line":23,"column":24},"end":{"line":23,"column":36}}}},"statementMap":{"1":{"start":{"line":12,"column":0},"end":{"line":53,"column":5}},"2":{"start":{"line":14,"column":4},"end":{"line":14,"column":14}},"3":{"start":{"line":19,"column":4},"end":{"line":52,"column":9}},"4":{"start":{"line":21,"column":8},"end":{"line":21,"column":19}},"5":{"start":{"line":23,"column":8},"end":{"line":35,"column":13}},"6":{"start":{"line":24,"column":12},"end":{"line":34,"column":13}},"7":{"start":{"line":25,"column":16},"end":{"line":28,"column":30}},"8":{"start":{"line":30,"column":16},"end":{"line":33,"column":27}},"9":{"start":{"line":37,"column":8},"end":{"line":39,"column":21}},"10":{"start":{"line":41,"column":8},"end":{"line":41,"column":54}},"11":{"start":{"line":43,"column":8},"end":{"line":43,"column":52}},"12":{"start":{"line":45,"column":8},"end":{"line":51,"column":9}},"13":{"start":{"line":46,"column":12},"end":{"line":46,"column":58}},"14":{"start":{"line":48,"column":12},"end":{"line":48,"column":35}},"15":{"start":{"line":49,"column":12},"end":{"line":49,"column":49}},"16":{"start":{"line":50,"column":12},"end":{"line":50,"column":43}}},"branchMap":{"1":{"line":25,"type":"binary-expr","locations":[{"start":{"line":25,"column":23},"end":{"line":25,"column":62}},{"start":{"line":26,"column":20},"end":{"line":26,"column":70}},{"start":{"line":27,"column":20},"end":{"line":27,"column":71}},{"start":{"line":28,"column":20},"end":{"line":28,"column":29}}]},"2":{"line":30,"type":"binary-expr","locations":[{"start":{"line":30,"column":23},"end":{"line":30,"column":37}},{"start":{"line":31,"column":20},"end":{"line":31,"column":61}},{"start":{"line":32,"column":20},"end":{"line":32,"column":70}},{"start":{"line":33,"column":20},"end":{"line":33,"column":26}}]},"3":{"line":37,"type":"cond-expr","locations":[{"start":{"line":38,"column":14},"end":{"line":38,"column":20}},{"start":{"line":39,"column":14},"end":{"line":39,"column":20}}]},"4":{"line":41,"type":"binary-expr","locations":[{"start":{"line":41,"column":16},"end":{"line":41,"column":44}},{"start":{"line":41,"column":48},"end":{"line":41,"column":53}}]},"5":{"line":45,"type":"if","locations":[{"start":{"line":45,"column":8},"end":{"line":45,"column":8}},{"start":{"line":45,"column":8},"end":{"line":45,"column":8}}]}},"code":["/* istanbul instrument in package npmtest_pm2_web */","/*jslint","    bitwise: true,","    browser: true,","    maxerr: 8,","    maxlen: 96,","    node: true,","    nomen: true,","    regexp: true,","    stupid: true","*/","(function () {","    'use strict';","    var local;","","","","    // run shared js-env code - init-before","    (function () {","        // init local","        local = {};","        // init modeJs","        local.modeJs = (function () {","            try {","                return typeof navigator.userAgent === 'string' &&","                    typeof document.querySelector('body') === 'object' &&","                    typeof XMLHttpRequest.prototype.open === 'function' &&","                    'browser';","            } catch (errorCaughtBrowser) {","                return module.exports &&","                    typeof process.versions.node === 'string' &&","                    typeof require('http').createServer === 'function' &&","                    'node';","            }","        }());","        // init global","        local.global = local.modeJs === 'browser'","            ? window","            : global;","        // init utility2_rollup","        local = local.global.utility2_rollup || local;","        // init lib","        local.local = local.npmtest_pm2_web = local;","        // init exports","        if (local.modeJs === 'browser') {","            local.global.utility2_npmtest_pm2_web = local;","        } else {","            module.exports = local;","            module.exports.__dirname = __dirname;","            module.exports.module = module;","        }","    }());","}());",""],"l":{"12":2,"14":2,"19":2,"21":2,"23":2,"24":2,"25":2,"30":1,"37":2,"41":2,"43":2,"45":2,"46":1,"48":1,"49":1,"50":1}},"/home/travis/build/npmtest/node-npmtest-pm2-web/example.js":{"path":"/home/travis/build/npmtest/node-npmtest-pm2-web/example.js","s":{"1":2,"2":2,"3":2,"4":2,"5":2,"6":2,"7":2,"8":1,"9":2,"10":2,"11":2,"12":2,"13":1,"14":2,"15":2,"16":2,"17":2,"18":2,"19":0,"20":2,"21":1,"22":1,"23":1,"24":1,"25":1,"26":0,"27":0,"28":1,"29":1,"30":2,"31":0,"32":0,"33":0,"34":1,"35":2,"36":2,"37":3,"38":3,"39":3,"40":3,"41":0,"42":3,"43":3,"44":3,"45":1,"46":3,"47":1,"48":1,"49":1,"50":1,"51":1,"52":1,"53":1,"54":1,"55":1,"56":1,"57":0,"58":1,"59":6,"60":6,"61":1,"62":2,"63":0,"64":2,"65":1,"66":1,"67":0,"68":0,"69":0,"70":0,"71":0,"72":0,"73":0,"74":0,"75":0,"76":0,"77":0,"78":0,"79":0,"80":0,"81":0,"82":0,"83":0},"b":{"1":[2,1,1,1],"2":[1,1,1,1],"3":[1,1],"4":[2,2],"5":[1,1],"6":[1,1],"7":[2,0],"8":[2,1,1,1,1,1],"9":[0,2,0],"10":[1,1],"11":[2,1,1],"12":[1,0],"13":[0,2],"14":[2,0,0,0,0,0,0],"15":[0,3],"16":[3,0],"17":[1,1],"18":[0,1],"19":[1,2,0,2],"20":[1,0],"21":[1,1],"22":[0,0],"23":[0,0],"24":[0,0],"25":[0,0],"26":[0,0],"27":[0,0],"28":[0,0]},"f":{"1":2,"2":2,"3":2,"4":2,"5":2,"6":2,"7":3,"8":3,"9":3,"10":1,"11":6,"12":0},"fnMap":{"1":{"name":"(anonymous_1)","line":26,"loc":{"start":{"line":26,"column":1},"end":{"line":26,"column":13}}},"2":{"name":"(anonymous_2)","line":33,"loc":{"start":{"line":33,"column":5},"end":{"line":33,"column":17}}},"3":{"name":"(anonymous_3)","line":37,"loc":{"start":{"line":37,"column":24},"end":{"line":37,"column":36}}},"4":{"name":"(anonymous_4)","line":69,"loc":{"start":{"line":69,"column":31},"end":{"line":69,"column":48}},"skip":true},"5":{"name":"(anonymous_5)","line":78,"loc":{"start":{"line":78,"column":26},"end":{"line":78,"column":45}},"skip":true},"6":{"name":"(anonymous_6)","line":123,"loc":{"start":{"line":123,"column":33},"end":{"line":123,"column":48}},"skip":true},"7":{"name":"(anonymous_7)","line":125,"loc":{"start":{"line":125,"column":27},"end":{"line":125,"column":39}},"skip":true},"8":{"name":"(anonymous_8)","line":133,"loc":{"start":{"line":133,"column":59},"end":{"line":133,"column":74}},"skip":true},"9":{"name":"(anonymous_9)","line":143,"loc":{"start":{"line":143,"column":45},"end":{"line":143,"column":62}},"skip":true},"10":{"name":"(anonymous_10)","line":144,"loc":{"start":{"line":144,"column":73},"end":{"line":144,"column":92}},"skip":true},"11":{"name":"(anonymous_11)","line":272,"loc":{"start":{"line":272,"column":51},"end":{"line":272,"column":77}},"skip":true},"12":{"name":"(anonymous_12)","line":315,"loc":{"start":{"line":315,"column":32},"end":{"line":315,"column":61}},"skip":true}},"statementMap":{"1":{"start":{"line":26,"column":0},"end":{"line":326,"column":5}},"2":{"start":{"line":28,"column":4},"end":{"line":28,"column":14}},"3":{"start":{"line":33,"column":4},"end":{"line":60,"column":9}},"4":{"start":{"line":35,"column":8},"end":{"line":35,"column":19}},"5":{"start":{"line":37,"column":8},"end":{"line":49,"column":13}},"6":{"start":{"line":38,"column":12},"end":{"line":48,"column":13}},"7":{"start":{"line":39,"column":16},"end":{"line":42,"column":30}},"8":{"start":{"line":44,"column":16},"end":{"line":47,"column":27}},"9":{"start":{"line":51,"column":8},"end":{"line":53,"column":21}},"10":{"start":{"line":55,"column":8},"end":{"line":57,"column":45}},"11":{"start":{"line":59,"column":8},"end":{"line":59,"column":35}},"12":{"start":{"line":61,"column":4},"end":{"line":325,"column":5}},"13":{"start":{"line":69,"column":8},"end":{"line":121,"column":10},"skip":true},"14":{"start":{"line":70,"column":12},"end":{"line":88,"column":13},"skip":true},"15":{"start":{"line":76,"column":16},"end":{"line":87,"column":19},"skip":true},"16":{"start":{"line":79,"column":20},"end":{"line":86,"column":21},"skip":true},"17":{"start":{"line":82,"column":24},"end":{"line":82,"column":43},"skip":true},"18":{"start":{"line":83,"column":24},"end":{"line":83,"column":30},"skip":true},"19":{"start":{"line":85,"column":24},"end":{"line":85,"column":49},"skip":true},"20":{"start":{"line":89,"column":12},"end":{"line":107,"column":13},"skip":true},"21":{"start":{"line":92,"column":16},"end":{"line":102,"column":17},"skip":true},"22":{"start":{"line":93,"column":20},"end":{"line":93,"column":86},"skip":true},"23":{"start":{"line":94,"column":20},"end":{"line":95,"column":45},"skip":true},"24":{"start":{"line":96,"column":20},"end":{"line":96,"column":42},"skip":true},"25":{"start":{"line":97,"column":20},"end":{"line":97,"column":48},"skip":true},"26":{"start":{"line":100,"column":20},"end":{"line":100,"column":85},"skip":true},"27":{"start":{"line":101,"column":20},"end":{"line":101,"column":96},"skip":true},"28":{"start":{"line":103,"column":16},"end":{"line":103,"column":22},"skip":true},"29":{"start":{"line":106,"column":16},"end":{"line":106,"column":22},"skip":true},"30":{"start":{"line":108,"column":12},"end":{"line":120,"column":13},"skip":true},"31":{"start":{"line":114,"column":16},"end":{"line":119,"column":17},"skip":true},"32":{"start":{"line":116,"column":20},"end":{"line":116,"column":78},"skip":true},"33":{"start":{"line":118,"column":20},"end":{"line":118,"column":47},"skip":true},"34":{"start":{"line":123,"column":8},"end":{"line":141,"column":11},"skip":true},"35":{"start":{"line":124,"column":12},"end":{"line":124,"column":54},"skip":true},"36":{"start":{"line":125,"column":12},"end":{"line":140,"column":14},"skip":true},"37":{"start":{"line":126,"column":16},"end":{"line":126,"column":28},"skip":true},"38":{"start":{"line":127,"column":16},"end":{"line":127,"column":69},"skip":true},"39":{"start":{"line":128,"column":16},"end":{"line":128,"column":75},"skip":true},"40":{"start":{"line":129,"column":16},"end":{"line":131,"column":17},"skip":true},"41":{"start":{"line":130,"column":20},"end":{"line":130,"column":27},"skip":true},"42":{"start":{"line":133,"column":16},"end":{"line":137,"column":36},"skip":true},"43":{"start":{"line":134,"column":20},"end":{"line":136,"column":55},"skip":true},"44":{"start":{"line":139,"column":16},"end":{"line":139,"column":57},"skip":true},"45":{"start":{"line":143,"column":8},"end":{"line":147,"column":11},"skip":true},"46":{"start":{"line":144,"column":12},"end":{"line":146,"column":15},"skip":true},"47":{"start":{"line":145,"column":16},"end":{"line":145,"column":70},"skip":true},"48":{"start":{"line":149,"column":8},"end":{"line":149,"column":31},"skip":true},"49":{"start":{"line":150,"column":8},"end":{"line":150,"column":14},"skip":true},"50":{"start":{"line":158,"column":8},"end":{"line":158,"column":31},"skip":true},"51":{"start":{"line":160,"column":8},"end":{"line":160,"column":33},"skip":true},"52":{"start":{"line":161,"column":8},"end":{"line":161,"column":37},"skip":true},"53":{"start":{"line":162,"column":8},"end":{"line":162,"column":35},"skip":true},"54":{"start":{"line":164,"column":8},"end":{"line":164,"column":50},"skip":true},"55":{"start":{"line":166,"column":8},"end":{"line":256,"column":2},"skip":true},"56":{"start":{"line":258,"column":8},"end":{"line":286,"column":9},"skip":true},"57":{"start":{"line":259,"column":12},"end":{"line":269,"column":14},"skip":true},"58":{"start":{"line":271,"column":12},"end":{"line":285,"column":19},"skip":true},"59":{"start":{"line":274,"column":20},"end":{"line":274,"column":35},"skip":true},"60":{"start":{"line":275,"column":20},"end":{"line":284,"column":21},"skip":true},"61":{"start":{"line":277,"column":24},"end":{"line":277,"column":64},"skip":true},"62":{"start":{"line":279,"column":24},"end":{"line":279,"column":40},"skip":true},"63":{"start":{"line":281,"column":24},"end":{"line":281,"column":40},"skip":true},"64":{"start":{"line":283,"column":24},"end":{"line":283,"column":39},"skip":true},"65":{"start":{"line":288,"column":8},"end":{"line":290,"column":9},"skip":true},"66":{"start":{"line":289,"column":12},"end":{"line":289,"column":18},"skip":true},"67":{"start":{"line":291,"column":8},"end":{"line":293,"column":54},"skip":true},"68":{"start":{"line":296,"column":8},"end":{"line":301,"column":37},"skip":true},"69":{"start":{"line":303,"column":8},"end":{"line":303,"column":82},"skip":true},"70":{"start":{"line":306,"column":8},"end":{"line":308,"column":9},"skip":true},"71":{"start":{"line":307,"column":12},"end":{"line":307,"column":82},"skip":true},"72":{"start":{"line":310,"column":8},"end":{"line":312,"column":9},"skip":true},"73":{"start":{"line":311,"column":12},"end":{"line":311,"column":18},"skip":true},"74":{"start":{"line":313,"column":8},"end":{"line":313,"column":54},"skip":true},"75":{"start":{"line":314,"column":8},"end":{"line":314,"column":69},"skip":true},"76":{"start":{"line":315,"column":8},"end":{"line":323,"column":36},"skip":true},"77":{"start":{"line":316,"column":12},"end":{"line":316,"column":61},"skip":true},"78":{"start":{"line":317,"column":12},"end":{"line":320,"column":13},"skip":true},"79":{"start":{"line":318,"column":16},"end":{"line":318,"column":75},"skip":true},"80":{"start":{"line":319,"column":16},"end":{"line":319,"column":23},"skip":true},"81":{"start":{"line":321,"column":12},"end":{"line":321,"column":38},"skip":true},"82":{"start":{"line":322,"column":12},"end":{"line":322,"column":27},"skip":true},"83":{"start":{"line":324,"column":8},"end":{"line":324,"column":14},"skip":true}},"branchMap":{"1":{"line":39,"type":"binary-expr","locations":[{"start":{"line":39,"column":23},"end":{"line":39,"column":62}},{"start":{"line":40,"column":20},"end":{"line":40,"column":70}},{"start":{"line":41,"column":20},"end":{"line":41,"column":71}},{"start":{"line":42,"column":20},"end":{"line":42,"column":29}}]},"2":{"line":44,"type":"binary-expr","locations":[{"start":{"line":44,"column":23},"end":{"line":44,"column":37}},{"start":{"line":45,"column":20},"end":{"line":45,"column":61}},{"start":{"line":46,"column":20},"end":{"line":46,"column":70}},{"start":{"line":47,"column":20},"end":{"line":47,"column":26}}]},"3":{"line":51,"type":"cond-expr","locations":[{"start":{"line":52,"column":14},"end":{"line":52,"column":20}},{"start":{"line":53,"column":14},"end":{"line":53,"column":20}}]},"4":{"line":55,"type":"binary-expr","locations":[{"start":{"line":55,"column":16},"end":{"line":55,"column":44}},{"start":{"line":55,"column":49},"end":{"line":57,"column":43}}]},"5":{"line":55,"type":"cond-expr","locations":[{"start":{"line":56,"column":14},"end":{"line":56,"column":51}},{"start":{"line":57,"column":14},"end":{"line":57,"column":43}}]},"6":{"line":61,"type":"switch","locations":[{"start":{"line":68,"column":4},"end":{"line":150,"column":14},"skip":true},{"start":{"line":156,"column":4},"end":{"line":324,"column":14},"skip":true}]},"7":{"line":70,"type":"if","locations":[{"start":{"line":70,"column":12},"end":{"line":70,"column":12},"skip":true},{"start":{"line":70,"column":12},"end":{"line":70,"column":12},"skip":true}]},"8":{"line":70,"type":"binary-expr","locations":[{"start":{"line":70,"column":16},"end":{"line":70,"column":22},"skip":true},{"start":{"line":70,"column":27},"end":{"line":70,"column":32},"skip":true},{"start":{"line":71,"column":20},"end":{"line":71,"column":39},"skip":true},{"start":{"line":72,"column":20},"end":{"line":72,"column":49},"skip":true},{"start":{"line":73,"column":20},"end":{"line":73,"column":58},"skip":true},{"start":{"line":74,"column":20},"end":{"line":74,"column":69},"skip":true}]},"9":{"line":79,"type":"switch","locations":[{"start":{"line":80,"column":20},"end":{"line":80,"column":33},"skip":true},{"start":{"line":81,"column":20},"end":{"line":83,"column":30},"skip":true},{"start":{"line":84,"column":20},"end":{"line":85,"column":49},"skip":true}]},"10":{"line":89,"type":"switch","locations":[{"start":{"line":90,"column":12},"end":{"line":103,"column":22},"skip":true},{"start":{"line":105,"column":12},"end":{"line":106,"column":22},"skip":true}]},"11":{"line":89,"type":"binary-expr","locations":[{"start":{"line":89,"column":20},"end":{"line":89,"column":25},"skip":true},{"start":{"line":89,"column":29},"end":{"line":89,"column":48},"skip":true},{"start":{"line":89,"column":52},"end":{"line":89,"column":74},"skip":true}]},"12":{"line":92,"type":"if","locations":[{"start":{"line":92,"column":16},"end":{"line":92,"column":16},"skip":true},{"start":{"line":92,"column":16},"end":{"line":92,"column":16},"skip":true}]},"13":{"line":108,"type":"if","locations":[{"start":{"line":108,"column":12},"end":{"line":108,"column":12},"skip":true},{"start":{"line":108,"column":12},"end":{"line":108,"column":12},"skip":true}]},"14":{"line":108,"type":"binary-expr","locations":[{"start":{"line":108,"column":16},"end":{"line":108,"column":61},"skip":true},{"start":{"line":108,"column":66},"end":{"line":108,"column":72},"skip":true},{"start":{"line":108,"column":77},"end":{"line":108,"column":82},"skip":true},{"start":{"line":109,"column":20},"end":{"line":109,"column":39},"skip":true},{"start":{"line":110,"column":20},"end":{"line":110,"column":49},"skip":true},{"start":{"line":111,"column":20},"end":{"line":111,"column":58},"skip":true},{"start":{"line":112,"column":20},"end":{"line":112,"column":68},"skip":true}]},"15":{"line":129,"type":"if","locations":[{"start":{"line":129,"column":16},"end":{"line":129,"column":16},"skip":true},{"start":{"line":129,"column":16},"end":{"line":129,"column":16},"skip":true}]},"16":{"line":134,"type":"cond-expr","locations":[{"start":{"line":135,"column":26},"end":{"line":135,"column":29},"skip":true},{"start":{"line":136,"column":26},"end":{"line":136,"column":54},"skip":true}]},"17":{"line":164,"type":"binary-expr","locations":[{"start":{"line":164,"column":27},"end":{"line":164,"column":43},"skip":true},{"start":{"line":164,"column":47},"end":{"line":164,"column":49},"skip":true}]},"18":{"line":258,"type":"if","locations":[{"start":{"line":258,"column":8},"end":{"line":258,"column":8},"skip":true},{"start":{"line":258,"column":8},"end":{"line":258,"column":8},"skip":true}]},"19":{"line":275,"type":"switch","locations":[{"start":{"line":276,"column":20},"end":{"line":277,"column":64},"skip":true},{"start":{"line":278,"column":20},"end":{"line":279,"column":40},"skip":true},{"start":{"line":280,"column":20},"end":{"line":281,"column":40},"skip":true},{"start":{"line":282,"column":20},"end":{"line":283,"column":39},"skip":true}]},"20":{"line":288,"type":"if","locations":[{"start":{"line":288,"column":8},"end":{"line":288,"column":8},"skip":true},{"start":{"line":288,"column":8},"end":{"line":288,"column":8},"skip":true}]},"21":{"line":288,"type":"binary-expr","locations":[{"start":{"line":288,"column":12},"end":{"line":288,"column":40},"skip":true},{"start":{"line":288,"column":44},"end":{"line":288,"column":67},"skip":true}]},"22":{"line":292,"type":"binary-expr","locations":[{"start":{"line":292,"column":12},"end":{"line":292,"column":50},"skip":true},{"start":{"line":293,"column":12},"end":{"line":293,"column":53},"skip":true}]},"23":{"line":297,"type":"binary-expr","locations":[{"start":{"line":297,"column":12},"end":{"line":297,"column":65},"skip":true},{"start":{"line":298,"column":12},"end":{"line":301,"column":36},"skip":true}]},"24":{"line":303,"type":"binary-expr","locations":[{"start":{"line":303,"column":43},"end":{"line":303,"column":75},"skip":true},{"start":{"line":303,"column":79},"end":{"line":303,"column":81},"skip":true}]},"25":{"line":306,"type":"if","locations":[{"start":{"line":306,"column":8},"end":{"line":306,"column":8},"skip":true},{"start":{"line":306,"column":8},"end":{"line":306,"column":8},"skip":true}]},"26":{"line":310,"type":"if","locations":[{"start":{"line":310,"column":8},"end":{"line":310,"column":8},"skip":true},{"start":{"line":310,"column":8},"end":{"line":310,"column":8},"skip":true}]},"27":{"line":313,"type":"binary-expr","locations":[{"start":{"line":313,"column":27},"end":{"line":313,"column":43},"skip":true},{"start":{"line":313,"column":47},"end":{"line":313,"column":53},"skip":true}]},"28":{"line":317,"type":"if","locations":[{"start":{"line":317,"column":12},"end":{"line":317,"column":12},"skip":true},{"start":{"line":317,"column":12},"end":{"line":317,"column":12},"skip":true}]}},"code":["/*","example.js","","quickstart example","","instruction","    1. save this script as example.js","    2. run the shell command:","        $ npm install npmtest-pm2-web && PORT=8081 node example.js","    3. play with the browser-demo on http://127.0.0.1:8081","*/","","","","/* istanbul instrument in package npmtest_pm2_web */","/*jslint","    bitwise: true,","    browser: true,","    maxerr: 8,","    maxlen: 96,","    node: true,","    nomen: true,","    regexp: true,","    stupid: true","*/","(function () {","    'use strict';","    var local;","","","","    // run shared js-env code - init-before","    (function () {","        // init local","        local = {};","        // init modeJs","        local.modeJs = (function () {","            try {","                return typeof navigator.userAgent === 'string' &&","                    typeof document.querySelector('body') === 'object' &&","                    typeof XMLHttpRequest.prototype.open === 'function' &&","                    'browser';","            } catch (errorCaughtBrowser) {","                return module.exports &&","                    typeof process.versions.node === 'string' &&","                    typeof require('http').createServer === 'function' &&","                    'node';","            }","        }());","        // init global","        local.global = local.modeJs === 'browser'","            ? window","            : global;","        // init utility2_rollup","        local = local.global.utility2_rollup || (local.modeJs === 'browser'","            ? local.global.utility2_npmtest_pm2_web","            : global.utility2_moduleExports);","        // export local","        local.global.local = local;","    }());","    switch (local.modeJs) {","","","","    // init-after","    // run browser js-env code - init-after","    /* istanbul ignore next */","    case 'browser':","        local.testRunBrowser = function (event) {","            if (!event || (event &&","                    event.currentTarget &&","                    event.currentTarget.className &&","                    event.currentTarget.className.includes &&","                    event.currentTarget.className.includes('onreset'))) {","                // reset output","                Array.from(","                    document.querySelectorAll('body > .resettable')","                ).forEach(function (element) {","                    switch (element.tagName) {","                    case 'INPUT':","                    case 'TEXTAREA':","                        element.value = '';","                        break;","                    default:","                        element.textContent = '';","                    }","                });","            }","            switch (event && event.currentTarget && event.currentTarget.id) {","            case 'testRunButton1':","                // show tests","                if (document.querySelector('#testReportDiv1').style.display === 'none') {","                    document.querySelector('#testReportDiv1').style.display = 'block';","                    document.querySelector('#testRunButton1').textContent =","                        'hide internal test';","                    local.modeTest = true;","                    local.testRunDefault(local);","                // hide tests","                } else {","                    document.querySelector('#testReportDiv1').style.display = 'none';","                    document.querySelector('#testRunButton1').textContent = 'run internal test';","                }","                break;","            // custom-case","            default:","                break;","            }","            if (document.querySelector('#inputTextareaEval1') && (!event || (event &&","                    event.currentTarget &&","                    event.currentTarget.className &&","                    event.currentTarget.className.includes &&","                    event.currentTarget.className.includes('oneval')))) {","                // try to eval input-code","                try {","                    /*jslint evil: true*/","                    eval(document.querySelector('#inputTextareaEval1').value);","                } catch (errorCaught) {","                    console.error(errorCaught);","                }","            }","        };","        // log stderr and stdout to #outputTextareaStdout1","        ['error', 'log'].forEach(function (key) {","            console[key + '_original'] = console[key];","            console[key] = function () {","                var element;","                console[key + '_original'].apply(console, arguments);","                element = document.querySelector('#outputTextareaStdout1');","                if (!element) {","                    return;","                }","                // append text to #outputTextareaStdout1","                element.value += Array.from(arguments).map(function (arg) {","                    return typeof arg === 'string'","                        ? arg","                        : JSON.stringify(arg, null, 4);","                }).join(' ') + '\\n';","                // scroll textarea to bottom","                element.scrollTop = element.scrollHeight;","            };","        });","        // init event-handling","        ['change', 'click', 'keyup'].forEach(function (event) {","            Array.from(document.querySelectorAll('.on' + event)).forEach(function (element) {","                element.addEventListener(event, local.testRunBrowser);","            });","        });","        // run tests","        local.testRunBrowser();","        break;","","","","    // run node js-env code - init-after","    /* istanbul ignore next */","    case 'node':","        // export local","        module.exports = local;","        // require modules","        local.fs = require('fs');","        local.http = require('http');","        local.url = require('url');","        // init assets","        local.assetsDict = local.assetsDict || {};","        /* jslint-ignore-begin */","        local.assetsDict['/assets.index.template.html'] = '\\","<!doctype html>\\n\\","<html lang=\"en\">\\n\\","<head>\\n\\","<meta charset=\"UTF-8\">\\n\\","<meta name=\"viewport\" content=\"width=device-width, initial-scale=1\">\\n\\","<title>{{env.npm_package_name}} (v{{env.npm_package_version}})</title>\\n\\","<style>\\n\\","/*csslint\\n\\","    box-sizing: false,\\n\\","    universal-selector: false\\n\\","*/\\n\\","* {\\n\\","    box-sizing: border-box;\\n\\","}\\n\\","body {\\n\\","    background: #dde;\\n\\","    font-family: Arial, Helvetica, sans-serif;\\n\\","    margin: 2rem;\\n\\","}\\n\\","body > * {\\n\\","    margin-bottom: 1rem;\\n\\","}\\n\\",".utility2FooterDiv {\\n\\","    margin-top: 20px;\\n\\","    text-align: center;\\n\\","}\\n\\","</style>\\n\\","<style>\\n\\","/*csslint\\n\\","*/\\n\\","textarea {\\n\\","    font-family: monospace;\\n\\","    height: 10rem;\\n\\","    width: 100%;\\n\\","}\\n\\","textarea[readonly] {\\n\\","    background: #ddd;\\n\\","}\\n\\","</style>\\n\\","</head>\\n\\","<body>\\n\\","<!-- utility2-comment\\n\\","<div id=\"ajaxProgressDiv1\" style=\"background: #d00; height: 2px; left: 0; margin: 0; padding: 0; position: fixed; top: 0; transition: background 0.5s, width 1.5s; width: 25%;\"></div>\\n\\","utility2-comment -->\\n\\","<h1>\\n\\","<!-- utility2-comment\\n\\","    <a\\n\\","        {{#if env.npm_package_homepage}}\\n\\","        href=\"{{env.npm_package_homepage}}\"\\n\\","        {{/if env.npm_package_homepage}}\\n\\","        target=\"_blank\"\\n\\","    >\\n\\","utility2-comment -->\\n\\","        {{env.npm_package_name}} (v{{env.npm_package_version}})\\n\\","<!-- utility2-comment\\n\\","    </a>\\n\\","utility2-comment -->\\n\\","</h1>\\n\\","<h3>{{env.npm_package_description}}</h3>\\n\\","<!-- utility2-comment\\n\\","<h4><a download href=\"assets.app.js\">download standalone app</a></h4>\\n\\","<button class=\"onclick onreset\" id=\"testRunButton1\">run internal test</button><br>\\n\\","<div id=\"testReportDiv1\" style=\"display: none;\"></div>\\n\\","utility2-comment -->\\n\\","\\n\\","\\n\\","\\n\\","<label>stderr and stdout</label>\\n\\","<textarea class=\"resettable\" id=\"outputTextareaStdout1\" readonly></textarea>\\n\\","<!-- utility2-comment\\n\\","{{#if isRollup}}\\n\\","<script src=\"assets.app.js\"></script>\\n\\","{{#unless isRollup}}\\n\\","utility2-comment -->\\n\\","<script src=\"assets.utility2.rollup.js\"></script>\\n\\","<script src=\"jsonp.utility2._stateInit?callback=window.utility2._stateInit\"></script>\\n\\","<script src=\"assets.npmtest_pm2_web.rollup.js\"></script>\\n\\","<script src=\"assets.example.js\"></script>\\n\\","<script src=\"assets.test.js\"></script>\\n\\","<!-- utility2-comment\\n\\","{{/if isRollup}}\\n\\","utility2-comment -->\\n\\","<div class=\"utility2FooterDiv\">\\n\\","    [ this app was created with\\n\\","    <a href=\"https://github.com/kaizhu256/node-utility2\" target=\"_blank\">utility2</a>\\n\\","    ]\\n\\","</div>\\n\\","</body>\\n\\","</html>\\n\\","';","        /* jslint-ignore-end */","        if (local.templateRender) {","            local.assetsDict['/'] = local.templateRender(","                local.assetsDict['/assets.index.template.html'],","                {","                    env: local.objectSetDefault(local.env, {","                        npm_package_description: 'the greatest app in the world!',","                        npm_package_name: 'my-app',","                        npm_package_nameAlias: 'my_app',","                        npm_package_version: '0.0.1'","                    })","                }","            );","        } else {","            local.assetsDict['/'] = local.assetsDict['/assets.index.template.html']","                .replace((/\\{\\{env\\.(\\w+?)\\}\\}/g), function (match0, match1) {","                    // jslint-hack","                    String(match0);","                    switch (match1) {","                    case 'npm_package_description':","                        return 'the greatest app in the world!';","                    case 'npm_package_name':","                        return 'my-app';","                    case 'npm_package_nameAlias':","                        return 'my_app';","                    case 'npm_package_version':","                        return '0.0.1';","                    }","                });","        }","        // run the cli","        if (local.global.utility2_rollup || module !== require.main) {","            break;","        }","        local.assetsDict['/assets.example.js'] =","            local.assetsDict['/assets.example.js'] ||","            local.fs.readFileSync(__filename, 'utf8');","        // bug-workaround - long $npm_package_buildCustomOrg","        /* jslint-ignore-begin */","        local.assetsDict['/assets.npmtest_pm2_web.rollup.js'] =","            local.assetsDict['/assets.npmtest_pm2_web.rollup.js'] ||","            local.fs.readFileSync(","                local.npmtest_pm2_web.__dirname + '/lib.npmtest_pm2_web.js',","                'utf8'","            ).replace((/^#!/), '//');","        /* jslint-ignore-end */","        local.assetsDict['/favicon.ico'] = local.assetsDict['/favicon.ico'] || '';","        // if $npm_config_timeout_exit exists,","        // then exit this process after $npm_config_timeout_exit ms","        if (Number(process.env.npm_config_timeout_exit)) {","            setTimeout(process.exit, Number(process.env.npm_config_timeout_exit));","        }","        // start server","        if (local.global.utility2_serverHttp1) {","            break;","        }","        process.env.PORT = process.env.PORT || '8081';","        console.error('server starting on port ' + process.env.PORT);","        local.http.createServer(function (request, response) {","            request.urlParsed = local.url.parse(request.url);","            if (local.assetsDict[request.urlParsed.pathname] !== undefined) {","                response.end(local.assetsDict[request.urlParsed.pathname]);","                return;","            }","            response.statusCode = 404;","            response.end();","        }).listen(process.env.PORT);","        break;","    }","}());",""],"l":{"26":2,"28":2,"33":2,"35":2,"37":2,"38":2,"39":2,"44":1,"51":2,"55":2,"59":2,"61":2,"69":1,"70":2,"76":2,"79":2,"82":2,"83":2,"85":1,"89":2,"92":1,"93":1,"94":1,"96":1,"97":1,"100":1,"101":1,"103":1,"106":1,"108":2,"114":1,"116":1,"118":1,"123":1,"124":2,"125":2,"126":3,"127":3,"128":3,"129":3,"130":1,"133":3,"134":3,"139":3,"143":1,"144":3,"145":1,"149":1,"150":1,"158":1,"160":1,"161":1,"162":1,"164":1,"166":1,"258":1,"259":1,"271":1,"274":6,"275":6,"277":1,"279":2,"281":1,"283":2,"288":1,"289":1,"291":1,"296":1,"303":1,"306":1,"307":1,"310":1,"311":1,"313":1,"314":1,"315":1,"316":1,"317":1,"318":1,"319":1,"321":1,"322":1,"324":1}},"/home/travis/build/npmtest/node-npmtest-pm2-web/node_modules/pm2-web/pm2-web.js":{"path":"/home/travis/build/npmtest/node-npmtest-pm2-web/node_modules/pm2-web/pm2-web.js","s":{"1":1,"2":1,"3":1},"b":{},"f":{},"fnMap":{},"statementMap":{"1":{"start":{"line":2,"column":0},"end":{"line":2,"column":48}},"2":{"start":{"line":4,"column":0},"end":{"line":4,"column":28}},"3":{"start":{"line":5,"column":0},"end":{"line":5,"column":15}}},"branchMap":{},"code":["","var PM2Web = require(__dirname + \"/server/app\");","","var pm2web = new PM2Web({});","pm2web.start();",""],"l":{"2":1,"4":1,"5":1}},"/home/travis/build/npmtest/node-npmtest-pm2-web/node_modules/pm2-web/server/app.js":{"path":"/home/travis/build/npmtest/node-npmtest-pm2-web/node_modules/pm2-web/server/app.js","s":{"1":1,"2":1,"3":1,"4":1,"5":1,"6":1,"7":1,"8":1,"9":1,"10":1,"11":1,"12":1,"13":1,"14":1,"15":1,"16":1,"17":1,"18":1,"19":1,"20":0,"21":0,"22":1,"23":1,"24":0,"25":0,"26":1,"27":1,"28":1,"29":2,"30":2,"31":1,"32":1,"33":1,"34":0,"35":0,"36":0,"37":0,"38":0,"39":0,"40":0,"41":0,"42":0,"43":0,"44":0,"45":0,"46":1,"47":1,"48":1,"49":1,"50":1,"51":0,"52":1,"53":1,"54":1,"55":1,"56":1,"57":1,"58":1,"59":0,"60":1,"61":1,"62":1,"63":1,"64":1,"65":1,"66":1,"67":1,"68":1,"69":1,"70":1,"71":1,"72":1,"73":0,"74":1,"75":1,"76":1,"77":1,"78":1,"79":1,"80":1,"81":1,"82":0,"83":0,"84":0,"85":0,"86":0,"87":0,"88":1,"89":0,"90":0,"91":0,"92":0,"93":0,"94":0,"95":0,"96":0,"97":0,"98":0,"99":0,"100":0,"101":0,"102":0,"103":0,"104":0,"105":1},"b":{"1":[1,0],"2":[0,0],"3":[0,0],"4":[0,0],"5":[0,1],"6":[0,0],"7":[0,0],"8":[0,1],"9":[0,1],"10":[0,1],"11":[0,1],"12":[0,0],"13":[0,0]},"f":{"1":1,"2":0,"3":0,"4":2,"5":1,"6":0,"7":0,"8":0,"9":1,"10":1,"11":0,"12":1,"13":1,"14":1,"15":0,"16":0,"17":0},"fnMap":{"1":{"name":"(anonymous_1)","line":15,"loc":{"start":{"line":15,"column":9},"end":{"line":15,"column":27}}},"2":{"name":"(anonymous_2)","line":62,"loc":{"start":{"line":62,"column":33},"end":{"line":62,"column":54}}},"3":{"name":"(anonymous_3)","line":72,"loc":{"start":{"line":72,"column":23},"end":{"line":72,"column":41}}},"4":{"name":"(anonymous_4)","line":83,"loc":{"start":{"line":83,"column":26},"end":{"line":83,"column":69}}},"5":{"name":"(anonymous_5)","line":89,"loc":{"start":{"line":89,"column":33},"end":{"line":89,"column":51}}},"6":{"name":"(anonymous_6)","line":102,"loc":{"start":{"line":102,"column":23},"end":{"line":102,"column":50}}},"7":{"name":"(anonymous_7)","line":105,"loc":{"start":{"line":105,"column":20},"end":{"line":105,"column":31}}},"8":{"name":"(anonymous_8)","line":107,"loc":{"start":{"line":107,"column":56},"end":{"line":107,"column":67}}},"9":{"name":"(anonymous_9)","line":123,"loc":{"start":{"line":123,"column":34},"end":{"line":123,"column":45}}},"10":{"name":"(anonymous_10)","line":159,"loc":{"start":{"line":159,"column":30},"end":{"line":159,"column":48}}},"11":{"name":"(anonymous_11)","line":163,"loc":{"start":{"line":163,"column":30},"end":{"line":163,"column":41}}},"12":{"name":"(anonymous_12)","line":167,"loc":{"start":{"line":167,"column":25},"end":{"line":167,"column":36}}},"13":{"name":"(anonymous_13)","line":170,"loc":{"start":{"line":170,"column":18},"end":{"line":170,"column":29}}},"14":{"name":"(anonymous_14)","line":171,"loc":{"start":{"line":171,"column":76},"end":{"line":171,"column":87}}},"15":{"name":"(anonymous_15)","line":197,"loc":{"start":{"line":197,"column":24},"end":{"line":197,"column":35}}},"16":{"name":"(anonymous_16)","line":202,"loc":{"start":{"line":202,"column":20},"end":{"line":202,"column":31}}},"17":{"name":"(anonymous_17)","line":219,"loc":{"start":{"line":219,"column":29},"end":{"line":219,"column":40}}}},"statementMap":{"1":{"start":{"line":1,"column":0},"end":{"line":2,"column":41}},"2":{"start":{"line":3,"column":1},"end":{"line":11,"column":45}},"3":{"start":{"line":13,"column":0},"end":{"line":13,"column":36}},"4":{"start":{"line":15,"column":0},"end":{"line":80,"column":2}},"5":{"start":{"line":16,"column":1},"end":{"line":16,"column":25}},"6":{"start":{"line":19,"column":1},"end":{"line":19,"column":35}},"7":{"start":{"line":22,"column":1},"end":{"line":29,"column":4}},"8":{"start":{"line":32,"column":1},"end":{"line":32,"column":25}},"9":{"start":{"line":33,"column":1},"end":{"line":33,"column":51}},"10":{"start":{"line":36,"column":1},"end":{"line":36,"column":104}},"11":{"start":{"line":39,"column":1},"end":{"line":39,"column":90}},"12":{"start":{"line":42,"column":1},"end":{"line":42,"column":75}},"13":{"start":{"line":43,"column":1},"end":{"line":43,"column":98}},"14":{"start":{"line":46,"column":1},"end":{"line":46,"column":39}},"15":{"start":{"line":49,"column":1},"end":{"line":49,"column":50}},"16":{"start":{"line":52,"column":1},"end":{"line":52,"column":112}},"17":{"start":{"line":53,"column":2},"end":{"line":56,"column":4}},"18":{"start":{"line":59,"column":1},"end":{"line":59,"column":98}},"19":{"start":{"line":62,"column":1},"end":{"line":66,"column":15}},"20":{"start":{"line":63,"column":2},"end":{"line":63,"column":145}},"21":{"start":{"line":65,"column":2},"end":{"line":65,"column":18}},"22":{"start":{"line":69,"column":1},"end":{"line":69,"column":44}},"23":{"start":{"line":72,"column":1},"end":{"line":76,"column":4}},"24":{"start":{"line":73,"column":2},"end":{"line":75,"column":3}},"25":{"start":{"line":74,"column":3},"end":{"line":74,"column":15}},"26":{"start":{"line":79,"column":1},"end":{"line":79,"column":42}},"27":{"start":{"line":81,"column":0},"end":{"line":81,"column":36}},"28":{"start":{"line":83,"column":0},"end":{"line":87,"column":2}},"29":{"start":{"line":84,"column":1},"end":{"line":84,"column":50}},"30":{"start":{"line":86,"column":1},"end":{"line":86,"column":57}},"31":{"start":{"line":89,"column":0},"end":{"line":121,"column":1}},"32":{"start":{"line":90,"column":1},"end":{"line":90,"column":45}},"33":{"start":{"line":92,"column":1},"end":{"line":118,"column":2}},"34":{"start":{"line":93,"column":2},"end":{"line":111,"column":3}},"35":{"start":{"line":95,"column":3},"end":{"line":95,"column":54}},"36":{"start":{"line":97,"column":3},"end":{"line":99,"column":4}},"37":{"start":{"line":98,"column":4},"end":{"line":98,"column":49}},"38":{"start":{"line":101,"column":3},"end":{"line":101,"column":31}},"39":{"start":{"line":102,"column":3},"end":{"line":104,"column":6}},"40":{"start":{"line":103,"column":4},"end":{"line":103,"column":46}},"41":{"start":{"line":105,"column":3},"end":{"line":110,"column":17}},"42":{"start":{"line":106,"column":4},"end":{"line":106,"column":58}},"43":{"start":{"line":107,"column":4},"end":{"line":109,"column":18}},"44":{"start":{"line":108,"column":5},"end":{"line":108,"column":140}},"45":{"start":{"line":113,"column":2},"end":{"line":117,"column":20}},"46":{"start":{"line":120,"column":1},"end":{"line":120,"column":35}},"47":{"start":{"line":123,"column":0},"end":{"line":157,"column":1}},"48":{"start":{"line":124,"column":1},"end":{"line":124,"column":45}},"49":{"start":{"line":125,"column":1},"end":{"line":125,"column":35}},"50":{"start":{"line":127,"column":1},"end":{"line":129,"column":2}},"51":{"start":{"line":128,"column":2},"end":{"line":128,"column":36}},"52":{"start":{"line":131,"column":1},"end":{"line":131,"column":25}},"53":{"start":{"line":132,"column":1},"end":{"line":132,"column":27}},"54":{"start":{"line":133,"column":1},"end":{"line":133,"column":36}},"55":{"start":{"line":134,"column":1},"end":{"line":134,"column":44}},"56":{"start":{"line":137,"column":1},"end":{"line":137,"column":52}},"57":{"start":{"line":138,"column":1},"end":{"line":138,"column":63}},"58":{"start":{"line":140,"column":1},"end":{"line":142,"column":2}},"59":{"start":{"line":141,"column":2},"end":{"line":141,"column":119}},"60":{"start":{"line":144,"column":1},"end":{"line":144,"column":36}},"61":{"start":{"line":145,"column":1},"end":{"line":145,"column":34}},"62":{"start":{"line":146,"column":1},"end":{"line":146,"column":28}},"63":{"start":{"line":147,"column":1},"end":{"line":147,"column":46}},"64":{"start":{"line":148,"column":1},"end":{"line":148,"column":55}},"65":{"start":{"line":149,"column":1},"end":{"line":149,"column":50}},"66":{"start":{"line":150,"column":1},"end":{"line":150,"column":29}},"67":{"start":{"line":151,"column":1},"end":{"line":151,"column":52}},"68":{"start":{"line":154,"column":1},"end":{"line":154,"column":37}},"69":{"start":{"line":156,"column":1},"end":{"line":156,"column":16}},"70":{"start":{"line":159,"column":0},"end":{"line":161,"column":2}},"71":{"start":{"line":160,"column":1},"end":{"line":160,"column":25}},"72":{"start":{"line":163,"column":0},"end":{"line":165,"column":2}},"73":{"start":{"line":164,"column":1},"end":{"line":164,"column":22}},"74":{"start":{"line":167,"column":0},"end":{"line":195,"column":2}},"75":{"start":{"line":168,"column":1},"end":{"line":168,"column":45}},"76":{"start":{"line":170,"column":1},"end":{"line":194,"column":15}},"77":{"start":{"line":171,"column":2},"end":{"line":177,"column":16}},"78":{"start":{"line":172,"column":3},"end":{"line":172,"column":140}},"79":{"start":{"line":174,"column":3},"end":{"line":174,"column":140}},"80":{"start":{"line":176,"column":3},"end":{"line":176,"column":22}},"81":{"start":{"line":179,"column":2},"end":{"line":193,"column":3}},"82":{"start":{"line":180,"column":3},"end":{"line":192,"column":4}},"83":{"start":{"line":181,"column":4},"end":{"line":181,"column":32}},"84":{"start":{"line":183,"column":4},"end":{"line":183,"column":128}},"85":{"start":{"line":186,"column":4},"end":{"line":188,"column":7}},"86":{"start":{"line":189,"column":4},"end":{"line":189,"column":25}},"87":{"start":{"line":191,"column":4},"end":{"line":191,"column":115}},"88":{"start":{"line":197,"column":0},"end":{"line":223,"column":2}},"89":{"start":{"line":198,"column":1},"end":{"line":198,"column":45}},"90":{"start":{"line":199,"column":1},"end":{"line":199,"column":18}},"91":{"start":{"line":201,"column":1},"end":{"line":201,"column":48}},"92":{"start":{"line":202,"column":1},"end":{"line":204,"column":4}},"93":{"start":{"line":203,"column":2},"end":{"line":203,"column":46}},"94":{"start":{"line":206,"column":1},"end":{"line":206,"column":45}},"95":{"start":{"line":207,"column":1},"end":{"line":207,"column":49}},"96":{"start":{"line":209,"column":1},"end":{"line":209,"column":59}},"97":{"start":{"line":210,"column":1},"end":{"line":210,"column":45}},"98":{"start":{"line":212,"column":1},"end":{"line":215,"column":2}},"99":{"start":{"line":213,"column":2},"end":{"line":213,"column":53}},"100":{"start":{"line":214,"column":2},"end":{"line":214,"column":22}},"101":{"start":{"line":217,"column":1},"end":{"line":222,"column":2}},"102":{"start":{"line":218,"column":2},"end":{"line":218,"column":70}},"103":{"start":{"line":219,"column":2},"end":{"line":221,"column":5}},"104":{"start":{"line":220,"column":3},"end":{"line":220,"column":68}},"105":{"start":{"line":225,"column":0},"end":{"line":225,"column":24}}},"branchMap":{"1":{"line":32,"type":"binary-expr","locations":[{"start":{"line":32,"column":11},"end":{"line":32,"column":18}},{"start":{"line":32,"column":22},"end":{"line":32,"column":24}}]},"2":{"line":63,"type":"cond-expr","locations":[{"start":{"line":63,"column":99},"end":{"line":63,"column":114}},{"start":{"line":63,"column":117},"end":{"line":63,"column":143}}]},"3":{"line":63,"type":"binary-expr","locations":[{"start":{"line":63,"column":68},"end":{"line":63,"column":77}},{"start":{"line":63,"column":81},"end":{"line":63,"column":96}}]},"4":{"line":73,"type":"if","locations":[{"start":{"line":73,"column":2},"end":{"line":73,"column":2}},{"start":{"line":73,"column":2},"end":{"line":73,"column":2}}]},"5":{"line":92,"type":"if","locations":[{"start":{"line":92,"column":1},"end":{"line":92,"column":1}},{"start":{"line":92,"column":1},"end":{"line":92,"column":1}}]},"6":{"line":93,"type":"if","locations":[{"start":{"line":93,"column":2},"end":{"line":93,"column":2}},{"start":{"line":93,"column":2},"end":{"line":93,"column":2}}]},"7":{"line":97,"type":"if","locations":[{"start":{"line":97,"column":3},"end":{"line":97,"column":3}},{"start":{"line":97,"column":3},"end":{"line":97,"column":3}}]},"8":{"line":127,"type":"if","locations":[{"start":{"line":127,"column":1},"end":{"line":127,"column":1}},{"start":{"line":127,"column":1},"end":{"line":127,"column":1}}]},"9":{"line":140,"type":"if","locations":[{"start":{"line":140,"column":1},"end":{"line":140,"column":1}},{"start":{"line":140,"column":1},"end":{"line":140,"column":1}}]},"10":{"line":174,"type":"cond-expr","locations":[{"start":{"line":174,"column":61},"end":{"line":174,"column":64}},{"start":{"line":174,"column":66},"end":{"line":174,"column":68}}]},"11":{"line":179,"type":"if","locations":[{"start":{"line":179,"column":2},"end":{"line":179,"column":2}},{"start":{"line":179,"column":2},"end":{"line":179,"column":2}}]},"12":{"line":212,"type":"if","locations":[{"start":{"line":212,"column":1},"end":{"line":212,"column":1}},{"start":{"line":212,"column":1},"end":{"line":212,"column":1}}]},"13":{"line":217,"type":"if","locations":[{"start":{"line":217,"column":1},"end":{"line":217,"column":1}},{"start":{"line":217,"column":1},"end":{"line":217,"column":1}}]}},"code":["var winston = require(\"winston\"),","\tContainer = require(\"wantsit\").Container","\tExpress = require(\"express\"),","\thttp = require(\"http\"),","\thttps = require(\"https\"),","\tpath = require(\"path\"),","\tWebSocketServer = require(\"ws\").Server,","\tEventEmitter = require(\"wildemitter\"),","\tutil = require(\"util\"),","\tfs = require(\"fs\"),","\tmethodOverride = require('method-override');","","var REQUIRED_PM2_VERSION = \"0.11.0\";","","PM2Web = function(options) {","\tEventEmitter.call(this);","","\t// create container","\tthis._container = new Container();","","\t// set up logging","\tthis._container.createAndRegister(\"logger\", winston.Logger, {","\t\ttransports: [","\t\t\tnew (winston.transports.Console)({","\t\t\t\ttimestamp: true,","\t\t\t\tcolorize: true","\t\t\t})","\t\t]","\t});","","\t// non-optional options","\toptions = options || {};","\toptions.requiredPm2Version = REQUIRED_PM2_VERSION;","","\t// parse configuration","\tthis._container.createAndRegister(\"config\", require(__dirname + \"/components/Configuration\"), options);","","\t// web controllers","\tthis._container.createAndRegister(\"homeController\", require(__dirname + \"/routes/Home\"));","","\t// listens for events","\tthis._container.register(\"pm2InterfaceFactory\", require(\"pm2-interface\"));","\tthis._container.createAndRegister(\"pm2Listener\", require(__dirname + \"/components/PM2Listener\"));","","\t// create express","\tthis._express = this._createExpress();","","\t// http(s) server","\tthis._server = this._createServer(this._express);","","\t// web sockets","\tthis._container.createAndRegister(\"webSocketResponder\", require(__dirname + \"/components/WebSocketResponder\"));"," \tthis._container.createAndRegister(\"webSocketServer\", WebSocketServer, {","\t\tserver: this._server,","\t\tpath: \"/ws\"","\t});","","\t// holds host data","\tthis._container.createAndRegister(\"hostList\", require(__dirname + \"/components/ServerHostList\"));","","\t// make errors a little more descriptive","\tprocess.on(\"uncaughtException\", function (exception) {","\t\tthis._container.find(\"logger\").error(\"PM2\", \"Uncaught exception\", exception && exception.stack ? exception.stack : \"No stack trace available\");","","\t\tthrow exception;","\t}.bind(this));","","\t// make sure we shut down cleanly","\tprocess.on(\"SIGINT\", this.stop.bind(this));","","\t// make sure we shut down cleanly","\tprocess.on(\"message\", function(message) {","\t\tif (message == \"shutdown\") {","\t\t\tthis.stop();","\t\t}","\t});","","\t// make sure we shut down cleanly","\tprocess.on(\"exit\", this.stop.bind(this));","};","util.inherits(PM2Web, EventEmitter);","","PM2Web.prototype._route = function(express, controller, url, method) {","\tvar component = this._container.find(controller);","","\texpress[method](url, component[method].bind(component));","};","","PM2Web.prototype._createServer = function(express) {","\tvar config = this._container.find(\"config\");","","\tif(config.get(\"www:ssl:enabled\")) {","\t\tif(config.get(\"www:ssl:upgrade\")) {","\t\t\t// create an app that will redirect all requests to the https version","\t\t\tvar httpsUrl = \"https://\" + config.get(\"www:host\");","","\t\t\tif(config.get(\"www:ssl:port\") != 443) {","\t\t\t\thttpsUrl += \":\" + config.get(\"www:ssl:port\");","\t\t\t}","","\t\t\tvar redirectApp = Express();","\t\t\tredirectApp.get(\"*\",function(request, response){","\t\t\t\tresponse.redirect(httpsUrl + request.url);","\t\t\t});","\t\t\tprocess.nextTick(function() {","\t\t\t\tthis._redirectServer = http.createServer(redirectApp);","\t\t\t\tthis._redirectServer.listen(config.get(\"www:port\"), function() {","\t\t\t\t\tthis._container.find(\"logger\").info(\"PM2Web\", \"HTTP to HTTPS upgrade server listening on port \" + this._redirectServer.address().port);","\t\t\t\t}.bind(this));","\t\t\t}.bind(this));","\t\t}","","\t\treturn https.createServer({","\t\t\tpassphrase: config.get(\"www:ssl:passphrase\"),","\t\t\tkey: fs.readFileSync(config.get(\"www:ssl:key\")),","\t\t\tcert: fs.readFileSync(config.get(\"www:ssl:certificate\"))","\t\t}, this._express);","\t}","","\treturn http.createServer(express);","}","","PM2Web.prototype._createExpress = function() {","\tvar config = this._container.find(\"config\");","\tvar port = config.get(\"www:port\");","","\tif(config.get(\"www:ssl:enabled\")) {","\t\tport = config.get(\"www:ssl:port\");","\t}","","\tvar express = Express();","\texpress.set(\"port\", port);","\texpress.set(\"view engine\", \"jade\");","\texpress.set(\"views\", __dirname + \"/views\");","","\t// create routes","\tthis._route(express, \"homeController\", \"/\", \"get\");","\tthis._route(express, \"homeController\", \"/hosts/:host\", \"get\");","","\tif(config.get(\"www:authentication:enabled\")) {","\t\texpress.use(Express.basicAuth(config.get(\"www:authentication:username\"), config.get(\"www:authentication:password\")));","\t}","","\texpress.use(Express.logger(\"dev\"));","\texpress.use(Express.urlencoded())","\texpress.use(Express.json())","\texpress.use(methodOverride('X-HTTP-Method'));          // Microsoft","\texpress.use(methodOverride('X-HTTP-Method-Override')); // Google/GData, default option","\texpress.use(methodOverride('X-Method-Override'));      // IBM","\texpress.use(express.router);","\texpress.use(Express.static(__dirname + \"/public\"));","","\t// development only","\texpress.use(Express.errorHandler());","","\treturn express;","}","","PM2Web.prototype.setAddress = function(address) {","\tthis._address = address;","};","","PM2Web.prototype.getAddress = function() {","\treturn this._address;","};","","PM2Web.prototype.start = function() {","\tvar config = this._container.find(\"config\");","","\tprocess.nextTick(function() {","\t\tthis._server.listen(this._express.get(\"port\"), config.get(\"www:address\"), function() {","\t\t\tthis._container.find(\"logger\").info(\"Express server listening on \" + this._server.address().address + \":\" + this._server.address().port);","","\t\t\tthis.setAddress(\"http\" + (config.get(\"www:ssl:enabled\") ? \"s\": \"\") + \"://\" + config.get(\"www:host\") + \":\" + this._server.address().port);","","\t\t\tthis.emit(\"start\");","\t\t}.bind(this));","","\t\tif(config.get(\"mdns:enabled\")) {","\t\t\ttry {","\t\t\t\tvar mdns = require(\"mdns2\");","","\t\t\t\tthis._container.find(\"logger\").info(\"Starting MDNS adverisment with name\", this._container.find(\"config\").get(\"mdns:name\"));","","\t\t\t\t// publish via Bonjour","\t\t\t\tthis._advert = mdns.createAdvertisement(mdns.tcp(\"http\"), this._express.get(\"port\"), {","\t\t\t\t\tname: config.get(\"mdns:name\")","\t\t\t\t});","\t\t\t\tthis._advert.start();","\t\t\t} catch(e) {","\t\t\t\tthis._container.find(\"logger\").warn(\"Could not start mdns argument - did mdns2 install correctly?\", e.message);","\t\t\t}","\t\t}","\t}.bind(this));","};","","PM2Web.prototype.stop = function() {","\tvar logger = this._container.find(\"logger\");","\tlogger = console;","","\tlogger.info(\"PM2Web\", \"Shutting down Express\");","\tthis._server.close(function() {","\t\tlogger.info(\"PM2Web\", \"Express shut down.\");","\t});","","\tlogger.info(\"PM2Web\", \"Shutting WebSocket\");","\tthis._container.find(\"webSocketServer\").close();","","\tlogger.info(\"PM2Web\", \"Disconnecting from pm2-interface\");","\tthis._container.find(\"pm2Listener\").close();","","\tif(this._advert) {","\t\tlogger.info(\"PM2Web\", \"Shutting down MDNS Advert\");","\t\tthis._advert.stop();","\t}","","\tif(this._redirectServer) {","\t\tlogger.info(\"PM2Web\", \"Shutting down HTTP to HTTPS upgrade server\");","\t\tthis._redirectServer.close(function() {","\t\t\tlogger.info(\"PM2Web\", \"HTTP to HTTPS upgrade server shut down.\");","\t\t});","\t}","};","","module.exports = PM2Web;",""],"l":{"1":1,"3":1,"13":1,"15":1,"16":1,"19":1,"22":1,"32":1,"33":1,"36":1,"39":1,"42":1,"43":1,"46":1,"49":1,"52":1,"53":1,"59":1,"62":1,"63":0,"65":0,"69":1,"72":1,"73":0,"74":0,"79":1,"81":1,"83":1,"84":2,"86":2,"89":1,"90":1,"92":1,"93":0,"95":0,"97":0,"98":0,"101":0,"102":0,"103":0,"105":0,"106":0,"107":0,"108":0,"113":0,"120":1,"123":1,"124":1,"125":1,"127":1,"128":0,"131":1,"132":1,"133":1,"134":1,"137":1,"138":1,"140":1,"141":0,"144":1,"145":1,"146":1,"147":1,"148":1,"149":1,"150":1,"151":1,"154":1,"156":1,"159":1,"160":1,"163":1,"164":0,"167":1,"168":1,"170":1,"171":1,"172":1,"174":1,"176":1,"179":1,"180":0,"181":0,"183":0,"186":0,"189":0,"191":0,"197":1,"198":0,"199":0,"201":0,"202":0,"203":0,"206":0,"207":0,"209":0,"210":0,"212":0,"213":0,"214":0,"217":0,"218":0,"219":0,"220":0,"225":1}},"/home/travis/build/npmtest/node-npmtest-pm2-web/node_modules/pm2-web/server/components/Configuration.js":{"path":"/home/travis/build/npmtest/node-npmtest-pm2-web/node_modules/pm2-web/server/components/Configuration.js","s":{"1":1,"2":1,"3":1,"4":1,"5":1,"6":1,"7":1,"8":1,"9":1,"10":1,"11":1,"12":1,"13":1,"14":0,"15":1,"16":1,"17":1,"18":1,"19":1,"20":0,"21":1,"22":0,"23":1,"24":0,"25":1,"26":1,"27":1,"28":1,"29":1,"30":1,"31":1,"32":0,"33":1,"34":0,"35":1,"36":0,"37":1,"38":1,"39":1,"40":1,"41":0,"42":1,"43":0,"44":0,"45":0,"46":0,"47":0,"48":0,"49":0,"50":1,"51":0,"52":1,"53":1,"54":1,"55":1,"56":1,"57":1,"58":1,"59":1,"60":1,"61":1,"62":1,"63":1,"64":1,"65":0,"66":0,"67":0,"68":0,"69":0,"70":1,"71":12,"72":0,"73":12,"74":12,"75":26,"76":26,"77":0,"78":12,"79":1,"80":1,"81":0,"82":1,"83":1,"84":1,"85":1,"86":0,"87":1,"88":1,"89":1,"90":1,"91":0,"92":0,"93":0,"94":1,"95":0,"96":0,"97":0,"98":0,"99":0,"100":0,"101":0,"102":0,"103":0,"104":0,"105":0,"106":0,"107":0,"108":0,"109":0,"110":0,"111":0,"112":0,"113":0,"114":1,"115":3,"116":1,"117":1,"118":1,"119":0,"120":1,"121":0,"122":1,"123":0,"124":1},"b":{"1":[1,0],"2":[1,0],"3":[0,1],"4":[0,1],"5":[0,1],"6":[0,1],"7":[0,1],"8":[0,1],"9":[0,1],"10":[0,1],"11":[0,0],"12":[0,0],"13":[0,0],"14":[0,1],"15":[1,0],"16":[1,0],"17":[1,0],"18":[1,0],"19":[1,0],"20":[1,0],"21":[1,0],"22":[0,0],"23":[0,0],"24":[0,12],"25":[12,12],"26":[26,0],"27":[26,26],"28":[0,1],"29":[1,1],"30":[0,1],"31":[1,0],"32":[0,0],"33":[0,0],"34":[0,0],"35":[0,0],"36":[0,0],"37":[0,0],"38":[0,0],"39":[0,0],"40":[0,0],"41":[0,0],"42":[0,0],"43":[0,0],"44":[0,0],"45":[0,0],"46":[1,0],"47":[1,0,0,0,0],"48":[0,1],"49":[0,1],"50":[0,1]},"f":{"1":1,"2":0,"3":1,"4":1,"5":1,"6":0,"7":1,"8":0,"9":12,"10":26,"11":1,"12":1,"13":1,"14":0,"15":0,"16":0,"17":3,"18":1},"fnMap":{"1":{"name":"(anonymous_1)","line":11,"loc":{"start":{"line":11,"column":20},"end":{"line":11,"column":38}}},"2":{"name":"(anonymous_2)","line":28,"loc":{"start":{"line":28,"column":28},"end":{"line":28,"column":42}}},"3":{"name":"(anonymous_3)","line":42,"loc":{"start":{"line":42,"column":45},"end":{"line":42,"column":56}}},"4":{"name":"(anonymous_4)","line":61,"loc":{"start":{"line":61,"column":42},"end":{"line":61,"column":53}}},"5":{"name":"(anonymous_5)","line":80,"loc":{"start":{"line":80,"column":42},"end":{"line":80,"column":53}}},"6":{"name":"(anonymous_6)","line":97,"loc":{"start":{"line":97,"column":20},"end":{"line":97,"column":42}}},"7":{"name":"(anonymous_7)","line":120,"loc":{"start":{"line":120,"column":14},"end":{"line":120,"column":29}}},"8":{"name":"(anonymous_8)","line":141,"loc":{"start":{"line":141,"column":36},"end":{"line":141,"column":50}}},"9":{"name":"(anonymous_9)","line":153,"loc":{"start":{"line":153,"column":30},"end":{"line":153,"column":44}}},"10":{"name":"(anonymous_10)","line":160,"loc":{"start":{"line":160,"column":24},"end":{"line":160,"column":43}}},"11":{"name":"(anonymous_11)","line":171,"loc":{"start":{"line":171,"column":30},"end":{"line":171,"column":51}}},"12":{"name":"(anonymous_12)","line":179,"loc":{"start":{"line":179,"column":33},"end":{"line":179,"column":62}}},"13":{"name":"(anonymous_13)","line":188,"loc":{"start":{"line":188,"column":15},"end":{"line":188,"column":41}}},"14":{"name":"(anonymous_14)","line":201,"loc":{"start":{"line":201,"column":36},"end":{"line":201,"column":63}}},"15":{"name":"(anonymous_15)","line":221,"loc":{"start":{"line":221,"column":17},"end":{"line":221,"column":40}}},"16":{"name":"(anonymous_16)","line":231,"loc":{"start":{"line":231,"column":32},"end":{"line":231,"column":46}}},"17":{"name":"(anonymous_17)","line":241,"loc":{"start":{"line":241,"column":36},"end":{"line":241,"column":61}}},"18":{"name":"(anonymous_18)","line":242,"loc":{"start":{"line":242,"column":29},"end":{"line":242,"column":43}}}},"statementMap":{"1":{"start":{"line":1,"column":0},"end":{"line":5,"column":26}},"2":{"start":{"line":7,"column":0},"end":{"line":7,"column":59}},"3":{"start":{"line":8,"column":0},"end":{"line":8,"column":52}},"4":{"start":{"line":9,"column":0},"end":{"line":9,"column":76}},"5":{"start":{"line":11,"column":0},"end":{"line":40,"column":1}},"6":{"start":{"line":12,"column":1},"end":{"line":12,"column":25}},"7":{"start":{"line":15,"column":1},"end":{"line":15,"column":48}},"8":{"start":{"line":18,"column":1},"end":{"line":18,"column":54}},"9":{"start":{"line":21,"column":1},"end":{"line":34,"column":2}},"10":{"start":{"line":22,"column":2},"end":{"line":22,"column":16}},"11":{"start":{"line":23,"column":2},"end":{"line":23,"column":17}},"12":{"start":{"line":26,"column":2},"end":{"line":26,"column":23}},"13":{"start":{"line":28,"column":2},"end":{"line":30,"column":16}},"14":{"start":{"line":29,"column":3},"end":{"line":29,"column":44}},"15":{"start":{"line":33,"column":2},"end":{"line":33,"column":44}},"16":{"start":{"line":37,"column":1},"end":{"line":37,"column":45}},"17":{"start":{"line":39,"column":1},"end":{"line":39,"column":24}},"18":{"start":{"line":42,"column":0},"end":{"line":59,"column":1}},"19":{"start":{"line":44,"column":1},"end":{"line":50,"column":2}},"20":{"start":{"line":45,"column":2},"end":{"line":45,"column":81}},"21":{"start":{"line":46,"column":8},"end":{"line":50,"column":2}},"22":{"start":{"line":47,"column":2},"end":{"line":47,"column":83}},"23":{"start":{"line":48,"column":8},"end":{"line":50,"column":2}},"24":{"start":{"line":49,"column":2},"end":{"line":49,"column":85}},"25":{"start":{"line":53,"column":1},"end":{"line":53,"column":55}},"26":{"start":{"line":54,"column":1},"end":{"line":54,"column":80}},"27":{"start":{"line":55,"column":1},"end":{"line":55,"column":71}},"28":{"start":{"line":57,"column":1},"end":{"line":57,"column":94}},"29":{"start":{"line":58,"column":1},"end":{"line":58,"column":93}},"30":{"start":{"line":61,"column":0},"end":{"line":78,"column":1}},"31":{"start":{"line":63,"column":1},"end":{"line":75,"column":2}},"32":{"start":{"line":66,"column":2},"end":{"line":66,"column":36}},"33":{"start":{"line":67,"column":8},"end":{"line":75,"column":2}},"34":{"start":{"line":70,"column":2},"end":{"line":70,"column":38}},"35":{"start":{"line":71,"column":8},"end":{"line":75,"column":2}},"36":{"start":{"line":74,"column":2},"end":{"line":74,"column":40}},"37":{"start":{"line":77,"column":1},"end":{"line":77,"column":11}},"38":{"start":{"line":80,"column":0},"end":{"line":139,"column":1}},"39":{"start":{"line":81,"column":1},"end":{"line":81,"column":28}},"40":{"start":{"line":83,"column":1},"end":{"line":85,"column":2}},"41":{"start":{"line":84,"column":2},"end":{"line":84,"column":12}},"42":{"start":{"line":90,"column":1},"end":{"line":111,"column":2}},"43":{"start":{"line":91,"column":2},"end":{"line":91,"column":17}},"44":{"start":{"line":93,"column":2},"end":{"line":93,"column":38}},"45":{"start":{"line":94,"column":2},"end":{"line":94,"column":44}},"46":{"start":{"line":95,"column":2},"end":{"line":95,"column":50}},"47":{"start":{"line":97,"column":2},"end":{"line":108,"column":16}},"48":{"start":{"line":98,"column":3},"end":{"line":107,"column":7}},"49":{"start":{"line":110,"column":2},"end":{"line":110,"column":15}},"50":{"start":{"line":113,"column":1},"end":{"line":115,"column":2}},"51":{"start":{"line":114,"column":2},"end":{"line":114,"column":16}},"52":{"start":{"line":117,"column":1},"end":{"line":117,"column":26}},"53":{"start":{"line":120,"column":1},"end":{"line":136,"column":4}},"54":{"start":{"line":121,"column":2},"end":{"line":121,"column":39}},"55":{"start":{"line":122,"column":2},"end":{"line":122,"column":43}},"56":{"start":{"line":123,"column":2},"end":{"line":123,"column":49}},"57":{"start":{"line":125,"column":2},"end":{"line":127,"column":3}},"58":{"start":{"line":126,"column":3},"end":{"line":126,"column":53}},"59":{"start":{"line":129,"column":2},"end":{"line":131,"column":3}},"60":{"start":{"line":130,"column":3},"end":{"line":130,"column":59}},"61":{"start":{"line":133,"column":2},"end":{"line":135,"column":3}},"62":{"start":{"line":134,"column":3},"end":{"line":134,"column":25}},"63":{"start":{"line":138,"column":1},"end":{"line":138,"column":23}},"64":{"start":{"line":141,"column":0
[...]
367":0,"370":0,"371":0,"372":0,"373":0,"374":0,"375":0,"377":0,"378":0,"381":0,"382":0,"383":0,"384":0,"385":0,"386":0,"387":0,"388":0,"390":0,"391":0,"392":0,"395":0,"396":0,"398":0,"401":0,"402":0,"404":0,"405":0,"407":0,"410":0,"411":0,"413":0,"414":0,"416":0,"417":0,"419":0,"420":0,"422":0,"423":0,"425":0,"426":0,"428":0,"429":0,"431":0,"432":0,"434":0,"435":0,"439":0,"440":0,"441":0,"442":0,"443":0,"445":0,"447":0,"449":0,"454":0,"455":0,"459":0,"460":0,"461":0,"463":0,"464":0,"466":0,"467":0,"470":0,"471":0,"472":0,"474":0,"478":0,"479":0,"482":0,"483":0,"484":0,"485":0,"487":0,"488":0,"492":0,"493":0,"494":0,"495":0,"496":0,"500":0,"501":0,"502":0,"503":0,"504":0,"505":0,"507":0,"508":0,"509":0,"511":0,"512":0,"513":0,"514":0,"516":0,"518":0,"521":0,"522":0,"523":0,"524":0,"525":0,"527":0,"528":0,"529":0,"530":0,"532":0,"534":0,"535":0,"536":0,"538":0,"559":0,"560":0,"561":0,"562":0,"564":0,"566":0,"567":0,"568":0,"572":0,"573":0,"574":0,"575":0,"576":0,"578":0,"579":0,"581":0,"584":0,"587":0,"591":0,"596":0,"599":0,"600":0,"603":0,"604":0,"607":0,"608":0,"611":0,"613":0,"617":0,"620":0,"624":0,"628":0,"631":0,"636":0,"639":1,"640":0,"643":0,"645":0,"647":0,"648":0,"652":0,"653":0,"656":0,"659":0,"660":0,"661":0,"662":0,"664":0,"668":0,"671":1,"672":0,"673":0,"677":0,"678":0,"682":1,"683":0,"686":1,"687":0,"688":0,"689":0,"690":0,"692":0,"694":0,"698":0,"704":0,"706":0,"709":1,"711":0,"712":0,"715":0,"716":0,"719":0,"721":0,"722":0,"723":0,"724":0,"727":0,"728":0,"732":0,"735":0,"737":0,"740":0,"742":1,"743":0,"744":0,"745":0,"749":1,"750":0,"753":0,"754":0,"755":0,"757":0,"762":0,"764":0,"767":0,"770":1,"771":0,"774":1,"776":0,"777":0,"778":0,"779":0,"782":1,"783":1,"784":0,"787":0,"788":0,"795":0,"797":1,"798":0,"804":0,"807":0,"809":0,"811":0,"813":0,"816":2,"818":2,"819":4,"820":4,"831":0,"832":0,"833":0,"834":0,"835":0,"836":0,"843":2,"845":2,"846":2,"848":2,"852":2,"853":0,"856":2,"857":0,"858":0,"859":0,"860":0,"861":0,"862":0,"863":0,"864":0,"869":0,"870":0,"871":0,"875":2,"876":0,"880":2,"881":2,"882":2,"883":2,"885":1,"887":2,"888":2,"889":2,"890":2,"891":2,"892":2,"893":2,"895":2,"896":0,"900":2,"901":2,"902":0,"906":2,"907":0,"913":2,"935":2,"936":2,"937":0,"938":0,"939":0,"940":0,"942":0,"945":0,"946":0,"947":0,"948":0,"949":0,"950":0,"951":0,"952":0,"953":0,"955":0,"956":0,"958":0,"961":0,"964":0,"965":0,"966":0,"968":0,"971":0,"978":2,"980":0,"981":0,"982":0,"986":0,"987":0,"990":0,"991":1,"992":0,"993":0,"994":0,"995":0,"996":0,"998":0,"1000":0,"1002":0,"1005":0,"1009":2,"1010":2,"1011":2,"1012":0,"1013":0,"1014":0,"1015":0,"1016":0,"1017":0,"1018":0,"1019":0,"1020":0,"1023":0,"1026":0,"1038":1,"1040":0,"1045":0,"1046":0,"1047":0,"1049":0,"1050":0,"1052":0,"1055":0,"1056":0,"1057":0,"1058":0,"1059":0,"1060":0,"1062":2,"1066":2,"1083":2,"1096":1,"1097":0,"1099":0,"1100":0,"1103":0,"1108":1,"1109":0,"1113":1,"1114":0,"1116":0,"1117":0,"1120":0,"1124":1,"1127":0,"1134":0,"1135":0,"1136":0,"1138":0,"1142":0,"1143":0,"1144":0,"1148":0,"1149":0,"1151":0,"1152":0,"1157":0,"1159":0,"1163":0,"1164":0,"1165":0,"1166":0,"1168":0,"1169":0,"1171":0,"1172":0,"1174":0,"1175":0,"1179":0,"1182":0,"1183":0,"1184":0,"1188":0,"1189":0,"1190":0,"1194":0,"1195":0,"1199":0,"1200":0,"1204":0,"1205":0,"1208":0,"1209":0,"1212":0,"1213":0,"1214":0,"1216":0,"1220":0,"1222":0,"1223":0,"1224":0,"1226":0,"1227":0,"1231":0,"1233":0,"1237":1,"1238":0,"1239":0,"1240":0,"1241":0,"1244":0,"1246":0,"1247":0,"1248":0,"1249":0,"1251":0,"1252":0,"1256":1,"1257":0,"1261":1,"1262":0,"1263":0,"1264":0,"1265":0,"1268":0,"1271":0,"1272":0,"1273":0,"1277":0,"1281":1,"1282":0,"1283":0,"1284":0,"1285":0,"1286":0,"1288":0,"1291":0,"1292":0,"1295":0,"1296":0,"1298":0,"1299":0,"1300":0,"1301":0,"1303":0,"1305":0,"1306":0,"1307":0,"1308":0,"1311":0,"1312":0,"1317":0,"1320":0,"1321":0,"1322":0,"1324":0,"1325":0,"1326":0,"1327":0,"1329":0,"1332":0,"1336":0,"1340":1,"1341":0,"1342":0,"1343":0,"1344":0,"1345":0,"1348":0,"1349":0,"1357":0,"1363":1,"1364":0,"1366":2,"1368":1,"1369":0,"1371":2,"1373":1,"1374":0,"1376":2,"1378":1,"1379":0,"1381":2,"1383":1,"1384":0,"1386":2,"1388":1,"1389":0,"1391":2,"1393":1,"1394":0,"1396":2,"1398":1,"1399":0,"1401":2,"1403":1,"1404":0,"1406":2,"1408":1,"1409":0,"1411":2,"1413":1,"1414":0,"1416":2,"1418":1,"1419":0,"1422":2,"1424":1,"1425":0,"1427":2,"1429":1,"1430":0,"1437":2,"1439":2,"1441":1,"1442":0,"1446":1,"1447":0,"1451":2,"1455":1,"1456":0,"1457":0,"1460":0,"1465":2,"1466":0,"1483":2,"1485":2,"1487":0,"1489":0,"1490":0,"1491":0,"1492":0,"1494":0,"1497":1,"1498":0,"1503":0,"1511":0,"1512":0,"1514":0,"1515":0,"1517":1,"1519":0,"1521":0,"1523":0,"1525":0,"1527":0,"1528":0,"1530":0,"1531":0,"1532":0,"1533":0,"1534":0,"1535":0,"1538":0,"1539":0,"1540":0,"1542":0,"1543":0,"1544":0,"1545":0,"1546":0,"1547":0,"1549":0,"1551":0,"1552":0,"1554":0,"1557":0,"1559":0,"1560":0,"1562":0,"1567":0,"1568":0,"1569":0,"1570":0,"1572":0,"1573":0,"1574":0,"1575":0,"1576":0,"1577":0,"1578":0,"1579":0,"1581":0,"1584":0,"1585":0,"1586":0,"1587":0,"1589":0,"1590":0,"1591":0,"1592":0,"1593":0,"1594":0,"1595":0,"1596":0,"1597":0,"1598":0,"1600":0,"1602":0,"1604":0,"1607":0,"1608":0,"1609":0,"1610":0,"1612":0,"1613":0,"1614":0,"1615":0,"1616":0,"1617":0,"1618":0,"1619":0,"1621":0,"1622":0,"1624":0,"1627":0,"1631":0,"1637":0,"1638":0,"1640":0,"1641":0,"1643":1,"1645":0,"1647":0,"1649":0,"1651":0,"1652":0,"1653":0,"1654":0,"1655":0,"1656":0,"1657":0,"1658":0,"1659":0,"1660":0,"1661":0,"1662":0,"1663":0,"1664":0,"1665":0,"1666":0,"1668":0,"1669":0,"1672":0,"1675":0,"1676":0,"1677":0,"1679":0,"1680":0,"1681":0,"1682":0,"1683":0,"1685":0,"1687":0,"1688":0,"1690":0,"1693":0,"1695":0,"1696":0,"1698":0,"1703":0,"1704":0,"1705":0,"1706":0,"1708":0,"1709":0,"1710":0,"1711":0,"1712":0,"1713":0,"1714":0,"1715":0,"1717":0,"1719":0,"1720":0,"1721":0,"1722":0,"1725":0,"1726":0,"1728":0,"1731":0,"1732":0,"1733":0,"1734":0,"1736":0,"1737":0,"1738":0,"1739":0,"1740":0,"1741":0,"1742":0,"1743":0,"1745":0,"1747":0,"1748":0,"1749":0,"1750":0,"1753":0,"1754":0,"1756":0,"1758":0,"1760":0,"1763":0,"1764":0,"1765":0,"1766":0,"1768":0,"1769":0,"1770":0,"1771":0,"1772":0,"1773":0,"1774":0,"1775":0,"1777":0,"1778":0,"1780":0,"1783":0,"1787":0,"1793":0,"1794":0,"1795":0,"1797":1,"1799":0,"1812":0,"1820":0,"1828":0,"1829":0,"1830":0,"1832":0,"1833":0,"1837":0,"1838":0,"1839":0,"1841":0,"1842":0,"1843":0,"1844":0,"1845":0,"1847":0,"1849":0,"1850":0,"1852":0,"1854":0,"1855":0,"1857":0,"1863":0,"1864":0,"1865":0,"1866":0,"1868":0,"1869":0,"1870":0,"1871":0,"1872":0,"1873":0,"1874":0,"1875":0,"1876":0,"1878":0,"1879":0,"1881":0,"1883":0,"1885":0,"1888":0,"1889":0,"1890":0,"1891":0,"1893":0,"1894":0,"1895":0,"1896":0,"1897":0,"1898":0,"1899":0,"1900":0,"1902":0,"1903":0,"1905":0,"1908":0,"1915":2,"1922":2,"1927":2,"2067":0,"2070":0,"2073":0,"2076":0,"2079":0,"2082":0,"2085":0,"2088":0,"2091":0,"2094":0,"2097":0,"2100":0,"2103":0,"2106":0,"2109":0,"2110":0,"2113":0,"2116":0,"2119":0,"2122":0,"2125":0,"2128":0,"2131":0,"2134":0,"2137":0,"2140":0,"2143":0,"2146":0,"2149":0,"2152":0,"2155":0,"2158":0,"2161":0,"2164":0,"2167":0,"2169":0,"2170":0,"2171":0,"2173":0,"2176":0,"2178":0,"2179":0,"2180":0,"2182":0,"2185":0,"2188":0,"2191":0,"2194":0,"2204":1,"2205":0,"2206":0,"2207":0,"2208":0,"2212":1,"2213":258,"2216":1,"2219":0,"2233":1,"2234":0,"2236":0,"2240":1,"2241":18,"2242":18,"2243":0,"2244":0,"2245":0,"2247":0,"2251":1,"2252":0,"2253":0,"2254":0,"2258":1,"2259":18,"2260":0,"2263":1,"2264":12,"2265":0,"2269":2,"2270":12,"2271":12,"2273":2,"2274":16,"2275":16,"2277":2,"2284":1,"2288":1,"2289":0,"2290":0,"2292":0,"2293":0,"2297":1,"2298":0,"2310":0,"2316":0,"2321":0,"2325":0,"2327":0,"2329":0,"2337":1,"2338":24,"2339":196,"2340":196,"2344":24,"2345":2,"2348":24,"2349":4,"2352":24,"2355":1,"2356":0,"2358":0,"2359":0,"2361":0,"2362":0,"2364":0,"2365":0,"2367":0,"2368":0,"2370":0,"2371":0,"2373":0,"2374":0,"2376":0,"2377":0,"2379":0,"2380":0,"2382":0,"2383":0,"2385":0,"2386":0,"2389":0,"2390":0,"2391":0,"2392":0,"2393":0,"2394":0,"2399":0,"2402":1,"2403":0,"2404":0,"2406":0,"2412":1,"2413":0,"2416":0,"2417":0,"2419":0,"2422":1,"2423":0,"2425":0,"2427":0,"2428":0,"2431":0,"2433":0,"2436":1,"2437":0,"2438":0,"2439":0,"2440":0,"2442":0,"2443":0,"2444":0,"2447":0,"2451":1,"2452":4,"2453":0,"2455":0,"2456":0,"2457":0,"2460":0,"2461":0,"2462":0,"2463":0,"2467":1,"2468":0,"2471":0,"2473":0,"2474":0,"2476":0,"2477":0,"2479":0,"2480":0,"2482":0,"2483":0,"2488":1,"2489":2,"2492":1,"2493":0,"2498":1,"2499":0,"2503":0,"2504":0,"2506":0,"2509":0,"2512":1,"2513":0,"2514":0,"2515":0,"2517":0,"2520":1,"2521":0,"2525":0,"2526":0,"2527":0,"2528":0,"2529":0,"2534":0,"2537":1,"2538":10,"2540":10,"2541":6,"2542":6,"2544":4,"2545":4,"2546":4,"2549":0,"2552":10,"2553":0,"2557":0,"2558":0,"2559":0,"2562":0,"2563":0,"2564":0,"2567":0,"2568":0,"2571":0,"2572":0,"2574":0,"2579":1,"2580":0,"2583":0,"2584":0,"2585":0,"2587":0,"2591":0,"2594":1,"2595":0,"2598":1,"2599":0,"2602":1,"2603":0,"2606":1,"2607":0,"2610":1,"2611":0,"2612":0,"2613":0,"2622":0,"2623":0,"2626":0,"2630":1,"2631":0,"2632":0,"2640":0,"2641":0,"2646":0,"2649":1,"2650":0,"2656":1,"2657":0,"2659":0,"2660":0,"2661":0,"2662":0,"2663":0,"2664":0,"2665":0,"2666":0,"2667":0,"2669":0,"2671":0,"2673":0,"2675":0,"2677":0,"2680":1,"2681":2,"2682":2,"2683":0,"2684":0,"2685":0,"2687":0,"2690":2,"2694":1,"2695":0,"2704":2,"2707":2,"2708":2,"2709":4,"2710":4,"2711":2,"2713":2,"2720":0,"2725":0,"2729":0,"2731":0,"2732":0,"2735":0,"2737":0,"2738":0,"2739":0,"2740":0,"2743":0,"2744":0,"2751":0,"2756":0,"2761":0,"2765":0,"2767":0,"2768":0,"2771":0,"2773":0,"2774":0,"2775":0,"2776":0,"2779":0,"2780":0,"2793":0,"2794":0,"2795":0,"2796":0,"2798":0,"2800":0,"2806":0,"2811":0,"2812":0,"2814":0,"2827":0,"2828":0,"2848":0,"2849":0,"2855":0,"2856":0,"2860":0,"2865":0,"2869":0,"2873":0,"2883":0,"2892":1,"2893":0,"2894":0,"2896":0,"2899":1,"2900":0,"2902":0,"2903":0,"2904":0,"2906":0,"2910":0,"2911":0,"2912":0,"2913":0,"2915":0,"2920":1,"2921":0,"2922":0,"2925":0,"2927":0,"2928":0,"2931":0,"2934":1,"2935":0,"2937":1,"2938":0,"2941":0,"2942":0,"2943":0,"2944":0,"2945":0,"2948":0,"2958":1,"2959":0,"2960":0,"2962":0,"2964":0,"2968":0,"2972":0,"2977":0,"2979":0,"2980":0,"2984":0,"2985":0,"2989":0,"2990":0,"2994":0,"3000":0,"3003":0,"3005":0,"3008":0,"3010":0,"3012":0,"3024":0,"3036":0,"3038":0,"3040":0,"3041":0,"3045":1,"3046":0,"3047":0,"3052":0,"3056":1,"3057":0,"3059":0,"3062":0,"3063":0,"3065":0,"3069":0,"3070":0,"3072":0,"3075":0,"3077":0,"3078":0,"3080":0,"3082":0,"3086":0,"3087":0,"3089":0,"3091":0,"3092":0,"3094":0,"3098":0,"3099":0,"3102":0,"3105":0,"3106":0,"3110":0,"3111":0,"3115":0,"3116":0,"3122":0,"3123":0,"3127":0,"3128":0,"3132":0,"3133":0,"3139":0,"3140":0,"3143":0,"3144":0,"3148":0,"3149":0,"3150":0,"3155":0,"3157":0,"3158":0,"3159":0,"3161":0,"3163":0,"3172":0,"3177":0,"3178":0,"3179":0,"3180":0,"3182":0,"3185":0,"3186":0,"3190":1,"3191":0,"3193":0,"3194":0,"3195":0,"3196":0,"3202":0,"3203":0,"3204":0,"3206":0,"3207":0,"3209":0,"3210":0,"3212":0,"3214":0,"3215":0,"3216":0,"3218":0,"3220":0,"3223":0,"3226":0,"3228":0,"3229":0,"3236":1,"3237":0,"3239":0,"3240":0,"3243":0,"3246":0,"3247":0,"3251":0,"3252":0,"3254":0,"3255":0,"3258":0,"3259":0,"3260":0,"3268":0,"3269":0,"3273":0,"3274":0,"3277":0,"3280":0,"3281":0,"3285":1,"3286":0,"3288":0,"3289":0,"3292":0,"3293":0,"3303":0,"3306":1,"3307":0,"3308":0,"3309":0,"3315":0,"3320":1,"3321":0,"3322":0,"3323":0,"3326":0,"3327":0,"3330":0,"3335":0,"3337":0,"3338":0,"3339":0,"3340":0,"3341":0,"3342":0,"3343":0,"3345":0,"3346":0,"3349":0,"3350":0,"3351":0,"3354":0,"3356":0,"3358":0,"3359":0,"3364":0,"3365":0,"3366":0,"3370":0,"3371":0,"3374":0,"3375":0,"3378":0,"3379":0,"3382":1,"3383":0,"3384":0,"3389":1,"3390":0,"3394":1,"3395":0,"3402":0,"3403":0,"3404":0,"3405":0,"3408":0,"3409":0,"3410":0,"3411":0,"3412":0,"3414":0,"3415":0,"3416":0,"3418":0,"3419":0,"3423":0,"3426":0,"3428":0,"3430":0,"3431":0,"3432":0,"3436":0,"3440":1,"3441":0,"3445":0,"3446":0,"3447":0,"3448":0,"3450":0,"3451":0,"3454":0,"3455":0,"3456":0,"3457":0,"3460":0,"3461":0,"3463":0,"3465":0,"3470":1,"3471":0,"3472":0,"3473":0,"3474":0,"3478":1,"3479":0,"3480":0,"3481":0,"3483":0,"3486":1,"3487":0,"3488":0,"3489":0,"3490":0,"3491":0,"3492":0,"3493":0,"3494":0,"3495":0,"3496":0,"3497":0,"3498":0,"3500":0,"3501":0,"3502":0,"3503":0,"3505":0,"3507":0,"3511":1,"3514":0,"3517":0,"3518":0,"3520":0,"3523":1,"3524":0,"3525":0,"3526":0,"3528":0,"3531":1,"3532":0,"3533":0,"3534":0,"3537":0,"3538":0,"3539":0,"3543":0,"3552":1,"3553":0,"3556":1,"3557":0,"3576":0,"3577":0,"3578":0,"3579":0,"3595":1,"3596":0,"3601":0,"3602":0,"3605":0,"3606":0,"3609":0,"3610":0,"3617":1,"3618":0,"3620":0,"3621":0,"3622":0,"3623":0,"3625":0,"3635":1,"3636":0,"3639":0,"3641":0,"3642":0,"3645":0,"3646":0,"3649":0,"3650":0,"3651":0,"3652":0,"3653":0,"3655":0,"3658":0,"3661":0,"3664":2,"3665":0,"3667":0,"3668":0,"3669":0,"3673":0,"3674":0,"3675":0,"3676":0,"3677":0,"3678":0,"3679":0,"3680":0,"3682":0,"3685":2,"3687":2,"3693":0,"3702":1,"3703":0,"3704":0,"3705":0,"3707":0,"3708":0,"3710":0,"3711":0,"3712":0,"3713":0,"3716":0,"3719":2,"3720":0,"3722":0,"3725":2,"3726":0,"3728":0,"3732":2,"3733":0,"3735":0,"3736":0,"3737":0,"3741":0,"3742":0,"3743":0,"3744":0,"3745":0,"3746":0,"3747":0,"3748":0,"3749":0,"3751":0,"3755":2,"3756":0,"3760":2,"3761":0,"3769":0,"3770":0,"3775":0,"3776":0,"3777":0,"3778":0,"3780":0,"3782":0,"3783":0,"3784":0,"3792":0,"3793":0,"3794":0,"3798":0,"3800":0,"3802":0,"3811":0,"3813":0,"3815":0,"3816":0,"3817":0,"3820":0,"3822":0,"3823":0,"3826":0,"3830":2,"3833":2,"3836":2,"3840":2,"3844":2,"3847":2,"3848":0,"3849":0,"3851":0,"3852":0,"3854":0,"3855":0,"3858":2,"3861":0,"3868":2,"3869":4,"3870":4,"3871":4,"3872":2,"3875":2,"3878":4,"3879":4,"3883":4,"3886":2,"3887":2,"3888":2,"3889":2,"3890":2,"3892":2,"3895":2,"3897":2,"3900":0,"3901":0,"3905":2,"3908":0,"3913":2,"3914":2,"3916":2,"3917":0,"3920":2,"3921":0,"3924":2,"3926":2,"3927":2,"3928":2,"3930":0,"3933":0,"3937":2,"3938":0,"3943":2,"3944":0,"3947":2,"3948":10,"3951":2,"3952":0,"3955":2,"3956":0,"3957":0,"3958":0,"3961":0,"3964":0,"3967":2,"3968":0,"3971":2,"3972":0,"3980":2,"3983":0,"3987":0,"3991":0,"3995":0,"3999":0,"4003":0,"4004":0,"4005":0,"4007":0,"4012":0,"4013":0,"4025":0,"4029":0,"4030":0,"4033":0,"4037":0,"4041":0,"4045":0,"4049":0,"4050":0,"4051":0,"4053":0,"4054":0,"4057":0,"4061":0,"4062":0,"4070":0,"4074":0,"4076":0,"4078":0,"4080":0,"4083":0,"4086":0,"4088":0,"4089":0,"4090":0,"4093":0,"4094":0,"4101":0,"4105":0,"4109":0,"4115":0,"4124":0,"4128":0,"4132":0,"4137":0,"4138":0,"4139":0,"4140":0,"4142":0,"4149":0,"4152":0,"4154":0,"4158":0,"4163":0,"4166":0,"4169":0,"4172":0,"4177":0,"4178":0,"4179":0,"4180":0,"4184":0,"4185":0,"4188":0,"4192":0,"4193":0,"4197":0,"4198":0,"4199":0,"4200":0,"4202":0,"4207":0,"4208":0,"4209":0,"4210":0,"4212":0,"4217":0,"4218":0,"4219":0,"4220":0,"4222":0,"4229":0,"4230":0,"4237":0,"4238":0,"4253":0,"4255":0,"4256":0,"4257":0,"4259":0,"4260":0,"4262":0,"4263":0,"4265":0,"4266":0,"4267":0,"4268":0,"4270":0,"4271":0,"4272":0,"4274":0,"4275":0,"4276":0,"4277":0,"4281":0,"4283":0,"4287":0,"4291":0,"4295":0,"4296":0,"4297":0,"4298":0,"4300":0,"4304":0,"4305":0,"4308":0,"4311":0,"4315":0,"4319":0,"4320":0,"4324":0,"4328":0,"4329":0,"4333":0,"4334":0,"4338":0,"4339":0,"4343":0,"4344":0,"4348":0,"4349":0,"4356":0,"4360":0,"4364":0,"4365":0,"4369":0,"4370":0,"4374":0,"4375":0,"4376":0,"4378":0,"4385":0,"4387":0,"4388":0,"4390":0,"4391":0,"4392":0,"4394":0,"4401":0,"4402":0,"4404":0,"4410":0,"4416":0,"4420":1,"4421":0,"4424":0,"4425":0,"4427":0,"4428":0,"4432":0,"4434":0,"4435":0,"4438":1,"4439":0,"4442":1,"4443":0,"4444":0,"4446":0,"4450":1,"4451":18,"4452":0,"4453":0,"4454":0,"4455":0,"4457":0,"4462":2,"4463":2,"4464":2,"4469":2,"4471":2,"4472":2,"4473":2,"4474":2,"4477":2,"4478":2,"4479":2,"4480":2,"4481":2,"4484":2,"4491":1,"4493":0,"4496":1,"4499":0,"4502":2,"4505":0,"4513":0,"4515":0,"4516":0,"4518":0,"4519":0,"4521":0,"4522":0,"4524":0,"4527":0,"4528":0,"4532":0,"4533":0,"4536":0,"4537":0,"4539":0,"4540":0,"4541":0,"4545":0,"4546":0,"4547":0,"4549":0,"4550":0,"4551":0,"4552":0,"4553":0,"4554":0,"4556":0,"4560":0,"4564":0,"4571":0,"4573":0,"4574":0,"4577":0,"4582":0,"4584":0,"4585":0,"4586":0,"4588":0,"4590":0,"4594":0,"4596":0,"4597":0,"4598":0,"4600":0,"4602":0,"4606":0,"4607":0,"4611":0,"4612":0,"4614":0,"4615":0,"4616":0,"4617":0,"4620":0,"4621":0,"4622":0,"4623":0,"4624":0,"4625":0,"4626":0,"4628":0,"4629":0,"4641":0,"4647":0,"4654":0,"4657":0,"4660":0,"4672":0,"4676":2,"4678":1,"4679":14,"4680":0,"4684":2,"4685":14,"4686":14,"4690":2,"4691":0,"4693":2,"4694":0,"4696":2,"4697":0,"4699":2,"4700":0,"4702":2,"4703":0,"4705":2,"4706":0,"4708":2,"4709":0,"4711":2,"4712":0,"4721":2,"4723":0,"4728":0,"4738":1,"4740":0,"4741":0,"4743":0,"4744":0,"4745":0,"4751":0,"4756":2,"4757":2,"4758":0,"4759":0,"4760":0,"4762":0,"4765":0,"4767":0,"4769":0,"4794":2,"4796":1,"4797":0,"4801":2,"4802":0,"4805":0,"4806":0,"4807":0,"4812":2,"4813":0,"4817":1,"4818":0,"4819":0,"4821":0,"4822":0,"4826":2,"4827":0,"4828":0,"4829":0,"4830":0,"4831":0,"4834":0,"4835":0,"4836":0,"4840":0,"4845":2,"4846":0,"4849":0,"4852":0,"4853":0,"4854":0,"4858":0,"4859":0,"4860":0,"4865":2,"4866":0,"4874":0,"4875":0,"4876":0,"4877":0,"4878":0,"4880":0,"4885":0,"4886":0,"4887":0,"4888":0,"4889":0,"4890":0,"4892":0,"4897":0,"4901":2,"4902":0,"4906":0,"4907":0,"4908":0,"4909":0,"4912":0,"4917":2,"4918":0,"4919":0,"4923":2,"4924":0,"4925":0,"4928":0,"4930":0,"4931":0,"4932":0,"4934":0,"4938":0,"4941":2,"4944":2,"4948":2,"4949":0,"4952":0,"4953":0,"4954":0,"4959":0,"4960":0,"4964":0,"4965":0,"4967":0,"4968":0,"4971":0,"4974":0,"4975":0,"4977":0,"4978":0,"4981":0,"4984":0,"4985":0,"4987":0,"4988":0,"4991":0,"4993":0,"4994":0,"4998":0,"4999":0,"5001":2,"5003":2,"5004":0,"5007":2,"5008":0,"5010":0,"5012":0,"5015":2,"5016":0,"5017":0,"5020":0,"5022":0,"5025":2,"5026":0,"5028":0,"5031":2,"5032":0,"5034":0,"5037":2,"5038":0,"5040":0,"5041":0,"5044":0,"5047":2,"5050":2,"5053":2,"5060":2,"5061":0,"5063":0,"5065":0,"5067":0,"5068":0,"5069":0,"5071":0,"5072":0,"5074":0,"5075":0,"5077":0,"5078":0,"5081":0,"5082":0,"5083":0,"5084":0,"5089":0,"5090":0,"5092":0,"5093":0,"5096":2,"5098":2,"5099":0,"5101":0,"5102":0,"5105":0,"5108":2,"5109":0,"5112":2,"5113":0,"5116":2,"5117":0,"5120":2,"5121":0,"5124":2,"5125":0,"5128":2,"5129":0,"5132":2,"5133":0,"5136":2,"5137":0,"5140":2,"5141":0,"5142":0,"5145":2,"5146":0,"5149":2,"5150":0,"5156":2,"5157":0,"5163":2,"5164":0,"5170":2,"5171":0,"5177":2,"5178":0,"5184":2,"5186":2,"5189":0,"5190":0,"5191":0,"5196":0,"5199":0,"5200":0,"5201":0,"5207":0,"5208":0,"5209":0,"5215":0,"5216":0,"5218":0,"5224":0,"5227":0,"5228":0,"5230":0,"5231":0,"5232":0,"5233":0,"5234":0,"5235":0,"5238":0,"5239":0,"5246":0,"5247":0,"5253":0,"5254":0,"5259":0,"5260":0,"5262":0,"5263":0,"5265":0,"5266":0,"5272":0,"5273":0,"5274":0,"5277":0,"5278":0,"5281":0,"5284":0,"5287":0,"5288":0,"5294":0,"5295":0,"5297":0,"5298":0,"5300":0,"5301":0,"5303":0,"5306":0,"5307":0,"5308":0,"5310":0,"5311":0,"5314":0,"5315":0,"5317":0,"5319":0,"5320":0,"5322":0,"5324":0,"5325":0,"5327":0,"5329":0,"5330":0,"5332":0,"5334":0,"5336":0,"5337":0,"5339":0,"5341":0,"5343":0,"5344":0,"5347":0,"5349":0,"5351":0,"5352":0,"5359":0,"5360":0,"5361":0,"5363":0,"5364":0,"5367":0,"5369":0,"5371":0,"5373":0,"5374":0,"5378":0,"5379":0,"5384":0,"5385":0,"5391":0,"5405":0,"5479":0,"5480":0,"5481":0,"5488":1,"5489":0,"5491":0,"5497":0,"5498":0,"5503":0,"5506":1,"5507":0,"5510":1,"5512":0,"5515":0,"5516":0,"5517":0,"5521":0,"5522":0,"5529":0,"5532":0,"5533":0,"5535":0,"5536":0,"5537":0,"5539":0,"5545":0,"5546":0,"5547":0,"5548":0,"5551":0,"5556":0,"5558":0,"5559":0,"5560":0,"5566":0,"5567":0,"5569":0,"5570":0,"5571":0,"5574":0,"5575":0,"5577":0,"5578":0,"5582":0,"5589":2,"5593":2,"5600":0,"5601":0,"5602":0,"5604":0,"5605":0,"5607":0,"5608":0,"5612":0,"5613":0,"5616":0,"5617":0,"5618":0,"5619":0,"5622":0,"5623":0,"5624":0,"5625":0,"5626":0,"5630":0,"5632":0}}}