{"/home/travis/build/npmtest/node-npmtest-pm2-web/test.js":{"path":"/home/travis/build/npmtest/node-npmtest-pm2-web/test.js","s":{"1":2,"2":2,"3":2,"4":2,"5":2,"6":2,"7":2,"8":1,"9":2,"10":2,"11":1,"12":1,"13":1,"14":1,"15":2,"16":2,"17":2,"18":2,"19":1,"20":1,"21":2,"22":2,"23":2,"24":1,"25":1,"26":1,"27":1,"28":1,"29":1,"30":1,"31":1,"32":1,"33":1,"34":1,"35":1,"36":1,"37":2,"38":2,"39":1,"40":2,"41":2,"42":1,"43":2,"44":2,"45":1,"46":2,"47":2,"48":1,"49":1,"50":1,"51":1,"52":1},"b":{"1":[2,1,1,1],"2":[1,1,1,1],"3":[1,1],"4":[1,1],"5":[1,1],"6":[1,1],"7":[1,1],"8":[1,1],"9":[1,1,1],"10":[1,1],"11":[1,1],"12":[1,1],"13":[1,1],"14":[1,1],"15":[1,1],"16":[1,1]},"f":{"1":2,"2":2,"3":2,"4":2,"5":2,"6":1,"7":1,"8":2,"9":2,"10":2,"11":2,"12":1},"fnMap":{"1":{"name":"(anonymous_1)","line":12,"loc":{"start":{"line":12,"column":1},"end":{"line":12,"column":13}}},"2":{"name":"(anonymous_2)","line":19,"loc":{"start":{"line":19,"column":5},"end":{"line":19,"column":17}}},"3":{"name":"(anonymous_3)","line":23,"loc":{"start":{"line":23,"column":24},"end":{"line":23,"column":36}}},"4":{"name":"(anonymous_4)","line":61,"loc":{"start":{"line":61,"column":5},"end":{"line":61,"column":17}}},"5":{"name":"(anonymous_5)","line":82,"loc":{"start":{"line":82,"column":5},"end":{"line":82,"column":17}}},"6":{"name":"(anonymous_6)","line":102,"loc":{"start":{"line":102,"column":83},"end":{"line":105,"column":10}},"skip":true},"7":{"name":"(anonymous_7)","line":113,"loc":{"start":{"line":113,"column":77},"end":{"line":116,"column":10}},"skip":true},"8":{"name":"(anonymous_8)","line":129,"loc":{"start":{"line":129,"column":12},"end":{"line":129,"column":40}},"skip":true},"9":{"name":"(anonymous_9)","line":137,"loc":{"start":{"line":137,"column":77},"end":{"line":140,"column":10}},"skip":true},"10":{"name":"(anonymous_10)","line":148,"loc":{"start":{"line":148,"column":83},"end":{"line":151,"column":10}},"skip":true},"11":{"name":"(anonymous_11)","line":159,"loc":{"start":{"line":159,"column":79},"end":{"line":162,"column":10}},"skip":true},"12":{"name":"(anonymous_12)","line":170,"loc":{"start":{"line":170,"column":75},"end":{"line":173,"column":10}},"skip":true}},"statementMap":{"1":{"start":{"line":12,"column":0},"end":{"line":185,"column":5}},"2":{"start":{"line":14,"column":4},"end":{"line":14,"column":14}},"3":{"start":{"line":19,"column":4},"end":{"line":56,"column":9}},"4":{"start":{"line":21,"column":8},"end":{"line":21,"column":19}},"5":{"start":{"line":23,"column":8},"end":{"line":35,"column":13}},"6":{"start":{"line":24,"column":12},"end":{"line":34,"column":13}},"7":{"start":{"line":25,"column":16},"end":{"line":28,"column":30}},"8":{"start":{"line":30,"column":16},"end":{"line":33,"column":27}},"9":{"start":{"line":37,"column":8},"end":{"line":39,"column":21}},"10":{"start":{"line":40,"column":8},"end":{"line":53,"column":9}},"11":{"start":{"line":43,"column":12},"end":{"line":46,"column":14}},"12":{"start":{"line":47,"column":12},"end":{"line":47,"column":18}},"13":{"start":{"line":50,"column":12},"end":{"line":51,"column":46}},"14":{"start":{"line":52,"column":12},"end":{"line":52,"column":18}},"15":{"start":{"line":55,"column":8},"end":{"line":55,"column":35}},"16":{"start":{"line":61,"column":4},"end":{"line":63,"column":9}},"17":{"start":{"line":62,"column":8},"end":{"line":62,"column":15}},"18":{"start":{"line":64,"column":4},"end":{"line":77,"column":5}},"19":{"start":{"line":70,"column":8},"end":{"line":70,"column":14}},"20":{"start":{"line":76,"column":8},"end":{"line":76,"column":14}},"21":{"start":{"line":82,"column":4},"end":{"line":84,"column":9}},"22":{"start":{"line":83,"column":8},"end":{"line":83,"column":15}},"23":{"start":{"line":85,"column":4},"end":{"line":184,"column":5}},"24":{"start":{"line":92,"column":8},"end":{"line":94,"column":63}},"25":{"start":{"line":95,"column":8},"end":{"line":95,"column":14}},"26":{"start":{"line":102,"column":8},"end":{"line":111,"column":10},"skip":true},"27":{"start":{"line":109,"column":12},"end":{"line":109,"column":55},"skip":true},"28":{"start":{"line":110,"column":12},"end":{"line":110,"column":48},"skip":true},"29":{"start":{"line":113,"column":8},"end":{"line":126,"column":10},"skip":true},"30":{"start":{"line":120,"column":12},"end":{"line":120,"column":76},"skip":true},"31":{"start":{"line":121,"column":12},"end":{"line":121,"column":73},"skip":true},"32":{"start":{"line":122,"column":12},"end":{"line":122,"column":74},"skip":true},"33":{"start":{"line":123,"column":12},"end":{"line":123,"column":79},"skip":true},"34":{"start":{"line":124,"column":12},"end":{"line":124,"column":25},"skip":true},"35":{"start":{"line":125,"column":12},"end":{"line":125,"column":45},"skip":true},"36":{"start":{"line":128,"column":8},"end":{"line":135,"column":14},"skip":true},"37":{"start":{"line":133,"column":16},"end":{"line":133,"column":29},"skip":true},"38":{"start":{"line":134,"column":16},"end":{"line":134,"column":55},"skip":true},"39":{"start":{"line":137,"column":8},"end":{"line":146,"column":10},"skip":true},"40":{"start":{"line":144,"column":12},"end":{"line":144,"column":25},"skip":true},"41":{"start":{"line":145,"column":12},"end":{"line":145,"column":45},"skip":true},"42":{"start":{"line":148,"column":8},"end":{"line":157,"column":10},"skip":true},"43":{"start":{"line":155,"column":12},"end":{"line":155,"column":25},"skip":true},"44":{"start":{"line":156,"column":12},"end":{"line":156,"column":48},"skip":true},"45":{"start":{"line":159,"column":8},"end":{"line":168,"column":10},"skip":true},"46":{"start":{"line":166,"column":12},"end":{"line":166,"column":25},"skip":true},"47":{"start":{"line":167,"column":12},"end":{"line":167,"column":46},"skip":true},"48":{"start":{"line":170,"column":8},"end":{"line":179,"column":10},"skip":true},"49":{"start":{"line":177,"column":12},"end":{"line":177,"column":94},"skip":true},"50":{"start":{"line":178,"column":12},"end":{"line":178,"column":48},"skip":true},"51":{"start":{"line":182,"column":8},"end":{"line":182,"column":35},"skip":true},"52":{"start":{"line":183,"column":8},"end":{"line":183,"column":14},"skip":true}},"branchMap":{"1":{"line":25,"type":"binary-expr","locations":[{"start":{"line":25,"column":23},"end":{"line":25,"column":62}},{"start":{"line":26,"column":20},"end":{"line":26,"column":70}},{"start":{"line":27,"column":20},"end":{"line":27,"column":71}},{"start":{"line":28,"column":20},"end":{"line":28,"column":29}}]},"2":{"line":30,"type":"binary-expr","locations":[{"start":{"line":30,"column":23},"end":{"line":30,"column":37}},{"start":{"line":31,"column":20},"end":{"line":31,"column":61}},{"start":{"line":32,"column":20},"end":{"line":32,"column":70}},{"start":{"line":33,"column":20},"end":{"line":33,"column":26}}]},"3":{"line":37,"type":"cond-expr","locations":[{"start":{"line":38,"column":14},"end":{"line":38,"column":20}},{"start":{"line":39,"column":14},"end":{"line":39,"column":20}}]},"4":{"line":40,"type":"switch","locations":[{"start":{"line":42,"column":8},"end":{"line":47,"column":18}},{"start":{"line":49,"column":8},"end":{"line":52,"column":18}}]},"5":{"line":44,"type":"binary-expr","locations":[{"start":{"line":44,"column":16},"end":{"line":44,"column":44}},{"start":{"line":44,"column":48},"end":{"line":44,"column":66}}]},"6":{"line":50,"type":"binary-expr","locations":[{"start":{"line":50,"column":21},"end":{"line":50,"column":49}},{"start":{"line":50,"column":53},"end":{"line":50,"column":72}}]},"7":{"line":64,"type":"switch","locations":[{"start":{"line":69,"column":4},"end":{"line":70,"column":14}},{"start":{"line":75,"column":4},"end":{"line":76,"column":14}}]},"8":{"line":85,"type":"switch","locations":[{"start":{"line":90,"column":4},"end":{"line":95,"column":14}},{"start":{"line":101,"column":4},"end":{"line":183,"column":14},"skip":true}]},"9":{"line":92,"type":"binary-expr","locations":[{"start":{"line":92,"column":18},"end":{"line":92,"column":32}},{"start":{"line":93,"column":12},"end":{"line":93,"column":53}},{"start":{"line":94,"column":12},"end":{"line":94,"column":61}}]},"10":{"line":102,"type":"binary-expr","locations":[{"start":{"line":102,"column":45},"end":{"line":102,"column":79},"skip":true},{"start":{"line":102,"column":83},"end":{"line":111,"column":9},"skip":true}]},"11":{"line":113,"type":"binary-expr","locations":[{"start":{"line":113,"column":42},"end":{"line":113,"column":73},"skip":true},{"start":{"line":113,"column":77},"end":{"line":126,"column":9},"skip":true}]},"12":{"line":128,"type":"binary-expr","locations":[{"start":{"line":128,"column":48},"end":{"line":128,"column":85},"skip":true},{"start":{"line":129,"column":12},"end":{"line":135,"column":13},"skip":true}]},"13":{"line":137,"type":"binary-expr","locations":[{"start":{"line":137,"column":42},"end":{"line":137,"column":73},"skip":true},{"start":{"line":137,"column":77},"end":{"line":146,"column":9},"skip":true}]},"14":{"line":148,"type":"binary-expr","locations":[{"start":{"line":148,"column":45},"end":{"line":148,"column":79},"skip":true},{"start":{"line":148,"column":83},"end":{"line":157,"column":9},"skip":true}]},"15":{"line":159,"type":"binary-expr","locations":[{"start":{"line":159,"column":43},"end":{"line":159,"column":75},"skip":true},{"start":{"line":159,"column":79},"end":{"line":168,"column":9},"skip":true}]},"16":{"line":170,"type":"binary-expr","locations":[{"start":{"line":170,"column":41},"end":{"line":170,"column":71},"skip":true},{"start":{"line":170,"column":75},"end":{"line":179,"column":9},"skip":true}]}},"code":["/* istanbul instrument in package npmtest_pm2_web */","/*jslint","    bitwise: true,","    browser: true,","    maxerr: 8,","    maxlen: 96,","    node: true,","    nomen: true,","    regexp: true,","    stupid: true","*/","(function () {","    'use strict';","    var local;","","","","    // run shared js-env code - pre-init","    (function () {","        // init local","        local = {};","        // init modeJs","        local.modeJs = (function () {","            try {","                return typeof navigator.userAgent === 'string' &&","                    typeof document.querySelector('body') === 'object' &&","                    typeof XMLHttpRequest.prototype.open === 'function' &&","                    'browser';","            } catch (errorCaughtBrowser) {","                return module.exports &&","                    typeof process.versions.node === 'string' &&","                    typeof require('http').createServer === 'function' &&","                    'node';","            }","        }());","        // init global","        local.global = local.modeJs === 'browser'","            ? window","            : global;","        switch (local.modeJs) {","        // re-init local from window.local","        case 'browser':","            local = local.global.utility2.objectSetDefault(","                local.global.utility2_rollup || local.global.local,","                local.global.utility2","            );","            break;","        // re-init local from example.js","        case 'node':","            local = (local.global.utility2_rollup || require('utility2'))","                .requireExampleJsFromReadme();","            break;","        }","        // export local","        local.global.local = local;","    }());","","","","    // run shared js-env code - function","    (function () {","        return;","    }());","    switch (local.modeJs) {","","","","    // run browser js-env code - function","    case 'browser':","        break;","","","","    // run node js-env code - function","    case 'node':","        break;","    }","","","","    // run shared js-env code - post-init","    (function () {","        return;","    }());","    switch (local.modeJs) {","","","","    // run browser js-env code - post-init","    case 'browser':","        // run tests","        local.nop(local.modeTest &&","            document.querySelector('#testRunButton1') &&","            document.querySelector('#testRunButton1').click());","        break;","","","","    // run node js-env code - post-init","    /* istanbul ignore next */","    case 'node':","        local.testCase_buildApidoc_default = local.testCase_buildApidoc_default || function (","            options,","            onError","        ) {","        /*","         * this function will test buildApidoc's default handling-behavior-behavior","         */","            options = { modulePathList: module.paths };","            local.buildApidoc(options, onError);","        };","","        local.testCase_buildApp_default = local.testCase_buildApp_default || function (","            options,","            onError","        ) {","        /*","         * this function will test buildApp's default handling-behavior-behavior","         */","            local.testCase_buildReadme_default(options, local.onErrorThrow);","            local.testCase_buildLib_default(options, local.onErrorThrow);","            local.testCase_buildTest_default(options, local.onErrorThrow);","            local.testCase_buildCustomOrg_default(options, local.onErrorThrow);","            options = [];","            local.buildApp(options, onError);","        };","","        local.testCase_buildCustomOrg_default = local.testCase_buildCustomOrg_default ||","            function (options, onError) {","            /*","             * this function will test buildCustomOrg's default handling-behavior","             */","                options = {};","                local.buildCustomOrg(options, onError);","            };","","        local.testCase_buildLib_default = local.testCase_buildLib_default || function (","            options,","            onError","        ) {","        /*","         * this function will test buildLib's default handling-behavior","         */","            options = {};","            local.buildLib(options, onError);","        };","","        local.testCase_buildReadme_default = local.testCase_buildReadme_default || function (","            options,","            onError","        ) {","        /*","         * this function will test buildReadme's default handling-behavior-behavior","         */","            options = {};","            local.buildReadme(options, onError);","        };","","        local.testCase_buildTest_default = local.testCase_buildTest_default || function (","            options,","            onError","        ) {","        /*","         * this function will test buildTest's default handling-behavior","         */","            options = {};","            local.buildTest(options, onError);","        };","","        local.testCase_webpage_default = local.testCase_webpage_default || function (","            options,","            onError","        ) {","        /*","         * this function will test webpage's default handling-behavior","         */","            options = { modeCoverageMerge: true, url: local.serverLocalHost + '?modeTest=1' };","            local.browserTest(options, onError);","        };","","        // run test-server","        local.testRunServer(local);","        break;","    }","}());",""],"l":{"12":2,"14":2,"19":2,"21":2,"23":2,"24":2,"25":2,"30":1,"37":2,"40":2,"43":1,"47":1,"50":1,"52":1,"55":2,"61":2,"62":2,"64":2,"70":1,"76":1,"82":2,"83":2,"85":2,"92":1,"95":1,"102":1,"109":1,"110":1,"113":1,"120":1,"121":1,"122":1,"123":1,"124":1,"125":1,"128":1,"133":2,"134":2,"137":1,"144":2,"145":2,"148":1,"155":2,"156":2,"159":1,"166":2,"167":2,"170":1,"177":1,"178":1,"182":1,"183":1}},"/home/travis/build/npmtest/node-npmtest-pm2-web/lib.npmtest_pm2_web.js":{"path":"/home/travis/build/npmtest/node-npmtest-pm2-web/lib.npmtest_pm2_web.js","s":{"1":2,"2":2,"3":2,"4":2,"5":2,"6":2,"7":2,"8":1,"9":2,"10":2,"11":2,"12":2,"13":1,"14":1,"15":1,"16":1},"b":{"1":[2,1,1,1],"2":[1,1,1,1],"3":[1,1],"4":[2,2],"5":[1,1]},"f":{"1":2,"2":2,"3":2},"fnMap":{"1":{"name":"(anonymous_1)","line":12,"loc":{"start":{"line":12,"column":1},"end":{"line":12,"column":13}}},"2":{"name":"(anonymous_2)","line":19,"loc":{"start":{"line":19,"column":5},"end":{"line":19,"column":17}}},"3":{"name":"(anonymous_3)","line":23,"loc":{"start":{"line":23,"column":24},"end":{"line":23,"column":36}}}},"statementMap":{"1":{"start":{"line":12,"column":0},"end":{"line":53,"column":5}},"2":{"start":{"line":14,"column":4},"end":{"line":14,"column":14}},"3":{"start":{"line":19,"column":4},"end":{"line":52,"column":9}},"4":{"start":{"line":21,"column":8},"end":{"line":21,"column":19}},"5":{"start":{"line":23,"column":8},"end":{"line":35,"column":13}},"6":{"start":{"line":24,"column":12},"end":{"line":34,"column":13}},"7":{"start":{"line":25,"column":16},"end":{"line":28,"column":30}},"8":{"start":{"line":30,"column":16},"end":{"line":33,"column":27}},"9":{"start":{"line":37,"column":8},"end":{"line":39,"column":21}},"10":{"start":{"line":41,"column":8},"end":{"line":41,"column":54}},"11":{"start":{"line":43,"column":8},"end":{"line":43,"column":52}},"12":{"start":{"line":45,"column":8},"end":{"line":51,"column":9}},"13":{"start":{"line":46,"column":12},"end":{"line":46,"column":58}},"14":{"start":{"line":48,"column":12},"end":{"line":48,"column":35}},"15":{"start":{"line":49,"column":12},"end":{"line":49,"column":49}},"16":{"start":{"line":50,"column":12},"end":{"line":50,"column":43}}},"branchMap":{"1":{"line":25,"type":"binary-expr","locations":[{"start":{"line":25,"column":23},"end":{"line":25,"column":62}},{"start":{"line":26,"column":20},"end":{"line":26,"column":70}},{"start":{"line":27,"column":20},"end":{"line":27,"column":71}},{"start":{"line":28,"column":20},"end":{"line":28,"column":29}}]},"2":{"line":30,"type":"binary-expr","locations":[{"start":{"line":30,"column":23},"end":{"line":30,"column":37}},{"start":{"line":31,"column":20},"end":{"line":31,"column":61}},{"start":{"line":32,"column":20},"end":{"line":32,"column":70}},{"start":{"line":33,"column":20},"end":{"line":33,"column":26}}]},"3":{"line":37,"type":"cond-expr","locations":[{"start":{"line":38,"column":14},"end":{"line":38,"column":20}},{"start":{"line":39,"column":14},"end":{"line":39,"column":20}}]},"4":{"line":41,"type":"binary-expr","locations":[{"start":{"line":41,"column":16},"end":{"line":41,"column":44}},{"start":{"line":41,"column":48},"end":{"line":41,"column":53}}]},"5":{"line":45,"type":"if","locations":[{"start":{"line":45,"column":8},"end":{"line":45,"column":8}},{"start":{"line":45,"column":8},"end":{"line":45,"column":8}}]}},"code":["/* istanbul instrument in package npmtest_pm2_web */","/*jslint","    bitwise: true,","    browser: true,","    maxerr: 8,","    maxlen: 96,","    node: true,","    nomen: true,","    regexp: true,","    stupid: true","*/","(function () {","    'use strict';","    var local;","","","","    // run shared js-env code - pre-init","    (function () {","        // init local","        local = {};","        // init modeJs","        local.modeJs = (function () {","            try {","                return typeof navigator.userAgent === 'string' &&","                    typeof document.querySelector('body') === 'object' &&","                    typeof XMLHttpRequest.prototype.open === 'function' &&","                    'browser';","            } catch (errorCaughtBrowser) {","                return module.exports &&","                    typeof process.versions.node === 'string' &&","                    typeof require('http').createServer === 'function' &&","                    'node';","            }","        }());","        // init global","        local.global = local.modeJs === 'browser'","            ? window","            : global;","        // init utility2_rollup","        local = local.global.utility2_rollup || local;","        // init lib","        local.local = local.npmtest_pm2_web = local;","        // init exports","        if (local.modeJs === 'browser') {","            local.global.utility2_npmtest_pm2_web = local;","        } else {","            module.exports = local;","            module.exports.__dirname = __dirname;","            module.exports.module = module;","        }","    }());","}());",""],"l":{"12":2,"14":2,"19":2,"21":2,"23":2,"24":2,"25":2,"30":1,"37":2,"41":2,"43":2,"45":2,"46":1,"48":1,"49":1,"50":1}},"/home/travis/build/npmtest/node-npmtest-pm2-web/example.js":{"path":"/home/travis/build/npmtest/node-npmtest-pm2-web/example.js","s":{"1":2,"2":2,"3":2,"4":2,"5":2,"6":2,"7":2,"8":1,"9":2,"10":2,"11":2,"12":2,"13":1,"14":2,"15":2,"16":2,"17":2,"18":2,"19":0,"20":2,"21":1,"22":1,"23":1,"24":1,"25":1,"26":0,"27":0,"28":1,"29":1,"30":2,"31":0,"32":0,"33":0,"34":1,"35":2,"36":2,"37":2,"38":2,"39":2,"40":2,"41":0,"42":2,"43":2,"44":2,"45":1,"46":3,"47":1,"48":1,"49":1,"50":1,"51":1,"52":1,"53":1,"54":1,"55":1,"56":1,"57":0,"58":1,"59":6,"60":6,"61":1,"62":2,"63":0,"64":2,"65":1,"66":1,"67":0,"68":0,"69":0,"70":0,"71":0,"72":0,"73":0,"74":0,"75":0,"76":0,"77":0,"78":0,"79":0,"80":0,"81":0,"82":0,"83":0},"b":{"1":[2,1,1,1],"2":[1,1,1,1],"3":[1,1],"4":[2,2],"5":[1,1],"6":[1,1],"7":[2,0],"8":[2,1,1,1,1,1],"9":[0,2,0],"10":[1,1],"11":[2,1,1],"12":[1,0],"13":[0,2],"14":[2,0,0,0,0,0,0],"15":[0,2],"16":[2,0],"17":[1,1],"18":[0,1],"19":[1,2,0,2],"20":[1,0],"21":[1,1],"22":[0,0],"23":[0,0],"24":[0,0],"25":[0,0],"26":[0,0],"27":[0,0],"28":[0,0]},"f":{"1":2,"2":2,"3":2,"4":2,"5":2,"6":2,"7":2,"8":2,"9":3,"10":1,"11":6,"12":0},"fnMap":{"1":{"name":"(anonymous_1)","line":26,"loc":{"start":{"line":26,"column":1},"end":{"line":26,"column":13}}},"2":{"name":"(anonymous_2)","line":33,"loc":{"start":{"line":33,"column":5},"end":{"line":33,"column":17}}},"3":{"name":"(anonymous_3)","line":37,"loc":{"start":{"line":37,"column":24},"end":{"line":37,"column":36}}},"4":{"name":"(anonymous_4)","line":69,"loc":{"start":{"line":69,"column":31},"end":{"line":69,"column":48}},"skip":true},"5":{"name":"(anonymous_5)","line":78,"loc":{"start":{"line":78,"column":26},"end":{"line":78,"column":45}},"skip":true},"6":{"name":"(anonymous_6)","line":123,"loc":{"start":{"line":123,"column":33},"end":{"line":123,"column":48}},"skip":true},"7":{"name":"(anonymous_7)","line":125,"loc":{"start":{"line":125,"column":27},"end":{"line":125,"column":39}},"skip":true},"8":{"name":"(anonymous_8)","line":133,"loc":{"start":{"line":133,"column":59},"end":{"line":133,"column":74}},"skip":true},"9":{"name":"(anonymous_9)","line":143,"loc":{"start":{"line":143,"column":45},"end":{"line":143,"column":62}},"skip":true},"10":{"name":"(anonymous_10)","line":144,"loc":{"start":{"line":144,"column":73},"end":{"line":144,"column":92}},"skip":true},"11":{"name":"(anonymous_11)","line":272,"loc":{"start":{"line":272,"column":51},"end":{"line":272,"column":77}},"skip":true},"12":{"name":"(anonymous_12)","line":314,"loc":{"start":{"line":314,"column":32},"end":{"line":314,"column":61}},"skip":true}},"statementMap":{"1":{"start":{"line":26,"column":0},"end":{"line":325,"column":5}},"2":{"start":{"line":28,"column":4},"end":{"line":28,"column":14}},"3":{"start":{"line":33,"column":4},"end":{"line":60,"column":9}},"4":{"start":{"line":35,"column":8},"end":{"line":35,"column":19}},"5":{"start":{"line":37,"column":8},"end":{"line":49,"column":13}},"6":{"start":{"line":38,"column":12},"end":{"line":48,"column":13}},"7":{"start":{"line":39,"column":16},"end":{"line":42,"column":30}},"8":{"start":{"line":44,"column":16},"end":{"line":47,"column":27}},"9":{"start":{"line":51,"column":8},"end":{"line":53,"column":21}},"10":{"start":{"line":55,"column":8},"end":{"line":57,"column":45}},"11":{"start":{"line":59,"column":8},"end":{"line":59,"column":35}},"12":{"start":{"line":61,"column":4},"end":{"line":324,"column":5}},"13":{"start":{"line":69,"column":8},"end":{"line":121,"column":10},"skip":true},"14":{"start":{"line":70,"column":12},"end":{"line":88,"column":13},"skip":true},"15":{"start":{"line":76,"column":16},"end":{"line":87,"column":19},"skip":true},"16":{"start":{"line":79,"column":20},"end":{"line":86,"column":21},"skip":true},"17":{"start":{"line":82,"column":24},"end":{"line":82,"column":43},"skip":true},"18":{"start":{"line":83,"column":24},"end":{"line":83,"column":30},"skip":true},"19":{"start":{"line":85,"column":24},"end":{"line":85,"column":49},"skip":true},"20":{"start":{"line":89,"column":12},"end":{"line":107,"column":13},"skip":true},"21":{"start":{"line":92,"column":16},"end":{"line":102,"column":17},"skip":true},"22":{"start":{"line":93,"column":20},"end":{"line":93,"column":86},"skip":true},"23":{"start":{"line":94,"column":20},"end":{"line":95,"column":45},"skip":true},"24":{"start":{"line":96,"column":20},"end":{"line":96,"column":42},"skip":true},"25":{"start":{"line":97,"column":20},"end":{"line":97,"column":48},"skip":true},"26":{"start":{"line":100,"column":20},"end":{"line":100,"column":85},"skip":true},"27":{"start":{"line":101,"column":20},"end":{"line":101,"column":96},"skip":true},"28":{"start":{"line":103,"column":16},"end":{"line":103,"column":22},"skip":true},"29":{"start":{"line":106,"column":16},"end":{"line":106,"column":22},"skip":true},"30":{"start":{"line":108,"column":12},"end":{"line":120,"column":13},"skip":true},"31":{"start":{"line":114,"column":16},"end":{"line":119,"column":17},"skip":true},"32":{"start":{"line":116,"column":20},"end":{"line":116,"column":78},"skip":true},"33":{"start":{"line":118,"column":20},"end":{"line":118,"column":53},"skip":true},"34":{"start":{"line":123,"column":8},"end":{"line":141,"column":11},"skip":true},"35":{"start":{"line":124,"column":12},"end":{"line":124,"column":54},"skip":true},"36":{"start":{"line":125,"column":12},"end":{"line":140,"column":14},"skip":true},"37":{"start":{"line":126,"column":16},"end":{"line":126,"column":28},"skip":true},"38":{"start":{"line":127,"column":16},"end":{"line":127,"column":69},"skip":true},"39":{"start":{"line":128,"column":16},"end":{"line":128,"column":75},"skip":true},"40":{"start":{"line":129,"column":16},"end":{"line":131,"column":17},"skip":true},"41":{"start":{"line":130,"column":20},"end":{"line":130,"column":27},"skip":true},"42":{"start":{"line":133,"column":16},"end":{"line":137,"column":36},"skip":true},"43":{"start":{"line":134,"column":20},"end":{"line":136,"column":55},"skip":true},"44":{"start":{"line":139,"column":16},"end":{"line":139,"column":57},"skip":true},"45":{"start":{"line":143,"column":8},"end":{"line":147,"column":11},"skip":true},"46":{"start":{"line":144,"column":12},"end":{"line":146,"column":15},"skip":true},"47":{"start":{"line":145,"column":16},"end":{"line":145,"column":70},"skip":true},"48":{"start":{"line":149,"column":8},"end":{"line":149,"column":31},"skip":true},"49":{"start":{"line":150,"column":8},"end":{"line":150,"column":14},"skip":true},"50":{"start":{"line":158,"column":8},"end":{"line":158,"column":31},"skip":true},"51":{"start":{"line":160,"column":8},"end":{"line":160,"column":33},"skip":true},"52":{"start":{"line":161,"column":8},"end":{"line":161,"column":37},"skip":true},"53":{"start":{"line":162,"column":8},"end":{"line":162,"column":35},"skip":true},"54":{"start":{"line":164,"column":8},"end":{"line":164,"column":50},"skip":true},"55":{"start":{"line":166,"column":8},"end":{"line":256,"column":2},"skip":true},"56":{"start":{"line":258,"column":8},"end":{"line":286,"column":9},"skip":true},"57":{"start":{"line":259,"column":12},"end":{"line":269,"column":14},"skip":true},"58":{"start":{"line":271,"column":12},"end":{"line":285,"column":19},"skip":true},"59":{"start":{"line":274,"column":20},"end":{"line":274,"column":35},"skip":true},"60":{"start":{"line":275,"column":20},"end":{"line":284,"column":21},"skip":true},"61":{"start":{"line":277,"column":24},"end":{"line":277,"column":64},"skip":true},"62":{"start":{"line":279,"column":24},"end":{"line":279,"column":40},"skip":true},"63":{"start":{"line":281,"column":24},"end":{"line":281,"column":40},"skip":true},"64":{"start":{"line":283,"column":24},"end":{"line":283,"column":39},"skip":true},"65":{"start":{"line":288,"column":8},"end":{"line":290,"column":9},"skip":true},"66":{"start":{"line":289,"column":12},"end":{"line":289,"column":18},"skip":true},"67":{"start":{"line":291,"column":8},"end":{"line":293,"column":54},"skip":true},"68":{"start":{"line":294,"column":8},"end":{"line":301,"column":37},"skip":true},"69":{"start":{"line":302,"column":8},"end":{"line":302,"column":82},"skip":true},"70":{"start":{"line":305,"column":8},"end":{"line":307,"column":9},"skip":true},"71":{"start":{"line":306,"column":12},"end":{"line":306,"column":82},"skip":true},"72":{"start":{"line":309,"column":8},"end":{"line":311,"column":9},"skip":true},"73":{"start":{"line":310,"column":12},"end":{"line":310,"column":18},"skip":true},"74":{"start":{"line":312,"column":8},"end":{"line":312,"column":54},"skip":true},"75":{"start":{"line":313,"column":8},"end":{"line":313,"column":69},"skip":true},"76":{"start":{"line":314,"column":8},"end":{"line":322,"column":36},"skip":true},"77":{"start":{"line":315,"column":12},"end":{"line":315,"column":61},"skip":true},"78":{"start":{"line":316,"column":12},"end":{"line":319,"column":13},"skip":true},"79":{"start":{"line":317,"column":16},"end":{"line":317,"column":75},"skip":true},"80":{"start":{"line":318,"column":16},"end":{"line":318,"column":23},"skip":true},"81":{"start":{"line":320,"column":12},"end":{"line":320,"column":38},"skip":true},"82":{"start":{"line":321,"column":12},"end":{"line":321,"column":27},"skip":true},"83":{"start":{"line":323,"column":8},"end":{"line":323,"column":14},"skip":true}},"branchMap":{"1":{"line":39,"type":"binary-expr","locations":[{"start":{"line":39,"column":23},"end":{"line":39,"column":62}},{"start":{"line":40,"column":20},"end":{"line":40,"column":70}},{"start":{"line":41,"column":20},"end":{"line":41,"column":71}},{"start":{"line":42,"column":20},"end":{"line":42,"column":29}}]},"2":{"line":44,"type":"binary-expr","locations":[{"start":{"line":44,"column":23},"end":{"line":44,"column":37}},{"start":{"line":45,"column":20},"end":{"line":45,"column":61}},{"start":{"line":46,"column":20},"end":{"line":46,"column":70}},{"start":{"line":47,"column":20},"end":{"line":47,"column":26}}]},"3":{"line":51,"type":"cond-expr","locations":[{"start":{"line":52,"column":14},"end":{"line":52,"column":20}},{"start":{"line":53,"column":14},"end":{"line":53,"column":20}}]},"4":{"line":55,"type":"binary-expr","locations":[{"start":{"line":55,"column":16},"end":{"line":55,"column":44}},{"start":{"line":55,"column":49},"end":{"line":57,"column":43}}]},"5":{"line":55,"type":"cond-expr","locations":[{"start":{"line":56,"column":14},"end":{"line":56,"column":51}},{"start":{"line":57,"column":14},"end":{"line":57,"column":43}}]},"6":{"line":61,"type":"switch","locations":[{"start":{"line":68,"column":4},"end":{"line":150,"column":14},"skip":true},{"start":{"line":156,"column":4},"end":{"line":323,"column":14},"skip":true}]},"7":{"line":70,"type":"if","locations":[{"start":{"line":70,"column":12},"end":{"line":70,"column":12},"skip":true},{"start":{"line":70,"column":12},"end":{"line":70,"column":12},"skip":true}]},"8":{"line":70,"type":"binary-expr","locations":[{"start":{"line":70,"column":16},"end":{"line":70,"column":22},"skip":true},{"start":{"line":70,"column":27},"end":{"line":70,"column":32},"skip":true},{"start":{"line":71,"column":20},"end":{"line":71,"column":39},"skip":true},{"start":{"line":72,"column":20},"end":{"line":72,"column":49},"skip":true},{"start":{"line":73,"column":20},"end":{"line":73,"column":58},"skip":true},{"start":{"line":74,"column":20},"end":{"line":74,"column":69},"skip":true}]},"9":{"line":79,"type":"switch","locations":[{"start":{"line":80,"column":20},"end":{"line":80,"column":33},"skip":true},{"start":{"line":81,"column":20},"end":{"line":83,"column":30},"skip":true},{"start":{"line":84,"column":20},"end":{"line":85,"column":49},"skip":true}]},"10":{"line":89,"type":"switch","locations":[{"start":{"line":90,"column":12},"end":{"line":103,"column":22},"skip":true},{"start":{"line":105,"column":12},"end":{"line":106,"column":22},"skip":true}]},"11":{"line":89,"type":"binary-expr","locations":[{"start":{"line":89,"column":20},"end":{"line":89,"column":25},"skip":true},{"start":{"line":89,"column":29},"end":{"line":89,"column":48},"skip":true},{"start":{"line":89,"column":52},"end":{"line":89,"column":74},"skip":true}]},"12":{"line":92,"type":"if","locations":[{"start":{"line":92,"column":16},"end":{"line":92,"column":16},"skip":true},{"start":{"line":92,"column":16},"end":{"line":92,"column":16},"skip":true}]},"13":{"line":108,"type":"if","locations":[{"start":{"line":108,"column":12},"end":{"line":108,"column":12},"skip":true},{"start":{"line":108,"column":12},"end":{"line":108,"column":12},"skip":true}]},"14":{"line":108,"type":"binary-expr","locations":[{"start":{"line":108,"column":16},"end":{"line":108,"column":61},"skip":true},{"start":{"line":108,"column":66},"end":{"line":108,"column":72},"skip":true},{"start":{"line":108,"column":77},"end":{"line":108,"column":82},"skip":true},{"start":{"line":109,"column":20},"end":{"line":109,"column":39},"skip":true},{"start":{"line":110,"column":20},"end":{"line":110,"column":49},"skip":true},{"start":{"line":111,"column":20},"end":{"line":111,"column":58},"skip":true},{"start":{"line":112,"column":20},"end":{"line":112,"column":68},"skip":true}]},"15":{"line":129,"type":"if","locations":[{"start":{"line":129,"column":16},"end":{"line":129,"column":16},"skip":true},{"start":{"line":129,"column":16},"end":{"line":129,"column":16},"skip":true}]},"16":{"line":134,"type":"cond-expr","locations":[{"start":{"line":135,"column":26},"end":{"line":135,"column":29},"skip":true},{"start":{"line":136,"column":26},"end":{"line":136,"column":54},"skip":true}]},"17":{"line":164,"type":"binary-expr","locations":[{"start":{"line":164,"column":27},"end":{"line":164,"column":43},"skip":true},{"start":{"line":164,"column":47},"end":{"line":164,"column":49},"skip":true}]},"18":{"line":258,"type":"if","locations":[{"start":{"line":258,"column":8},"end":{"line":258,"column":8},"skip":true},{"start":{"line":258,"column":8},"end":{"line":258,"column":8},"skip":true}]},"19":{"line":275,"type":"switch","locations":[{"start":{"line":276,"column":20},"end":{"line":277,"column":64},"skip":true},{"start":{"line":278,"column":20},"end":{"line":279,"column":40},"skip":true},{"start":{"line":280,"column":20},"end":{"line":281,"column":40},"skip":true},{"start":{"line":282,"column":20},"end":{"line":283,"column":39},"skip":true}]},"20":{"line":288,"type":"if","locations":[{"start":{"line":288,"column":8},"end":{"line":288,"column":8},"skip":true},{"start":{"line":288,"column":8},"end":{"line":288,"column":8},"skip":true}]},"21":{"line":288,"type":"binary-expr","locations":[{"start":{"line":288,"column":12},"end":{"line":288,"column":40},"skip":true},{"start":{"line":288,"column":44},"end":{"line":288,"column":67},"skip":true}]},"22":{"line":292,"type":"binary-expr","locations":[{"start":{"line":292,"column":12},"end":{"line":292,"column":50},"skip":true},{"start":{"line":293,"column":12},"end":{"line":293,"column":53},"skip":true}]},"23":{"line":295,"type":"binary-expr","locations":[{"start":{"line":295,"column":12},"end":{"line":295,"column":65},"skip":true},{"start":{"line":296,"column":12},"end":{"line":301,"column":36},"skip":true}]},"24":{"line":302,"type":"binary-expr","locations":[{"start":{"line":302,"column":43},"end":{"line":302,"column":75},"skip":true},{"start":{"line":302,"column":79},"end":{"line":302,"column":81},"skip":true}]},"25":{"line":305,"type":"if","locations":[{"start":{"line":305,"column":8},"end":{"line":305,"column":8},"skip":true},{"start":{"line":305,"column":8},"end":{"line":305,"column":8},"skip":true}]},"26":{"line":309,"type":"if","locations":[{"start":{"line":309,"column":8},"end":{"line":309,"column":8},"skip":true},{"start":{"line":309,"column":8},"end":{"line":309,"column":8},"skip":true}]},"27":{"line":312,"type":"binary-expr","locations":[{"start":{"line":312,"column":27},"end":{"line":312,"column":43},"skip":true},{"start":{"line":312,"column":47},"end":{"line":312,"column":53},"skip":true}]},"28":{"line":316,"type":"if","locations":[{"start":{"line":316,"column":12},"end":{"line":316,"column":12},"skip":true},{"start":{"line":316,"column":12},"end":{"line":316,"column":12},"skip":true}]}},"code":["/*","example.js","","quickstart example","","instruction","    1. save this script as example.js","    2. run the shell command:","        $ npm install npmtest-pm2-web && PORT=8081 node example.js","    3. play with the browser-demo on http://127.0.0.1:8081","*/","","","","/* istanbul instrument in package npmtest_pm2_web */","/*jslint","    bitwise: true,","    browser: true,","    maxerr: 8,","    maxlen: 96,","    node: true,","    nomen: true,","    regexp: true,","    stupid: true","*/","(function () {","    'use strict';","    var local;","","","","    // run shared js-env code - pre-init","    (function () {","        // init local","        local = {};","        // init modeJs","        local.modeJs = (function () {","            try {","                return typeof navigator.userAgent === 'string' &&","                    typeof document.querySelector('body') === 'object' &&","                    typeof XMLHttpRequest.prototype.open === 'function' &&","                    'browser';","            } catch (errorCaughtBrowser) {","                return module.exports &&","                    typeof process.versions.node === 'string' &&","                    typeof require('http').createServer === 'function' &&","                    'node';","            }","        }());","        // init global","        local.global = local.modeJs === 'browser'","            ? window","            : global;","        // init utility2_rollup","        local = local.global.utility2_rollup || (local.modeJs === 'browser'","            ? local.global.utility2_npmtest_pm2_web","            : global.utility2_moduleExports);","        // export local","        local.global.local = local;","    }());","    switch (local.modeJs) {","","","","    // post-init","    // run browser js-env code - post-init","    /* istanbul ignore next */","    case 'browser':","        local.testRunBrowser = function (event) {","            if (!event || (event &&","                    event.currentTarget &&","                    event.currentTarget.className &&","                    event.currentTarget.className.includes &&","                    event.currentTarget.className.includes('onreset'))) {","                // reset output","                Array.from(","                    document.querySelectorAll('body > .resettable')","                ).forEach(function (element) {","                    switch (element.tagName) {","                    case 'INPUT':","                    case 'TEXTAREA':","                        element.value = '';","                        break;","                    default:","                        element.textContent = '';","                    }","                });","            }","            switch (event && event.currentTarget && event.currentTarget.id) {","            case 'testRunButton1':","                // show tests","                if (document.querySelector('#testReportDiv1').style.display === 'none') {","                    document.querySelector('#testReportDiv1').style.display = 'block';","                    document.querySelector('#testRunButton1').textContent =","                        'hide internal test';","                    local.modeTest = true;","                    local.testRunDefault(local);","                // hide tests","                } else {","                    document.querySelector('#testReportDiv1').style.display = 'none';","                    document.querySelector('#testRunButton1').textContent = 'run internal test';","                }","                break;","            // custom-case","            default:","                break;","            }","            if (document.querySelector('#inputTextareaEval1') && (!event || (event &&","                    event.currentTarget &&","                    event.currentTarget.className &&","                    event.currentTarget.className.includes &&","                    event.currentTarget.className.includes('oneval')))) {","                // try to eval input-code","                try {","                    /*jslint evil: true*/","                    eval(document.querySelector('#inputTextareaEval1').value);","                } catch (errorCaught) {","                    console.error(errorCaught.stack);","                }","            }","        };","        // log stderr and stdout to #outputTextareaStdout1","        ['error', 'log'].forEach(function (key) {","            console[key + '_original'] = console[key];","            console[key] = function () {","                var element;","                console[key + '_original'].apply(console, arguments);","                element = document.querySelector('#outputTextareaStdout1');","                if (!element) {","                    return;","                }","                // append text to #outputTextareaStdout1","                element.value += Array.from(arguments).map(function (arg) {","                    return typeof arg === 'string'","                        ? arg","                        : JSON.stringify(arg, null, 4);","                }).join(' ') + '\\n';","                // scroll textarea to bottom","                element.scrollTop = element.scrollHeight;","            };","        });","        // init event-handling","        ['change', 'click', 'keyup'].forEach(function (event) {","            Array.from(document.querySelectorAll('.on' + event)).forEach(function (element) {","                element.addEventListener(event, local.testRunBrowser);","            });","        });","        // run tests","        local.testRunBrowser();","        break;","","","","    // run node js-env code - post-init","    /* istanbul ignore next */","    case 'node':","        // export local","        module.exports = local;","        // require modules","        local.fs = require('fs');","        local.http = require('http');","        local.url = require('url');","        // init assets","        local.assetsDict = local.assetsDict || {};","        /* jslint-ignore-begin */","        local.assetsDict['/assets.index.template.html'] = '\\","<!doctype html>\\n\\","<html lang=\"en\">\\n\\","<head>\\n\\","<meta charset=\"UTF-8\">\\n\\","<meta name=\"viewport\" content=\"width=device-width, initial-scale=1\">\\n\\","<title>{{env.npm_package_name}} (v{{env.npm_package_version}})</title>\\n\\","<style>\\n\\","/*csslint\\n\\","    box-sizing: false,\\n\\","    universal-selector: false\\n\\","*/\\n\\","* {\\n\\","    box-sizing: border-box;\\n\\","}\\n\\","body {\\n\\","    background: #dde;\\n\\","    font-family: Arial, Helvetica, sans-serif;\\n\\","    margin: 2rem;\\n\\","}\\n\\","body > * {\\n\\","    margin-bottom: 1rem;\\n\\","}\\n\\",".utility2FooterDiv {\\n\\","    margin-top: 20px;\\n\\","    text-align: center;\\n\\","}\\n\\","</style>\\n\\","<style>\\n\\","/*csslint\\n\\","*/\\n\\","textarea {\\n\\","    font-family: monospace;\\n\\","    height: 10rem;\\n\\","    width: 100%;\\n\\","}\\n\\","textarea[readonly] {\\n\\","    background: #ddd;\\n\\","}\\n\\","</style>\\n\\","</head>\\n\\","<body>\\n\\","<!-- utility2-comment\\n\\","<div id=\"ajaxProgressDiv1\" style=\"background: #d00; height: 2px; left: 0; margin: 0; padding: 0; position: fixed; top: 0; transition: background 0.5s, width 1.5s; width: 25%;\"></div>\\n\\","utility2-comment -->\\n\\","<h1>\\n\\","<!-- utility2-comment\\n\\","    <a\\n\\","        {{#if env.npm_package_homepage}}\\n\\","        href=\"{{env.npm_package_homepage}}\"\\n\\","        {{/if env.npm_package_homepage}}\\n\\","        target=\"_blank\"\\n\\","    >\\n\\","utility2-comment -->\\n\\","        {{env.npm_package_name}} (v{{env.npm_package_version}})\\n\\","<!-- utility2-comment\\n\\","    </a>\\n\\","utility2-comment -->\\n\\","</h1>\\n\\","<h3>{{env.npm_package_description}}</h3>\\n\\","<!-- utility2-comment\\n\\","<h4><a download href=\"assets.app.js\">download standalone app</a></h4>\\n\\","<button class=\"onclick onreset\" id=\"testRunButton1\">run internal test</button><br>\\n\\","<div id=\"testReportDiv1\" style=\"display: none;\"></div>\\n\\","utility2-comment -->\\n\\","\\n\\","\\n\\","\\n\\","<label>stderr and stdout</label>\\n\\","<textarea class=\"resettable\" id=\"outputTextareaStdout1\" readonly></textarea>\\n\\","<!-- utility2-comment\\n\\","{{#if isRollup}}\\n\\","<script src=\"assets.app.js\"></script>\\n\\","{{#unless isRollup}}\\n\\","utility2-comment -->\\n\\","<script src=\"assets.utility2.rollup.js\"></script>\\n\\","<script src=\"jsonp.utility2._stateInit?callback=window.utility2._stateInit\"></script>\\n\\","<script src=\"assets.npmtest_pm2_web.rollup.js\"></script>\\n\\","<script src=\"assets.example.js\"></script>\\n\\","<script src=\"assets.test.js\"></script>\\n\\","<!-- utility2-comment\\n\\","{{/if isRollup}}\\n\\","utility2-comment -->\\n\\","<div class=\"utility2FooterDiv\">\\n\\","    [ this app was created with\\n\\","    <a href=\"https://github.com/kaizhu256/node-utility2\" target=\"_blank\">utility2</a>\\n\\","    ]\\n\\","</div>\\n\\","</body>\\n\\","</html>\\n\\","';","        /* jslint-ignore-end */","        if (local.templateRender) {","            local.assetsDict['/'] = local.templateRender(","                local.assetsDict['/assets.index.template.html'],","                {","                    env: local.objectSetDefault(local.env, {","                        npm_package_description: 'the greatest app in the world!',","                        npm_package_name: 'my-app',","                        npm_package_nameAlias: 'my_app',","                        npm_package_version: '0.0.1'","                    })","                }","            );","        } else {","            local.assetsDict['/'] = local.assetsDict['/assets.index.template.html']","                .replace((/\\{\\{env\\.(\\w+?)\\}\\}/g), function (match0, match1) {","                    // jslint-hack","                    String(match0);","                    switch (match1) {","                    case 'npm_package_description':","                        return 'the greatest app in the world!';","                    case 'npm_package_name':","                        return 'my-app';","                    case 'npm_package_nameAlias':","                        return 'my_app';","                    case 'npm_package_version':","                        return '0.0.1';","                    }","                });","        }","        // run the cli","        if (local.global.utility2_rollup || module !== require.main) {","            break;","        }","        local.assetsDict['/assets.example.js'] =","            local.assetsDict['/assets.example.js'] ||","            local.fs.readFileSync(__filename, 'utf8');","        local.assetsDict['/assets.npmtest_pm2_web.rollup.js'] =","            local.assetsDict['/assets.npmtest_pm2_web.rollup.js'] ||","            local.fs.readFileSync(","                // buildCustomOrg-hack","                local.npmtest_pm2_web.__dirname +","                    '/lib.npmtest_pm2_web.js',","                'utf8'","            ).replace((/^#!/), '//');","        local.assetsDict['/favicon.ico'] = local.assetsDict['/favicon.ico'] || '';","        // if $npm_config_timeout_exit exists,","        // then exit this process after $npm_config_timeout_exit ms","        if (Number(process.env.npm_config_timeout_exit)) {","            setTimeout(process.exit, Number(process.env.npm_config_timeout_exit));","        }","        // start server","        if (local.global.utility2_serverHttp1) {","            break;","        }","        process.env.PORT = process.env.PORT || '8081';","        console.error('server starting on port ' + process.env.PORT);","        local.http.createServer(function (request, response) {","            request.urlParsed = local.url.parse(request.url);","            if (local.assetsDict[request.urlParsed.pathname] !== undefined) {","                response.end(local.assetsDict[request.urlParsed.pathname]);","                return;","            }","            response.statusCode = 404;","            response.end();","        }).listen(process.env.PORT);","        break;","    }","}());",""],"l":{"26":2,"28":2,"33":2,"35":2,"37":2,"38":2,"39":2,"44":1,"51":2,"55":2,"59":2,"61":2,"69":1,"70":2,"76":2,"79":2,"82":2,"83":2,"85":1,"89":2,"92":1,"93":1,"94":1,"96":1,"97":1,"100":1,"101":1,"103":1,"106":1,"108":2,"114":1,"116":1,"118":1,"123":1,"124":2,"125":2,"126":2,"127":2,"128":2,"129":2,"130":1,"133":2,"134":2,"139":2,"143":1,"144":3,"145":1,"149":1,"150":1,"158":1,"160":1,"161":1,"162":1,"164":1,"166":1,"258":1,"259":1,"271":1,"274":6,"275":6,"277":1,"279":2,"281":1,"283":2,"288":1,"289":1,"291":1,"294":1,"302":1,"305":1,"306":1,"309":1,"310":1,"312":1,"313":1,"314":1,"315":1,"316":1,"317":1,"318":1,"320":1,"321":1,"323":1}},"/home/travis/build/npmtest/node-npmtest-pm2-web/pm2-web/pm2-web.js":{"path":"/home/travis/build/npmtest/node-npmtest-pm2-web/pm2-web/pm2-web.js","s":{"1":1,"2":1,"3":1},"b":{},"f":{},"fnMap":{},"statementMap":{"1":{"start":{"line":2,"column":0},"end":{"line":2,"column":48}},"2":{"start":{"line":4,"column":0},"end":{"line":4,"column":28}},"3":{"start":{"line":5,"column":0},"end":{"line":5,"column":15}}},"branchMap":{},"code":["","var PM2Web = require(__dirname + \"/server/app\");","","var pm2web = new PM2Web({});","pm2web.start();",""],"l":{"2":1,"4":1,"5":1}},"/home/travis/build/npmtest/node-npmtest-pm2-web/pm2-web/server/app.js":{"path":"/home/travis/build/npmtest/node-npmtest-pm2-web/pm2-web/server/app.js","s":{"1":1,"2":1,"3":1,"4":1,"5":1,"6":1,"7":1,"8":1,"9":1,"10":1,"11":1,"12":1,"13":1,"14":1,"15":1,"16":1,"17":1,"18":1,"19":1,"20":0,"21":0,"22":1,"23":1,"24":0,"25":0,"26":1,"27":1,"28":1,"29":2,"30":2,"31":1,"32":1,"33":1,"34":0,"35":0,"36":0,"37":0,"38":0,"39":0,"40":0,"41":0,"42":0,"43":0,"44":0,"45":0,"46":1,"47":1,"48":1,"49":1,"50":1,"51":0,"52":1,"53":1,"54":1,"55":1,"56":1,"57":1,"58":1,"59":0,"60":1,"61":1,"62":1,"63":1,"64":1,"65":1,"66":1,"67":1,"68":1,"69":1,"70":1,"71":1,"72":1,"73":0,"74":1,"75":1,"76":1,"77":1,"78":1,"79":1,"80":1,"81":1,"82":0,"83":0,"84":0,"85":0,"86":0,"87":0,"88":1,"89":0,"90":0,"91":0,"92":0,"93":0,"94":0,"95":0,"96":0,"97":0,"98":0,"99":0,"100":0,"101":0,"102":0,"103":0,"104":0,"105":1},"b":{"1":[1,0],"2":[0,0],"3":[0,0],"4":[0,0],"5":[0,1],"6":[0,0],"7":[0,0],"8":[0,1],"9":[0,1],"10":[0,1],"11":[0,1],"12":[0,0],"13":[0,0]},"f":{"1":1,"2":0,"3":0,"4":2,"5":1,"6":0,"7":0,"8":0,"9":1,"10":1,"11":0,"12":1,"13":1,"14":1,"15":0,"16":0,"17":0},"fnMap":{"1":{"name":"(anonymous_1)","line":15,"loc":{"start":{"line":15,"column":9},"end":{"line":15,"column":27}}},"2":{"name":"(anonymous_2)","line":62,"loc":{"start":{"line":62,"column":33},"end":{"line":62,"column":54}}},"3":{"name":"(anonymous_3)","line":72,"loc":{"start":{"line":72,"column":23},"end":{"line":72,"column":41}}},"4":{"name":"(anonymous_4)","line":83,"loc":{"start":{"line":83,"column":26},"end":{"line":83,"column":69}}},"5":{"name":"(anonymous_5)","line":89,"loc":{"start":{"line":89,"column":33},"end":{"line":89,"column":51}}},"6":{"name":"(anonymous_6)","line":102,"loc":{"start":{"line":102,"column":23},"end":{"line":102,"column":50}}},"7":{"name":"(anonymous_7)","line":105,"loc":{"start":{"line":105,"column":20},"end":{"line":105,"column":31}}},"8":{"name":"(anonymous_8)","line":107,"loc":{"start":{"line":107,"column":56},"end":{"line":107,"column":67}}},"9":{"name":"(anonymous_9)","line":123,"loc":{"start":{"line":123,"column":34},"end":{"line":123,"column":45}}},"10":{"name":"(anonymous_10)","line":159,"loc":{"start":{"line":159,"column":30},"end":{"line":159,"column":48}}},"11":{"name":"(anonymous_11)","line":163,"loc":{"start":{"line":163,"column":30},"end":{"line":163,"column":41}}},"12":{"name":"(anonymous_12)","line":167,"loc":{"start":{"line":167,"column":25},"end":{"line":167,"column":36}}},"13":{"name":"(anonymous_13)","line":170,"loc":{"start":{"line":170,"column":18},"end":{"line":170,"column":29}}},"14":{"name":"(anonymous_14)","line":171,"loc":{"start":{"line":171,"column":76},"end":{"line":171,"column":87}}},"15":{"name":"(anonymous_15)","line":197,"loc":{"start":{"line":197,"column":24},"end":{"line":197,"column":35}}},"16":{"name":"(anonymous_16)","line":202,"loc":{"start":{"line":202,"column":20},"end":{"line":202,"column":31}}},"17":{"name":"(anonymous_17)","line":219,"loc":{"start":{"line":219,"column":29},"end":{"line":219,"column":40}}}},"statementMap":{"1":{"start":{"line":1,"column":0},"end":{"line":2,"column":41}},"2":{"start":{"line":3,"column":1},"end":{"line":11,"column":45}},"3":{"start":{"line":13,"column":0},"end":{"line":13,"column":36}},"4":{"start":{"line":15,"column":0},"end":{"line":80,"column":2}},"5":{"start":{"line":16,"column":1},"end":{"line":16,"column":25}},"6":{"start":{"line":19,"column":1},"end":{"line":19,"column":35}},"7":{"start":{"line":22,"column":1},"end":{"line":29,"column":4}},"8":{"start":{"line":32,"column":1},"end":{"line":32,"column":25}},"9":{"start":{"line":33,"column":1},"end":{"line":33,"column":51}},"10":{"start":{"line":36,"column":1},"end":{"line":36,"column":104}},"11":{"start":{"line":39,"column":1},"end":{"line":39,"column":90}},"12":{"start":{"line":42,"column":1},"end":{"line":42,"column":75}},"13":{"start":{"line":43,"column":1},"end":{"line":43,"column":98}},"14":{"start":{"line":46,"column":1},"end":{"line":46,"column":39}},"15":{"start":{"line":49,"column":1},"end":{"line":49,"column":50}},"16":{"start":{"line":52,"column":1},"end":{"line":52,"column":112}},"17":{"start":{"line":53,"column":2},"end":{"line":56,"column":4}},"18":{"start":{"line":59,"column":1},"end":{"line":59,"column":98}},"19":{"start":{"line":62,"column":1},"end":{"line":66,"column":15}},"20":{"start":{"line":63,"column":2},"end":{"line":63,"column":145}},"21":{"start":{"line":65,"column":2},"end":{"line":65,"column":18}},"22":{"start":{"line":69,"column":1},"end":{"line":69,"column":44}},"23":{"start":{"line":72,"column":1},"end":{"line":76,"column":4}},"24":{"start":{"line":73,"column":2},"end":{"line":75,"column":3}},"25":{"start":{"line":74,"column":3},"end":{"line":74,"column":15}},"26":{"start":{"line":79,"column":1},"end":{"line":79,"column":42}},"27":{"start":{"line":81,"column":0},"end":{"line":81,"column":36}},"28":{"start":{"line":83,"column":0},"end":{"line":87,"column":2}},"29":{"start":{"line":84,"column":1},"end":{"line":84,"column":50}},"30":{"start":{"line":86,"column":1},"end":{"line":86,"column":57}},"31":{"start":{"line":89,"column":0},"end":{"line":121,"column":1}},"32":{"start":{"line":90,"column":1},"end":{"line":90,"column":45}},"33":{"start":{"line":92,"column":1},"end":{"line":118,"column":2}},"34":{"start":{"line":93,"column":2},"end":{"line":111,"column":3}},"35":{"start":{"line":95,"column":3},"end":{"line":95,"column":54}},"36":{"start":{"line":97,"column":3},"end":{"line":99,"column":4}},"37":{"start":{"line":98,"column":4},"end":{"line":98,"column":49}},"38":{"start":{"line":101,"column":3},"end":{"line":101,"column":31}},"39":{"start":{"line":102,"column":3},"end":{"line":104,"column":6}},"40":{"start":{"line":103,"column":4},"end":{"line":103,"column":46}},"41":{"start":{"line":105,"column":3},"end":{"line":110,"column":17}},"42":{"start":{"line":106,"column":4},"end":{"line":106,"column":58}},"43":{"start":{"line":107,"column":4},"end":{"line":109,"column":18}},"44":{"start":{"line":108,"column":5},"end":{"line":108,"column":140}},"45":{"start":{"line":113,"column":2},"end":{"line":117,"column":20}},"46":{"start":{"line":120,"column":1},"end":{"line":120,"column":35}},"47":{"start":{"line":123,"column":0},"end":{"line":157,"column":1}},"48":{"start":{"line":124,"column":1},"end":{"line":124,"column":45}},"49":{"start":{"line":125,"column":1},"end":{"line":125,"column":35}},"50":{"start":{"line":127,"column":1},"end":{"line":129,"column":2}},"51":{"start":{"line":128,"column":2},"end":{"line":128,"column":36}},"52":{"start":{"line":131,"column":1},"end":{"line":131,"column":25}},"53":{"start":{"line":132,"column":1},"end":{"line":132,"column":27}},"54":{"start":{"line":133,"column":1},"end":{"line":133,"column":36}},"55":{"start":{"line":134,"column":1},"end":{"line":134,"column":44}},"56":{"start":{"line":137,"column":1},"end":{"line":137,"column":52}},"57":{"start":{"line":138,"column":1},"end":{"line":138,"column":63}},"58":{"start":{"line":140,"column":1},"end":{"line":142,"column":2}},"59":{"start":{"line":141,"column":2},"end":{"line":141,"column":119}},"60":{"start":{"line":144,"column":1},"end":{"line":144,"column":36}},"61":{"start":{"line":145,"column":1},"end":{"line":145,"column":34}},"62":{"start":{"line":146,"column":1},"end":{"line":146,"column":28}},"63":{"start":{"line":147,"column":1},"end":{"line":147,"column":46}},"64":{"start":{"line":148,"column":1},"end":{"line":148,"column":55}},"65":{"start":{"line":149,"column":1},"end":{"line":149,"column":50}},"66":{"start":{"line":150,"column":1},"end":{"line":150,"column":29}},"67":{"start":{"line":151,"column":1},"end":{"line":151,"column":52}},"68":{"start":{"line":154,"column":1},"end":{"line":154,"column":37}},"69":{"start":{"line":156,"column":1},"end":{"line":156,"column":16}},"70":{"start":{"line":159,"column":0},"end":{"line":161,"column":2}},"71":{"start":{"line":160,"column":1},"end":{"line":160,"column":25}},"72":{"start":{"line":163,"column":0},"end":{"line":165,"column":2}},"73":{"start":{"line":164,"column":1},"end":{"line":164,"column":22}},"74":{"start":{"line":167,"column":0},"end":{"line":195,"column":2}},"75":{"start":{"line":168,"column":1},"end":{"line":168,"column":45}},"76":{"start":{"line":170,"column":1},"end":{"line":194,"column":15}},"77":{"start":{"line":171,"column":2},"end":{"line":177,"column":16}},"78":{"start":{"line":172,"column":3},"end":{"line":172,"column":140}},"79":{"start":{"line":174,"column":3},"end":{"line":174,"column":140}},"80":{"start":{"line":176,"column":3},"end":{"line":176,"column":22}},"81":{"start":{"line":179,"column":2},"end":{"line":193,"column":3}},"82":{"start":{"line":180,"column":3},"end":{"line":192,"column":4}},"83":{"start":{"line":181,"column":4},"end":{"line":181,"column":32}},"84":{"start":{"line":183,"column":4},"end":{"line":183,"column":128}},"85":{"start":{"line":186,"column":4},"end":{"line":188,"column":7}},"86":{"start":{"line":189,"column":4},"end":{"line":189,"column":25}},"87":{"start":{"line":191,"column":4},"end":{"line":191,"column":115}},"88":{"start":{"line":197,"column":0},"end":{"line":223,"column":2}},"89":{"start":{"line":198,"column":1},"end":{"line":198,"column":45}},"90":{"start":{"line":199,"column":1},"end":{"line":199,"column":18}},"91":{"start":{"line":201,"column":1},"end":{"line":201,"column":48}},"92":{"start":{"line":202,"column":1},"end":{"line":204,"column":4}},"93":{"start":{"line":203,"column":2},"end":{"line":203,"column":46}},"94":{"start":{"line":206,"column":1},"end":{"line":206,"column":45}},"95":{"start":{"line":207,"column":1},"end":{"line":207,"column":49}},"96":{"start":{"line":209,"column":1},"end":{"line":209,"column":59}},"97":{"start":{"line":210,"column":1},"end":{"line":210,"column":45}},"98":{"start":{"line":212,"column":1},"end":{"line":215,"column":2}},"99":{"start":{"line":213,"column":2},"end":{"line":213,"column":53}},"100":{"start":{"line":214,"column":2},"end":{"line":214,"column":22}},"101":{"start":{"line":217,"column":1},"end":{"line":222,"column":2}},"102":{"start":{"line":218,"column":2},"end":{"line":218,"column":70}},"103":{"start":{"line":219,"column":2},"end":{"line":221,"column":5}},"104":{"start":{"line":220,"column":3},"end":{"line":220,"column":68}},"105":{"start":{"line":225,"column":0},"end":{"line":225,"column":24}}},"branchMap":{"1":{"line":32,"type":"binary-expr","locations":[{"start":{"line":32,"column":11},"end":{"line":32,"column":18}},{"start":{"line":32,"column":22},"end":{"line":32,"column":24}}]},"2":{"line":63,"type":"cond-expr","locations":[{"start":{"line":63,"column":99},"end":{"line":63,"column":114}},{"start":{"line":63,"column":117},"end":{"line":63,"column":143}}]},"3":{"line":63,"type":"binary-expr","locations":[{"start":{"line":63,"column":68},"end":{"line":63,"column":77}},{"start":{"line":63,"column":81},"end":{"line":63,"column":96}}]},"4":{"line":73,"type":"if","locations":[{"start":{"line":73,"column":2},"end":{"line":73,"column":2}},{"start":{"line":73,"column":2},"end":{"line":73,"column":2}}]},"5":{"line":92,"type":"if","locations":[{"start":{"line":92,"column":1},"end":{"line":92,"column":1}},{"start":{"line":92,"column":1},"end":{"line":92,"column":1}}]},"6":{"line":93,"type":"if","locations":[{"start":{"line":93,"column":2},"end":{"line":93,"column":2}},{"start":{"line":93,"column":2},"end":{"line":93,"column":2}}]},"7":{"line":97,"type":"if","locations":[{"start":{"line":97,"column":3},"end":{"line":97,"column":3}},{"start":{"line":97,"column":3},"end":{"line":97,"column":3}}]},"8":{"line":127,"type":"if","locations":[{"start":{"line":127,"column":1},"end":{"line":127,"column":1}},{"start":{"line":127,"column":1},"end":{"line":127,"column":1}}]},"9":{"line":140,"type":"if","locations":[{"start":{"line":140,"column":1},"end":{"line":140,"column":1}},{"start":{"line":140,"column":1},"end":{"line":140,"column":1}}]},"10":{"line":174,"type":"cond-expr","locations":[{"start":{"line":174,"column":61},"end":{"line":174,"column":64}},{"start":{"line":174,"column":66},"end":{"line":174,"column":68}}]},"11":{"line":179,"type":"if","locations":[{"start":{"line":179,"column":2},"end":{"line":179,"column":2}},{"start":{"line":179,"column":2},"end":{"line":179,"column":2}}]},"12":{"line":212,"type":"if","locations":[{"start":{"line":212,"column":1},"end":{"line":212,"column":1}},{"start":{"line":212,"column":1},"end":{"line":212,"column":1}}]},"13":{"line":217,"type":"if","locations":[{"start":{"line":217,"column":1},"end":{"line":217,"column":1}},{"start":{"line":217,"column":1},"end":{"line":217,"column":1}}]}},"code":["var winston = require(\"winston\"),","\tContainer = require(\"wantsit\").Container","\tExpress = require(\"express\"),","\thttp = require(\"http\"),","\thttps = require(\"https\"),","\tpath = require(\"path\"),","\tWebSocketServer = require(\"ws\").Server,","\tEventEmitter = require(\"wildemitter\"),","\tutil = require(\"util\"),","\tfs = require(\"fs\"),","\tmethodOverride = require('method-override');","","var REQUIRED_PM2_VERSION = \"0.11.0\";","","PM2Web = function(options) {","\tEventEmitter.call(this);","","\t// create container","\tthis._container = new Container();","","\t// set up logging","\tthis._container.createAndRegister(\"logger\", winston.Logger, {","\t\ttransports: [","\t\t\tnew (winston.transports.Console)({","\t\t\t\ttimestamp: true,","\t\t\t\tcolorize: true","\t\t\t})","\t\t]","\t});","","\t// non-optional options","\toptions = options || {};","\toptions.requiredPm2Version = REQUIRED_PM2_VERSION;","","\t// parse configuration","\tthis._container.createAndRegister(\"config\", require(__dirname + \"/components/Configuration\"), options);","","\t// web controllers","\tthis._container.createAndRegister(\"homeController\", require(__dirname + \"/routes/Home\"));","","\t// listens for events","\tthis._container.register(\"pm2InterfaceFactory\", require(\"pm2-interface\"));","\tthis._container.createAndRegister(\"pm2Listener\", require(__dirname + \"/components/PM2Listener\"));","","\t// create express","\tthis._express = this._createExpress();","","\t// http(s) server","\tthis._server = this._createServer(this._express);","","\t// web sockets","\tthis._container.createAndRegister(\"webSocketResponder\", require(__dirname + \"/components/WebSocketResponder\"));"," \tthis._container.createAndRegister(\"webSocketServer\", WebSocketServer, {","\t\tserver: this._server,","\t\tpath: \"/ws\"","\t});","","\t// holds host data","\tthis._container.createAndRegister(\"hostList\", require(__dirname + \"/components/ServerHostList\"));","","\t// make errors a little more descriptive","\tprocess.on(\"uncaughtException\", function (exception) {","\t\tthis._container.find(\"logger\").error(\"PM2\", \"Uncaught exception\", exception && exception.stack ? exception.stack : \"No stack trace available\");","","\t\tthrow exception;","\t}.bind(this));","","\t// make sure we shut down cleanly","\tprocess.on(\"SIGINT\", this.stop.bind(this));","","\t// make sure we shut down cleanly","\tprocess.on(\"message\", function(message) {","\t\tif (message == \"shutdown\") {","\t\t\tthis.stop();","\t\t}","\t});","","\t// make sure we shut down cleanly","\tprocess.on(\"exit\", this.stop.bind(this));","};","util.inherits(PM2Web, EventEmitter);","","PM2Web.prototype._route = function(express, controller, url, method) {","\tvar component = this._container.find(controller);","","\texpress[method](url, component[method].bind(component));","};","","PM2Web.prototype._createServer = function(express) {","\tvar config = this._container.find(\"config\");","","\tif(config.get(\"www:ssl:enabled\")) {","\t\tif(config.get(\"www:ssl:upgrade\")) {","\t\t\t// create an app that will redirect all requests to the https version","\t\t\tvar httpsUrl = \"https://\" + config.get(\"www:host\");","","\t\t\tif(config.get(\"www:ssl:port\") != 443) {","\t\t\t\thttpsUrl += \":\" + config.get(\"www:ssl:port\");","\t\t\t}","","\t\t\tvar redirectApp = Express();","\t\t\tredirectApp.get(\"*\",function(request, response){","\t\t\t\tresponse.redirect(httpsUrl + request.url);","\t\t\t});","\t\t\tprocess.nextTick(function() {","\t\t\t\tthis._redirectServer = http.createServer(redirectApp);","\t\t\t\tthis._redirectServer.listen(config.get(\"www:port\"), function() {","\t\t\t\t\tthis._container.find(\"logger\").info(\"PM2Web\", \"HTTP to HTTPS upgrade server listening on port \" + this._redirectServer.address().port);","\t\t\t\t}.bind(this));","\t\t\t}.bind(this));","\t\t}","","\t\treturn https.createServer({","\t\t\tpassphrase: config.get(\"www:ssl:passphrase\"),","\t\t\tkey: fs.readFileSync(config.get(\"www:ssl:key\")),","\t\t\tcert: fs.readFileSync(config.get(\"www:ssl:certificate\"))","\t\t}, this._express);","\t}","","\treturn http.createServer(express);","}","","PM2Web.prototype._createExpress = function() {","\tvar config = this._container.find(\"config\");","\tvar port = config.get(\"www:port\");","","\tif(config.get(\"www:ssl:enabled\")) {","\t\tport = config.get(\"www:ssl:port\");","\t}","","\tvar express = Express();","\texpress.set(\"port\", port);","\texpress.set(\"view engine\", \"jade\");","\texpress.set(\"views\", __dirname + \"/views\");","","\t// create routes","\tthis._route(express, \"homeController\", \"/\", \"get\");","\tthis._route(express, \"homeController\", \"/hosts/:host\", \"get\");","","\tif(config.get(\"www:authentication:enabled\")) {","\t\texpress.use(Express.basicAuth(config.get(\"www:authentication:username\"), config.get(\"www:authentication:password\")));","\t}","","\texpress.use(Express.logger(\"dev\"));","\texpress.use(Express.urlencoded())","\texpress.use(Express.json())","\texpress.use(methodOverride('X-HTTP-Method'));          // Microsoft","\texpress.use(methodOverride('X-HTTP-Method-Override')); // Google/GData, default option","\texpress.use(methodOverride('X-Method-Override'));      // IBM","\texpress.use(express.router);","\texpress.use(Express.static(__dirname + \"/public\"));","","\t// development only","\texpress.use(Express.errorHandler());","","\treturn express;","}","","PM2Web.prototype.setAddress = function(address) {","\tthis._address = address;","};","","PM2Web.prototype.getAddress = function() {","\treturn this._address;","};","","PM2Web.prototype.start = function() {","\tvar config = this._container.find(\"config\");","","\tprocess.nextTick(function() {","\t\tthis._server.listen(this._express.get(\"port\"), config.get(\"www:address\"), function() {","\t\t\tthis._container.find(\"logger\").info(\"Express server listening on \" + this._server.address().address + \":\" + this._server.address().port);","","\t\t\tthis.setAddress(\"http\" + (config.get(\"www:ssl:enabled\") ? \"s\": \"\") + \"://\" + config.get(\"www:host\") + \":\" + this._server.address().port);","","\t\t\tthis.emit(\"start\");","\t\t}.bind(this));","","\t\tif(config.get(\"mdns:enabled\")) {","\t\t\ttry {","\t\t\t\tvar mdns = require(\"mdns2\");","","\t\t\t\tthis._container.find(\"logger\").info(\"Starting MDNS adverisment with name\", this._container.find(\"config\").get(\"mdns:name\"));","","\t\t\t\t// publish via Bonjour","\t\t\t\tthis._advert = mdns.createAdvertisement(mdns.tcp(\"http\"), this._express.get(\"port\"), {","\t\t\t\t\tname: config.get(\"mdns:name\")","\t\t\t\t});","\t\t\t\tthis._advert.start();","\t\t\t} catch(e) {","\t\t\t\tthis._container.find(\"logger\").warn(\"Could not start mdns argument - did mdns2 install correctly?\", e.message);","\t\t\t}","\t\t}","\t}.bind(this));","};","","PM2Web.prototype.stop = function() {","\tvar logger = this._container.find(\"logger\");","\tlogger = console;","","\tlogger.info(\"PM2Web\", \"Shutting down Express\");","\tthis._server.close(function() {","\t\tlogger.info(\"PM2Web\", \"Express shut down.\");","\t});","","\tlogger.info(\"PM2Web\", \"Shutting WebSocket\");","\tthis._container.find(\"webSocketServer\").close();","","\tlogger.info(\"PM2Web\", \"Disconnecting from pm2-interface\");","\tthis._container.find(\"pm2Listener\").close();","","\tif(this._advert) {","\t\tlogger.info(\"PM2Web\", \"Shutting down MDNS Advert\");","\t\tthis._advert.stop();","\t}","","\tif(this._redirectServer) {","\t\tlogger.info(\"PM2Web\", \"Shutting down HTTP to HTTPS upgrade server\");","\t\tthis._redirectServer.close(function() {","\t\t\tlogger.info(\"PM2Web\", \"HTTP to HTTPS upgrade server shut down.\");","\t\t});","\t}","};","","module.exports = PM2Web;",""],"l":{"1":1,"3":1,"13":1,"15":1,"16":1,"19":1,"22":1,"32":1,"33":1,"36":1,"39":1,"42":1,"43":1,"46":1,"49":1,"52":1,"53":1,"59":1,"62":1,"63":0,"65":0,"69":1,"72":1,"73":0,"74":0,"79":1,"81":1,"83":1,"84":2,"86":2,"89":1,"90":1,"92":1,"93":0,"95":0,"97":0,"98":0,"101":0,"102":0,"103":0,"105":0,"106":0,"107":0,"108":0,"113":0,"120":1,"123":1,"124":1,"125":1,"127":1,"128":0,"131":1,"132":1,"133":1,"134":1,"137":1,"138":1,"140":1,"141":0,"144":1,"145":1,"146":1,"147":1,"148":1,"149":1,"150":1,"151":1,"154":1,"156":1,"159":1,"160":1,"163":1,"164":0,"167":1,"168":1,"170":1,"171":1,"172":1,"174":1,"176":1,"179":1,"180":0,"181":0,"183":0,"186":0,"189":0,"191":0,"197":1,"198":0,"199":0,"201":0,"202":0,"203":0,"206":0,"207":0,"209":0,"210":0,"212":0,"213":0,"214":0,"217":0,"218":0,"219":0,"220":0,"225":1}},"/home/travis/build/npmtest/node-npmtest-pm2-web/pm2-web/server/components/Configuration.js":{"path":"/home/travis/build/npmtest/node-npmtest-pm2-web/pm2-web/server/components/Configuration.js","s":{"1":1,"2":1,"3":1,"4":1,"5":1,"6":1,"7":1,"8":1,"9":1,"10":1,"11":1,"12":1,"13":1,"14":0,"15":1,"16":1,"17":1,"18":1,"19":1,"20":0,"21":1,"22":0,"23":1,"24":0,"25":1,"26":1,"27":1,"28":1,"29":1,"30":1,"31":1,"32":0,"33":1,"34":0,"35":1,"36":0,"37":1,"38":1,"39":1,"40":1,"41":0,"42":1,"43":0,"44":0,"45":0,"46":0,"47":0,"48":0,"49":0,"50":1,"51":0,"52":1,"53":1,"54":1,"55":1,"56":1,"57":1,"58":1,"59":1,"60":1,"61":1,"62":1,"63":1,"64":1,"65":0,"66":0,"67":0,"68":0,"69":0,"70":1,"71":12,"72":0,"73":12,"74":12,"75":26,"76":26,"77":0,"78":12,"79":1,"80":1,"81":0,"82":1,"83":1,"84":1,"85":1,"86":0,"87":1,"88":1,"89":1,"90":1,"91":0,"92":0,"93":0,"94":1,"95":0,"96":0,"97":0,"98":0,"99":0,"100":0,"101":0,"102":0,"103":0,"104":0,"105":0,"106":0,"107":0,"108":0,"109":0,"110":0,"111":0,"112":0,"113":0,"114":1,"115":3,"116":1,"117":1,"118":1,"119":0,"120":1,"121":0,"122":1,"123":0,"124":1},"b":{"1":[1,0],"2":[1,0],"3":[0,1],"4":[0,1],"5":[0,1],"6":[0,1],"7":[0,1],"8":[0,1],"9":[0,1],"10":[0,1],"11":[0,0],"12":[0,0],"13":[0,0],"14":[0,1],"15":[1,0],"16":[1,0],"17":[1,0],"18":[1,0],"19":[1,0],"20":[1,0],"21":[1,0],"22":[0,0],"23":[0,0],"24":[0,12],"25":[12,12],"26":[26,0],"27":[26,26],"28":[0,1],"29":[1,1],"30":[0,1],"31":[1,0],"32":[0,0],"33":[0,0],"34":[0,0],"35":[0,0],"36":[0,0],"37":[0,0],"38":[0,0],"39":[0,0],"40":[0,0],"41":[0,0],"42":[0,0],"43":[0,0],"44":[0,0],"45":[0,0],"46":[1,0],"47":[1,0,0,0,0],"48":[0,1],"49":[0,1],"50":[0,1]},"f":{"1":1,"2":0,"3":1,"4":1,"5":1,"6":0,"7":1,"8":0,"9":12,"10":26,"11":1,"12":1,"13":1,"14":0,"15":0,"16":0,"17":3,"18":1},"fnMap":{"1":{"name":"(anonymous_1)","line":11,"loc":{"start":{"line":11,"column":20},"end":{"line":11,"column":38}}},"2":{"name":"(anonymous_2)","line":28,"loc":{"start":{"line":28,"column":28},"end":{"line":28,"column":42}}},"3":{"name":"(anonymous_3)","line":42,"loc":{"start":{"line":42,"column":45},"end":{"line":42,"column":56}}},"4":{"name":"(anonymous_4)","line":61,"loc":{"start":{"line":61,"column":42},"end":{"line":61,"column":53}}},"5":{"name":"(anonymous_5)","line":80,"loc":{"start":{"line":80,"column":42},"end":{"line":80,"column":53}}},"6":{"name":"(anonymous_6)","line":97,"loc":{"start":{"line":97,"column":20},"end":{"line":97,"column":42}}},"7":{"name":"(anonymous_7)","line":120,"loc":{"start":{"line":120,"column":14},"end":{"line":120,"column":29}}},"8":{"name":"(anonymous_8)","line":141,"loc":{"start":{"line":141,"column":36},"end":{"line":141,"column":50}}},"9":{"name":"(anonymous_9)","line":153,"loc":{"start":{"line":153,"column":30},"end":{"line":153,"column":44}}},"10":{"name":"(anonymous_10)","line":160,"loc":{"start":{"line":160,"column":24},"end":{"line":160,"column":43}}},"11":{"name":"(anonymous_11)","line":171,"loc":{"start":{"line":171,"column":30},"end":{"line":171,"column":51}}},"12":{"name":"(anonymous_12)","line":179,"loc":{"start":{"line":179,"column":33},"end":{"line":179,"column":62}}},"13":{"name":"(anonymous_13)","line":188,"loc":{"start":{"line":188,"column":15},"end":{"line":188,"column":41}}},"14":{"name":"(anonymous_14)","line":201,"loc":{"start":{"line":201,"column":36},"end":{"line":201,"column":63}}},"15":{"name":"(anonymous_15)","line":221,"loc":{"start":{"line":221,"column":17},"end":{"line":221,"column":40}}},"16":{"name":"(anonymous_16)","line":231,"loc":{"start":{"line":231,"column":32},"end":{"line":231,"column":46}}},"17":{"name":"(anonymous_17)","line":241,"loc":{"start":{"line":241,"column":36},"end":{"line":241,"column":61}}},"18":{"name":"(anonymous_18)","line":242,"loc":{"start":{"line":242,"column":29},"end":{"line":242,"column":43}}}},"statementMap":{"1":{"start":{"line":1,"column":0},"end":{"line":5,"column":26}},"2":{"start":{"line":7,"column":0},"end":{"line":7,"column":59}},"3":{"start":{"line":8,"column":0},"end":{"line":8,"column":52}},"4":{"start":{"line":9,"column":0},"end":{"line":9,"column":76}},"5":{"start":{"line":11,"column":0},"end":{"line":40,"column":1}},"6":{"start":{"line":12,"column":1},"end":{"line":12,"column":25}},"7":{"start":{"line":15,"column":1},"end":{"line":15,"column":48}},"8":{"start":{"line":18,"column":1},"end":{"line":18,"column":54}},"9":{"start":{"line":21,"column":1},"end":{"line":34,"column":2}},"10":{"start":{"line":22,"column":2},"end":{"line":22,"column":16}},"11":{"start":{"line":23,"column":2},"end":{"line":23,"column":17}},"12":{"start":{"line":26,"column":2},"end":{"line":26,"column":23}},"13":{"start":{"line":28,"column":2},"end":{"line":30,"column":16}},"14":{"start":{"line":29,"column":3},"end":{"line":29,"column":44}},"15":{"start":{"line":33,"column":2},"end":{"line":33,"column":44}},"16":{"start":{"line":37,"column":1},"end":{"line":37,"column":45}},"17":{"start":{"line":39,"column":1},"end":{"line":39,"column":24}},"18":{"start":{"line":42,"column":0},"end":{"line":59,"column":1}},"19":{"start":{"line":44,"column":1},"end":{"line":50,"column":2}},"20":{"start":{"line":45,"column":2},"end":{"line":45,"column":81}},"21":{"start":{"line":46,"column":8},"end":{"line":50,"column":2}},"22":{"start":{"line":47,"column":2},"end":{"line":47,"column":83}},"23":{"start":{"line":48,"column":8},"end":{"line":50,"column":2}},"24":{"start":{"line":49,"column":2},"end":{"line":49,"column":85}},"25":{"start":{"line":53,"column":1},"end":{"line":53,"column":55}},"26":{"start":{"line":54,"column":1},"end":{"line":54,"column":80}},"27":{"start":{"line":55,"column":1},"end":{"line":55,"column":71}},"28":{"start":{"line":57,"column":1},"end":{"line":57,"column":94}},"29":{"start":{"line":58,"column":1},"end":{"line":58,"column":93}},"30":{"start":{"line":61,"column":0},"end":{"line":78,"column":1}},"31":{"start":{"line":63,"column":1},"end":{"line":75,"column":2}},"32":{"start":{"line":66,"column":2},"end":{"line":66,"column":36}},"33":{"start":{"line":67,"column":8},"end":{"line":75,"column":2}},"34":{"start":{"line":70,"column":2},"end":{"line":70,"column":38}},"35":{"start":{"line":71,"column":8},"end":{"line":75,"column":2}},"36":{"start":{"line":74,"column":2},"end":{"line":74,"column":40}},"37":{"start":{"line":77,"column":1},"end":{"line":77,"column":11}},"38":{"start":{"line":80,"column":0},"end":{"line":139,"column":1}},"39":{"start":{"line":81,"column":1},"end":{"line":81,"column":28}},"40":{"start":{"line":83,"column":1},"end":{"line":85,"column":2}},"41":{"start":{"line":84,"column":2},"end":{"line":84,"column":12}},"42":{"start":{"line":90,"column":1},"end":{"line":111,"column":2}},"43":{"start":{"line":91,"column":2},"end":{"line":91,"column":17}},"44":{"start":{"line":93,"column":2},"end":{"line":93,"column":38}},"45":{"start":{"line":94,"column":2},"end":{"line":94,"column":44}},"46":{"start":{"line":95,"column":2},"end":{"line":95,"column":50}},"47":{"start":{"line":97,"column":2},"end":{"line":108,"column":16}},"48":{"start":{"line":98,"column":3},"end":{"line":107,"column":7}},"49":{"start":{"line":110,"column":2},"end":{"line":110,"column":15}},"50":{"start":{"line":113,"column":1},"end":{"line":115,"column":2}},"51":{"start":{"line":114,"column":2},"end":{"line":114,"column":16}},"52":{"start":{"line":117,"column":1},"end":{"line":117,"column":26}},"53":{"start":{"line":120,"column":1},"end":{"line":136,"column":4}},"54":{"start":{"line":121,"column":2},"end":{"line":121,"column":39}},"55":{"start":{"line":122,"column":2},"end":{"line":122,"column":43}},"56":{"start":{"line":123,"column":2},"end":{"line":123,"column":49}},"57":{"start":{"line":125,"column":2},"end":{"line":127,"column":3}},"58":{"start":{"line":126,"column":3},"end":{"line":126,"column":53}},"59":{"start":{"line":129,"column":2},"end":{"line":131,"column":3}},"60":{"start":{"line":130,"column":3},"end":{"line":130,"column":59}},"61":{"start":{"line":133,"column":2},"end":{"line":135,"column":3}},"62":{"start":{"line":134,"column":3},"end":{"line":134,"column":25}},"63":{"start":{"line":138,"column":1},"end":{"line":138,"column":23}},"64":{"start":{"line":141,"column":0},"end":{"line":151,"column":1}},"65":{"start":{"line":142,"column":1},"end":{"line":144,"column":2}},"66":{"start":{"line":143,"column":2},"end":{"line":143,"column":12}},"67":{"start":{"line":146,"column":1},"end":{"line":148,"column":2}},"68":{"start":{"line":147,"column":2},"end":{"line":147,"column":13}},"69":{"start":{"line":150,"column":1},"end":{"line":150,"column":14}},"70":{"start":{"line":153,"column":0},"end":{"line":169,"column":1}},"71":{"start":{"line":154,"column":1},"end":{"line":156,"column":2}},"72":{"start":{"line":155,"column":2},"end":{"line":155,"column":14}},"73":{"start":{"line":158,"column":1},"end":{"line":158,"column":26}},"74":{"start":{"line":160,"column":1},"end":{"line":166,"column":4}},"75":{"start":{"line":161,"column":2},"end":{"line":165,"column":3}},"76":{"start":{"line":162,"column":3},"end":{"line":162,"column":27}},"77":{"start":{"line":164,"column":3},"end":{"line":164,"column":16}},"78":{"st
[...]
art":{"line":50,"column":2},"end":{"line":54,"column":3}},"24":{"start":{"line":51,"column":3},"end":{"line":53,"column":4}},"25":{"start":{"line":52,"column":4},"end":{"line":52,"column":16}},"26":{"start":{"line":56,"column":2},"end":{"line":56,"column":15}},"27":{"start":{"line":60,"column":0},"end":{"line":68,"column":1}},"28":{"start":{"line":61,"column":1},"end":{"line":65,"column":2}},"29":{"start":{"line":62,"column":2},"end":{"line":64,"column":3}},"30":{"start":{"line":63,"column":3},"end":{"line":63,"column":28}},"31":{"start":{"line":67,"column":1},"end":{"line":67,"column":13}},"32":{"start":{"line":70,"column":0},"end":{"line":70,"column":26}}},"branchMap":{"1":{"line":39,"type":"if","locations":[{"start":{"line":39,"column":2},"end":{"line":39,"column":2}},{"start":{"line":39,"column":2},"end":{"line":39,"column":2}}]},"2":{"line":51,"type":"if","locations":[{"start":{"line":51,"column":3},"end":{"line":51,"column":3}},{"start":{"line":51,"column":3},"end":{"line":51,"column":3}}]},"3":{"line":62,"type":"if","locations":[{"start":{"line":62,"column":2},"end":{"line":62,"column":2}},{"start":{"line":62,"column":2},"end":{"line":62,"column":2}}]}},"code":["var ProcessData = require(\"./ProcessData\");","","var HostData = function(data, config) {","\tObject.defineProperty(this, \"_config\", {","\t\tenumerable: false,","\t\tvalue: config","\t});","","\tthis.name = data.name;","\tthis.inspector = data.inspector;","\tthis.pm2 = data.pm2,","\tthis.system = {};","\tthis.processes = [];","};","","HostData.prototype.update = function(data) {","\tthis.lastUpdated = Date.now();","","\t[\"hostname\", \"cpu_count\", \"uptime\", \"time\"].forEach(function(key) {","\t\tthis.system[key] = data.system[key]","\t}.bind(this));","","\tthis.system.load = [","\t\tdata.system.load[0],","\t\tdata.system.load[1],","\t\tdata.system.load[2]","\t];","\tthis.system.memory = {","\t\tfree: data.system.memory.free,","\t\ttotal: data.system.memory.total,","\t\tused: data.system.memory.total - data.system.memory.free","\t};","","\tthis._removeMissingProcesses(data.processes);","","\tdata.processes.forEach(function(reportedProcess) {","\t\tvar existingProcess = this.findProcessById(reportedProcess.id);","","\t\tif(!existingProcess) {","\t\t\texistingProcess = new ProcessData(this._config, reportedProcess);","\t\t\tthis.processes.push(existingProcess);","\t\t}","","\t\texistingProcess.update(reportedProcess, data.system);","\t}.bind(this));","};","","HostData.prototype._removeMissingProcesses = function(reportedProcesses) {","\tthis.processes = this.processes.filter(function(existingProcess) {","\t\tfor(var i = 0; i < reportedProcesses.length; i++) {","\t\t\tif(reportedProcesses[i].name == existingProcess.name) {","\t\t\t\treturn true;","\t\t\t}","\t\t}","","\t\treturn false;","\t});","};","","HostData.prototype.findProcessById = function(id) {","\tfor(var i = 0; i < this.processes.length; i++) {","\t\tif(this.processes[i].id == id) {","\t\t\treturn this.processes[i];","\t\t}","\t}","","\treturn null;","}","","module.exports = HostData;"],"l":{"1":1,"3":1,"4":0,"9":0,"10":0,"11":0,"13":0,"16":1,"17":0,"19":0,"20":0,"23":0,"28":0,"34":0,"36":0,"37":0,"39":0,"40":0,"41":0,"44":0,"48":1,"49":0,"50":0,"51":0,"52":0,"56":0,"60":1,"61":0,"62":0,"63":0,"67":0,"70":1}},"/home/travis/build/npmtest/node-npmtest-pm2-web/pm2-web/common/ProcessData.js":{"path":"/home/travis/build/npmtest/node-npmtest-pm2-web/pm2-web/common/ProcessData.js","s":{"1":1,"2":1,"3":1,"4":0,"5":0,"6":0,"7":0,"8":0,"9":0,"10":0,"11":1,"12":0,"13":0,"14":1,"15":0,"16":0,"17":0,"18":0,"19":0,"20":1,"21":0,"22":0,"23":1,"24":0,"25":0,"26":0,"27":0,"28":1,"29":0,"30":0,"31":0,"32":0,"33":0,"34":1,"35":0,"36":0,"37":0,"38":0,"39":0,"40":0,"41":0,"42":0,"43":0,"44":0,"45":0,"46":0,"47":0,"48":0,"49":0,"50":0,"51":0,"52":0,"53":0,"54":0,"55":0,"56":0,"57":0,"58":0,"59":0,"60":1,"61":0,"62":0,"63":0,"64":0,"65":0,"66":0,"67":0,"68":1,"69":0,"70":0,"71":0,"72":0,"73":0,"74":0,"75":0,"76":0,"77":0,"78":0,"79":0,"80":0,"81":0,"82":0,"83":0,"84":0,"85":0,"86":0,"87":1},"b":{"1":[0,0],"2":[0,0],"3":[0,0],"4":[0,0],"5":[0,0],"6":[0,0],"7":[0,0],"8":[0,0,0],"9":[0,0],"10":[0,0],"11":[0,0],"12":[0,0],"13":[0,0],"14":[0,0],"15":[0,0],"16":[0,0]},"f":{"1":0,"2":0,"3":0,"4":0,"5":0,"6":0,"7":0,"8":0,"9":0,"10":0,"11":0,"12":0,"13":0},"fnMap":{"1":{"name":"(anonymous_1)","line":5,"loc":{"start":{"line":5,"column":18},"end":{"line":5,"column":41}}},"2":{"name":"(anonymous_2)","line":19,"loc":{"start":{"line":19,"column":20},"end":{"line":19,"column":34}}},"3":{"name":"(anonymous_3)","line":27,"loc":{"start":{"line":27,"column":31},"end":{"line":27,"column":54}}},"4":{"name":"(anonymous_4)","line":33,"loc":{"start":{"line":33,"column":28},"end":{"line":33,"column":49}}},"5":{"name":"(anonymous_5)","line":49,"loc":{"start":{"line":49,"column":29},"end":{"line":49,"column":44}}},"6":{"name":"(anonymous_6)","line":50,"loc":{"start":{"line":50,"column":124},"end":{"line":50,"column":138}}},"7":{"name":"(anonymous_7)","line":55,"loc":{"start":{"line":55,"column":32},"end":{"line":55,"column":60}}},"8":{"name":"(anonymous_8)","line":63,"loc":{"start":{"line":63,"column":43},"end":{"line":63,"column":72}}},"9":{"name":"(anonymous_9)","line":81,"loc":{"start":{"line":81,"column":47},"end":{"line":81,"column":68}}},"10":{"name":"(anonymous_10)","line":100,"loc":{"start":{"line":100,"column":14},"end":{"line":100,"column":30}}},"11":{"name":"(anonymous_11)","line":123,"loc":{"start":{"line":123,"column":14},"end":{"line":123,"column":28}}},"12":{"name":"(anonymous_12)","line":132,"loc":{"start":{"line":132,"column":37},"end":{"line":132,"column":82}}},"13":{"name":"(anonymous_13)","line":148,"loc":{"start":{"line":148,"column":34},"end":{"line":148,"column":64}}}},"statementMap":{"1":{"start":{"line":1,"column":0},"end":{"line":1,"column":31}},"2":{"start":{"line":3,"column":0},"end":{"line":3,"column":37}},"3":{"start":{"line":5,"column":0},"end":{"line":25,"column":1}},"4":{"start":{"line":6,"column":1},"end":{"line":9,"column":4}},"5":{"start":{"line":11,"column":1},"end":{"line":14,"column":3}},"6":{"start":{"line":16,"column":1},"end":{"line":16,"column":16}},"7":{"start":{"line":18,"column":1},"end":{"line":22,"column":2}},"8":{"start":{"line":19,"column":2},"end":{"line":21,"column":16}},"9":{"start":{"line":20,"column":3},"end":{"line":20,"column":32}},"10":{"start":{"line":24,"column":1},"end":{"line":24,"column":17}},"11":{"start":{"line":27,"column":0},"end":{"line":31,"column":1}},"12":{"start":{"line":28,"column":1},"end":{"line":28,"column":17}},"13":{"start":{"line":30,"column":1},"end":{"line":30,"column":80}},"14":{"start":{"line":33,"column":0},"end":{"line":47,"column":1}},"15":{"start":{"line":34,"column":1},"end":{"line":36,"column":2}},"16":{"start":{"line":35,"column":2},"end":{"line":35,"column":9}},"17":{"start":{"line":38,"column":1},"end":{"line":41,"column":4}},"18":{"start":{"line":44,"column":1},"end":{"line":46,"column":2}},"19":{"start":{"line":45,"column":2},"end":{"line":45,"column":71}},"20":{"start":{"line":49,"column":0},"end":{"line":53,"column":1}},"21":{"start":{"line":50,"column":1},"end":{"line":52,"column":15}},"22":{"start":{"line":51,"column":2},"end":{"line":51,"column":24}},"23":{"start":{"line":55,"column":0},"end":{"line":61,"column":1}},"24":{"start":{"line":56,"column":1},"end":{"line":56,"column":74}},"25":{"start":{"line":57,"column":1},"end":{"line":57,"column":68}},"26":{"start":{"line":59,"column":1},"end":{"line":59,"column":58}},"27":{"start":{"line":60,"column":1},"end":{"line":60,"column":52}},"28":{"start":{"line":63,"column":0},"end":{"line":79,"column":1}},"29":{"start":{"line":64,"column":1},"end":{"line":64,"column":23}},"30":{"start":{"line":69,"column":1},"end":{"line":73,"column":2}},"31":{"start":{"line":70,"column":2},"end":{"line":70,"column":35}},"32":{"start":{"line":72,"column":2},"end":{"line":72,"column":9}},"33":{"start":{"line":75,"column":1},"end":{"line":78,"column":4}},"34":{"start":{"line":81,"column":0},"end":{"line":130,"column":1}},"35":{"start":{"line":82,"column":1},"end":{"line":82,"column":55}},"36":{"start":{"line":83,"column":1},"end":{"line":83,"column":17}},"37":{"start":{"line":85,"column":1},"end":{"line":85,"column":59}},"38":{"start":{"line":86,"column":1},"end":{"line":86,"column":64}},"39":{"start":{"line":88,"column":1},"end":{"line":90,"column":2}},"40":{"start":{"line":89,"column":2},"end":{"line":89,"column":14}},"41":{"start":{"line":92,"column":1},"end":{"line":92,"column":16}},"42":{"start":{"line":93,"column":1},"end":{"line":93,"column":33}},"43":{"start":{"line":94,"column":1},"end":{"line":94,"column":16}},"44":{"start":{"line":96,"column":1},"end":{"line":96,"column":15}},"45":{"start":{"line":97,"column":1},"end":{"line":97,"column":14}},"46":{"start":{"line":100,"column":1},"end":{"line":115,"column":4}},"47":{"start":{"line":101,"column":2},"end":{"line":104,"column":3}},"48":{"start":{"line":103,"column":3},"end":{"line":103,"column":10}},"49":{"start":{"line":107,"column":2},"end":{"line":107,"column":33}},"50":{"start":{"line":109,"column":2},"end":{"line":114,"column":3}},"51":{"start":{"line":110,"column":3},"end":{"line":110,"column":18}},"52":{"start":{"line":111,"column":3},"end":{"line":111,"column":12}},"53":{"start":{"line":113,"column":3},"end":{"line":113,"column":19}},"54":{"start":{"line":118,"column":1},"end":{"line":120,"column":2}},"55":{"start":{"line":119,"column":2},"end":{"line":119,"column":17}},"56":{"start":{"line":123,"column":1},"end":{"line":127,"column":15}},"57":{"start":{"line":124,"column":2},"end":{"line":124,"column":73}},"58":{"start":{"line":126,"column":2},"end":{"line":126,"column":35}},"59":{"start":{"line":129,"column":1},"end":{"line":129,"column":14}},"60":{"start":{"line":132,"column":0},"end":{"line":146,"column":1}},"61":{"start":{"line":133,"column":1},"end":{"line":135,"column":2}},"62":{"start":{"line":134,"column":2},"end":{"line":134,"column":13}},"63":{"start":{"line":137,"column":1},"end":{"line":137,"column":87}},"64":{"start":{"line":139,"column":1},"end":{"line":141,"column":2}},"65":{"start":{"line":140,"column":2},"end":{"line":140,"column":12}},"66":{"start":{"line":143,"column":1},"end":{"line":143,"column":43}},"67":{"start":{"line":145,"column":1},"end":{"line":145,"column":56}},"68":{"start":{"line":148,"column":0},"end":{"line":184,"column":1}},"69":{"start":{"line":149,"column":1},"end":{"line":149,"column":55}},"70":{"start":{"line":151,"column":1},"end":{"line":151,"column":17}},"71":{"start":{"line":152,"column":1},"end":{"line":152,"column":16}},"72":{"start":{"line":153,"column":1},"end":{"line":153,"column":14}},"73":{"start":{"line":154,"column":1},"end":{"line":154,"column":14}},"74":{"start":{"line":156,"column":1},"end":{"line":181,"column":2}},"75":{"start":{"line":157,"column":2},"end":{"line":157,"column":20}},"76":{"start":{"line":159,"column":2},"end":{"line":170,"column":3}},"77":{"start":{"line":160,"column":3},"end":{"line":162,"column":4}},"78":{"start":{"line":161,"column":4},"end":{"line":161,"column":10}},"79":{"start":{"line":165,"column":3},"end":{"line":165,"column":33}},"80":{"start":{"line":167,"column":3},"end":{"line":167,"column":33}},"81":{"start":{"line":169,"column":3},"end":{"line":169,"column":15}},"82":{"start":{"line":172,"column":2},"end":{"line":172,"column":22}},"83":{"start":{"line":174,"column":2},"end":{"line":177,"column":5}},"84":{"start":{"line":179,"column":2},"end":{"line":179,"column":11}},"85":{"start":{"line":180,"column":2},"end":{"line":180,"column":11}},"86":{"start":{"line":183,"column":1},"end":{"line":183,"column":15}},"87":{"start":{"line":186,"column":0},"end":{"line":186,"column":29}}},"branchMap":{"1":{"line":12,"type":"cond-expr","locations":[{"start":{"line":12,"column":20},"end":{"line":12,"column":34}},{"start":{"line":12,"column":37},"end":{"line":12,"column":39}}]},"2":{"line":13,"type":"cond-expr","locations":[{"start":{"line":13,"column":23},"end":{"line":13,"column":40}},{"start":{"line":13,"column":43},"end":{"line":13,"column":45}}]},"3":{"line":18,"type":"if","locations":[{"start":{"line":18,"column":1},"end":{"line":18,"column":1}},{"start":{"line":18,"column":1},"end":{"line":18,"column":1}}]},"4":{"line":34,"type":"if","locations":[{"start":{"line":34,"column":1},"end":{"line":34,"column":1}},{"start":{"line":34,"column":1},"end":{"line":34,"column":1}}]},"5":{"line":34,"type":"binary-expr","locations":[{"start":{"line":34,"column":4},"end":{"line":34,"column":9}},{"start":{"line":34,"column":13},"end":{"line":34,"column":18}}]},"6":{"line":44,"type":"if","locations":[{"start":{"line":44,"column":1},"end":{"line":44,"column":1}},{"start":{"line":44,"column":1},"end":{"line":44,"column":1}}]},"7":{"line":69,"type":"if","locations":[{"start":{"line":69,"column":1},"end":{"line":69,"column":1}},{"start":{"line":69,"column":1},"end":{"line":69,"column":1}}]},"8":{"line":69,"type":"binary-expr","locations":[{"start":{"line":69,"column":4},"end":{"line":69,"column":20}},{"start":{"line":69,"column":24},"end":{"line":69,"column":60}},{"start":{"line":69,"column":64},"end":{"line":69,"column":100}}]},"9":{"line":88,"type":"if","locations":[{"start":{"line":88,"column":1},"end":{"line":88,"column":1}},{"start":{"line":88,"column":1},"end":{"line":88,"column":1}}]},"10":{"line":101,"type":"if","locations":[{"start":{"line":101,"column":2},"end":{"line":101,"column":2}},{"start":{"line":101,"column":2},"end":{"line":101,"column":2}}]},"11":{"line":109,"type":"if","locations":[{"start":{"line":109,"column":2},"end":{"line":109,"column":2}},{"start":{"line":109,"column":2},"end":{"line":109,"column":2}}]},"12":{"line":109,"type":"binary-expr","locations":[{"start":{"line":109,"column":5},"end":{"line":109,"column":24}},{"start":{"line":109,"column":28},"end":{"line":109,"column":86}}]},"13":{"line":118,"type":"if","locations":[{"start":{"line":118,"column":1},"end":{"line":118,"column":1}},{"start":{"line":118,"column":1},"end":{"line":118,"column":1}}]},"14":{"line":133,"type":"if","locations":[{"start":{"line":133,"column":1},"end":{"line":133,"column":1}},{"start":{"line":133,"column":1},"end":{"line":133,"column":1}}]},"15":{"line":139,"type":"if","locations":[{"start":{"line":139,"column":1},"end":{"line":139,"column":1}},{"start":{"line":139,"column":1},"end":{"line":139,"column":1}}]},"16":{"line":160,"type":"if","locations":[{"start":{"line":160,"column":3},"end":{"line":160,"column":3}},{"start":{"line":160,"column":3},"end":{"line":160,"column":3}}]}},"code":["var Moment = require(\"moment\");","","var MILLISECONDS_IN_A_DAY = 86400000;","","var ProcessData = function(config, data) {","\tObject.defineProperty(this, \"_config\", {","\t\tenumerable: false,","\t\tvalue: config","\t});","","\tthis.usage = {","\t\tcpu: data.usage ? data.usage.cpu : [],","\t\tmemory: data.usage ? data.usage.memory : []","\t};","","\tthis.logs = [];","","\tif(Array.isArray(data.logs)) {","\t\tdata.logs.forEach(function(log) {","\t\t\tthis.log(log.type, log.data);","\t\t}.bind(this));","\t}","","\tthis._map(data);","}","","ProcessData.prototype.update = function(data, system) {","\tthis._map(data);","","\tthis._append((data.memory / system.memory.total) * 100, data.cpu, system.time);","}","","ProcessData.prototype.log = function(type, data) {","\tif(!type || !data) {","\t\treturn;","\t}","","\tthis.logs.push({","\t\ttype: type,","\t\tdata: data","\t});","","\t// rotate logs if necessary","\tif(this.logs.length > this._config.get(\"logs:max\")) {","\t\tthis.logs.splice(0, this.logs.length - this._config.get(\"logs:max\"));","\t}","}","","ProcessData.prototype._map = function(data) {","\t[\"id\", \"pid\", \"name\", \"script\", \"uptime\", \"restarts\", \"status\", \"memory\", \"cpu\", \"reloading\", \"debugPort\", \"mode\"].forEach(function(key) {","\t\tthis[key] = data[key];","\t}.bind(this));","}","","ProcessData.prototype._append = function(memory, cpu, time) {","\tthis.usage.memory = this._compressResourceUsage(this.usage.memory, time);","\tthis.usage.cpu = this._compressResourceUsage(this.usage.cpu, time);","","\tthis._appendIfDifferent(this.usage.memory, memory, time);","\tthis._appendIfDifferent(this.usage.cpu, cpu, time);","}","","ProcessData.prototype._appendIfDifferent = function(array, value, time) {","\tvar rounded = ~~value;","","\t// if the last two datapoints have the same value as the one we're about to add,","\t// don't add a third, just change the date of the last one to be now","\t// x-----x becomes x-----------x instead of x-----x-----x","\tif(array.length > 1 && array[array.length - 1].y == rounded && array[array.length - 2].y == rounded) {","\t\tarray[array.length - 1].x = time;","","\t\treturn;","\t}","","\tarray.push({","\t\tx: time,","\t\ty: rounded","\t});","}","","ProcessData.prototype._compressResourceUsage = function(data, time) {","\tvar datapoints = this._config.get(\"graph:datapoints\");","\tdatapoints -= 1;","","\tvar distribution = this._config.get(\"graph:distribution\");","\tvar maxAgeInDays = distribution.length * MILLISECONDS_IN_A_DAY;","","\tif(data.length < datapoints) {","\t\treturn data;","\t}","","\tvar now = time;","\tvar cutoff = now - maxAgeInDays;","\tvar usage = [];","","\tvar days = [];","\tvar day = [];","","\t// group all data by day","\tdata.forEach(function(datum) {","\t\tif(datum.x < cutoff) {","\t\t\t// ignore anything older than graph:maxAgeInDays","\t\t\treturn;","\t\t}","","\t\t// record date so we can easily compare days","\t\tdatum.date = new Date(datum.x);","","\t\tif(day[day.length - 1] && day[day.length - 1].date.getDate() != datum.date.getDate()) {","\t\t\tdays.push(day);","\t\t\tday = [];","\t\t} else {","\t\t\tday.push(datum);","\t\t}","\t});","","\t// all datapoints were in one day..","\tif(days.length == 0) {","\t\tdays.push(day);","\t}","","\t// compress each days worth of data","\tdays.forEach(function(day) {","\t\tvar compressed = this._compressDay(day, now, datapoints, distribution);","","\t\tusage = usage.concat(compressed);","\t}.bind(this));","","\treturn usage;","}","","ProcessData.prototype._compressDay = function(day, now, datapoints, distribution) {","\tif(day.length == 0) {","\t\treturn day;","\t}","","\tvar dayDifference = Math.floor((now - day[day.length - 1].x) / MILLISECONDS_IN_A_DAY);","","\tif(dayDifference > distribution.length) {","\t\treturn [];","\t}","","\tvar percent = distribution[dayDifference];","","\treturn this._compress(day, (datapoints/100) * percent);","}","","ProcessData.prototype._compress = function(dataSet, maxSamples) {","\tvar sampleSize = Math.ceil(dataSet.length/maxSamples);","","\tvar output = [];","\tvar offset = 0;","\tvar data = 0;","\tvar date = 0;","","\twhile(offset < dataSet.length) {","\t\tvar processed = 0;","","\t\tfor(var i = 0; i < sampleSize; i++) {","\t\t\tif(offset + i == dataSet.length) {","\t\t\t\tbreak;","\t\t\t}","","\t\t\t// might at some point overflow MAX_INT here. won't that be fun.","\t\t\tdate += dataSet[offset + i].x;","","\t\t\tdata += dataSet[offset + i].y;","","\t\t\tprocessed++;","\t\t}","","\t\toffset += processed;","","\t\toutput.push({","\t\t\tx: date / processed,","\t\t\ty: data / processed","\t\t});","","\t\tdata = 0;","\t\tdate = 0;","\t}","","\treturn output;","}","","module.exports = ProcessData;"],"l":{"1":1,"3":1,"5":1,"6":0,"11":0,"16":0,"18":0,"19":0,"20":0,"24":0,"27":1,"28":0,"30":0,"33":1,"34":0,"35":0,"38":0,"44":0,"45":0,"49":1,"50":0,"51":0,"55":1,"56":0,"57":0,"59":0,"60":0,"63":1,"64":0,"69":0,"70":0,"72":0,"75":0,"81":1,"82":0,"83":0,"85":0,"86":0,"88":0,"89":0,"92":0,"93":0,"94":0,"96":0,"97":0,"100":0,"101":0,"103":0,"107":0,"109":0,"110":0,"111":0,"113":0,"118":0,"119":0,"123":0,"124":0,"126":0,"129":0,"132":1,"133":0,"134":0,"137":0,"139":0,"140":0,"143":0,"145":0,"148":1,"149":0,"151":0,"152":0,"153":0,"154":0,"156":0,"157":0,"159":0,"160":0,"161":0,"165":0,"167":0,"169":0,"172":0,"174":0,"179":0,"180":0,"183":0,"186":1}}}